::ffff:127.0.0.1 - - [12/Jul/2016:02:58:22 +0000] "GET /mobius HTTP/1.1" 200 - "-" "-"
::ffff:127.0.0.1 - - [12/Jul/2016:02:58:22 +0000] "GET /mobius?fu=1&ty=25 HTTP/1.1" 404 - "-" "-"
::ffff:127.0.0.1 - - [12/Jul/2016:03:36:19 +0000] "GET /mobius HTTP/1.1" 200 - "-" "-"
::ffff:127.0.0.1 - - [12/Jul/2016:03:36:19 +0000] "GET /mobius?fu=1&ty=25 HTTP/1.1" 404 - "-" "-"
::ffff:127.0.0.1 - - [12/Jul/2016:03:37:36 +0000] "GET /mobius HTTP/1.1" 200 - "-" "-"
::ffff:127.0.0.1 - - [12/Jul/2016:03:37:36 +0000] "GET /mobius?fu=1&ty=25 HTTP/1.1" 404 - "-" "-"
::ffff:127.0.0.1 - - [12/Jul/2016:12:32:19 +0000] "GET /mobius HTTP/1.1" 200 - "-" "-"
::ffff:127.0.0.1 - - [12/Jul/2016:12:32:19 +0000] "GET /mobius?fu=1&ty=25 HTTP/1.1" 404 - "-" "-"
::1 - - [12/Jul/2016:12:32:33 +0000] "GET /mobius/ HTTP/1.1" 200 - "-" "Mozilla/5.0 (Windows NT 10.0; WOW64) AppleWebKit/537.36 (KHTML, like Gecko) Chrome/51.0.2704.103 Safari/537.36"
::1 - - [12/Jul/2016:12:32:35 +0000] "GET /mobius/ HTTP/1.1" 200 - "-" "Mozilla/5.0 (Windows NT 10.0; WOW64) AppleWebKit/537.36 (KHTML, like Gecko) Chrome/51.0.2704.103 Safari/537.36"
::1 - - [12/Jul/2016:12:32:35 +0000] "GET /mobius/ HTTP/1.1" 200 - "-" "Mozilla/5.0 (Windows NT 10.0; WOW64) AppleWebKit/537.36 (KHTML, like Gecko) Chrome/51.0.2704.103 Safari/537.36"
::1 - - [12/Jul/2016:12:32:36 +0000] "GET /mobius/ HTTP/1.1" 200 - "-" "Mozilla/5.0 (Windows NT 10.0; WOW64) AppleWebKit/537.36 (KHTML, like Gecko) Chrome/51.0.2704.103 Safari/537.36"
::1 - - [12/Jul/2016:12:32:36 +0000] "GET /mobius/ HTTP/1.1" 200 - "-" "Mozilla/5.0 (Windows NT 10.0; WOW64) AppleWebKit/537.36 (KHTML, like Gecko) Chrome/51.0.2704.103 Safari/537.36"
::1 - - [12/Jul/2016:12:32:36 +0000] "GET /mobius/ HTTP/1.1" 200 - "-" "Mozilla/5.0 (Windows NT 10.0; WOW64) AppleWebKit/537.36 (KHTML, like Gecko) Chrome/51.0.2704.103 Safari/537.36"
::1 - - [12/Jul/2016:12:32:36 +0000] "GET /mobius/ HTTP/1.1" 200 - "-" "Mozilla/5.0 (Windows NT 10.0; WOW64) AppleWebKit/537.36 (KHTML, like Gecko) Chrome/51.0.2704.103 Safari/537.36"
::1 - - [12/Jul/2016:12:32:42 +0000] "GET /mobius/hgj/ HTTP/1.1" 404 - "-" "Mozilla/5.0 (Windows NT 10.0; WOW64) AppleWebKit/537.36 (KHTML, like Gecko) Chrome/51.0.2704.103 Safari/537.36"
::1 - - [12/Jul/2016:12:32:44 +0000] "GET /mobius/hgj/ HTTP/1.1" 404 - "-" "Mozilla/5.0 (Windows NT 10.0; WOW64) AppleWebKit/537.36 (KHTML, like Gecko) Chrome/51.0.2704.103 Safari/537.36"
::1 - - [12/Jul/2016:12:32:45 +0000] "GET /mobius/hgj/ HTTP/1.1" 404 - "-" "Mozilla/5.0 (Windows NT 10.0; WOW64) AppleWebKit/537.36 (KHTML, like Gecko) Chrome/51.0.2704.103 Safari/537.36"
::1 - - [12/Jul/2016:12:32:45 +0000] "GET /mobius/hgj/ HTTP/1.1" 404 - "-" "Mozilla/5.0 (Windows NT 10.0; WOW64) AppleWebKit/537.36 (KHTML, like Gecko) Chrome/51.0.2704.103 Safari/537.36"
::1 - - [12/Jul/2016:12:32:45 +0000] "GET /mobius/hgj/ HTTP/1.1" 404 - "-" "Mozilla/5.0 (Windows NT 10.0; WOW64) AppleWebKit/537.36 (KHTML, like Gecko) Chrome/51.0.2704.103 Safari/537.36"
::1 - - [12/Jul/2016:12:32:45 +0000] "GET /mobius/hgj/ HTTP/1.1" 404 - "-" "Mozilla/5.0 (Windows NT 10.0; WOW64) AppleWebKit/537.36 (KHTML, like Gecko) Chrome/51.0.2704.103 Safari/537.36"
::1 - - [12/Jul/2016:12:32:45 +0000] "GET /mobius/hgj/ HTTP/1.1" 404 - "-" "Mozilla/5.0 (Windows NT 10.0; WOW64) AppleWebKit/537.36 (KHTML, like Gecko) Chrome/51.0.2704.103 Safari/537.36"
::1 - - [12/Jul/2016:12:32:46 +0000] "GET /mobius/hgj/ HTTP/1.1" 404 - "-" "Mozilla/5.0 (Windows NT 10.0; WOW64) AppleWebKit/537.36 (KHTML, like Gecko) Chrome/51.0.2704.103 Safari/537.36"
::1 - - [12/Jul/2016:12:32:46 +0000] "GET /mobius/hgj/ HTTP/1.1" 404 - "-" "Mozilla/5.0 (Windows NT 10.0; WOW64) AppleWebKit/537.36 (KHTML, like Gecko) Chrome/51.0.2704.103 Safari/537.36"
::1 - - [12/Jul/2016:12:32:46 +0000] "GET /mobius/hgj/ HTTP/1.1" 404 - "-" "Mozilla/5.0 (Windows NT 10.0; WOW64) AppleWebKit/537.36 (KHTML, like Gecko) Chrome/51.0.2704.103 Safari/537.36"
::1 - - [12/Jul/2016:12:32:46 +0000] "GET /mobius/hgj/ HTTP/1.1" 404 - "-" "Mozilla/5.0 (Windows NT 10.0; WOW64) AppleWebKit/537.36 (KHTML, like Gecko) Chrome/51.0.2704.103 Safari/537.36"
::1 - - [12/Jul/2016:12:32:46 +0000] "GET /mobius/hgj/ HTTP/1.1" 404 - "-" "Mozilla/5.0 (Windows NT 10.0; WOW64) AppleWebKit/537.36 (KHTML, like Gecko) Chrome/51.0.2704.103 Safari/537.36"
::1 - - [12/Jul/2016:12:32:47 +0000] "GET /mobius/hgj/ HTTP/1.1" 404 - "-" "Mozilla/5.0 (Windows NT 10.0; WOW64) AppleWebKit/537.36 (KHTML, like Gecko) Chrome/51.0.2704.103 Safari/537.36"
::1 - - [12/Jul/2016:12:32:47 +0000] "GET /mobius/hgj/ HTTP/1.1" 404 - "-" "Mozilla/5.0 (Windows NT 10.0; WOW64) AppleWebKit/537.36 (KHTML, like Gecko) Chrome/51.0.2704.103 Safari/537.36"
::1 - - [12/Jul/2016:12:32:47 +0000] "GET /mobius/hgj/ HTTP/1.1" 404 - "-" "Mozilla/5.0 (Windows NT 10.0; WOW64) AppleWebKit/537.36 (KHTML, like Gecko) Chrome/51.0.2704.103 Safari/537.36"
::1 - - [12/Jul/2016:12:32:47 +0000] "GET /mobius/hgj/ HTTP/1.1" 404 - "-" "Mozilla/5.0 (Windows NT 10.0; WOW64) AppleWebKit/537.36 (KHTML, like Gecko) Chrome/51.0.2704.103 Safari/537.36"
::1 - - [12/Jul/2016:12:32:47 +0000] "GET /mobius/hgj/ HTTP/1.1" 404 - "-" "Mozilla/5.0 (Windows NT 10.0; WOW64) AppleWebKit/537.36 (KHTML, like Gecko) Chrome/51.0.2704.103 Safari/537.36"
::1 - - [12/Jul/2016:12:32:47 +0000] "GET /mobius/hgj/ HTTP/1.1" 404 - "-" "Mozilla/5.0 (Windows NT 10.0; WOW64) AppleWebKit/537.36 (KHTML, like Gecko) Chrome/51.0.2704.103 Safari/537.36"
::1 - - [12/Jul/2016:12:32:48 +0000] "GET /mobius/hgj/ HTTP/1.1" 404 - "-" "Mozilla/5.0 (Windows NT 10.0; WOW64) AppleWebKit/537.36 (KHTML, like Gecko) Chrome/51.0.2704.103 Safari/537.36"
::1 - - [12/Jul/2016:12:32:48 +0000] "GET /mobius/hgj/ HTTP/1.1" 404 - "-" "Mozilla/5.0 (Windows NT 10.0; WOW64) AppleWebKit/537.36 (KHTML, like Gecko) Chrome/51.0.2704.103 Safari/537.36"
::1 - - [12/Jul/2016:12:32:53 +0000] "GET /mobius// HTTP/1.1" 404 - "-" "Mozilla/5.0 (Windows NT 10.0; WOW64) AppleWebKit/537.36 (KHTML, like Gecko) Chrome/51.0.2704.103 Safari/537.36"
::1 - - [12/Jul/2016:12:32:54 +0000] "GET /mobius// HTTP/1.1" 404 - "-" "Mozilla/5.0 (Windows NT 10.0; WOW64) AppleWebKit/537.36 (KHTML, like Gecko) Chrome/51.0.2704.103 Safari/537.36"
::1 - - [12/Jul/2016:12:32:54 +0000] "GET /mobius// HTTP/1.1" 404 - "-" "Mozilla/5.0 (Windows NT 10.0; WOW64) AppleWebKit/537.36 (KHTML, like Gecko) Chrome/51.0.2704.103 Safari/537.36"
::1 - - [12/Jul/2016:12:32:55 +0000] "GET /mobius// HTTP/1.1" 404 - "-" "Mozilla/5.0 (Windows NT 10.0; WOW64) AppleWebKit/537.36 (KHTML, like Gecko) Chrome/51.0.2704.103 Safari/537.36"
::1 - - [12/Jul/2016:12:32:55 +0000] "GET /mobius// HTTP/1.1" 404 - "-" "Mozilla/5.0 (Windows NT 10.0; WOW64) AppleWebKit/537.36 (KHTML, like Gecko) Chrome/51.0.2704.103 Safari/537.36"
::1 - - [12/Jul/2016:12:32:55 +0000] "GET /mobius// HTTP/1.1" 404 - "-" "Mozilla/5.0 (Windows NT 10.0; WOW64) AppleWebKit/537.36 (KHTML, like Gecko) Chrome/51.0.2704.103 Safari/537.36"
::1 - - [12/Jul/2016:12:32:59 +0000] "GET /mobius/ HTTP/1.1" 200 - "-" "Mozilla/5.0 (Windows NT 10.0; WOW64) AppleWebKit/537.36 (KHTML, like Gecko) Chrome/51.0.2704.103 Safari/537.36"
::1 - - [12/Jul/2016:12:33:00 +0000] "GET /mobius/ HTTP/1.1" 200 - "-" "Mozilla/5.0 (Windows NT 10.0; WOW64) AppleWebKit/537.36 (KHTML, like Gecko) Chrome/51.0.2704.103 Safari/537.36"
::1 - - [12/Jul/2016:12:33:00 +0000] "GET /mobius/ HTTP/1.1" 200 - "-" "Mozilla/5.0 (Windows NT 10.0; WOW64) AppleWebKit/537.36 (KHTML, like Gecko) Chrome/51.0.2704.103 Safari/537.36"
::1 - - [12/Jul/2016:12:33:01 +0000] "GET /mobius/ HTTP/1.1" 200 - "-" "Mozilla/5.0 (Windows NT 10.0; WOW64) AppleWebKit/537.36 (KHTML, like Gecko) Chrome/51.0.2704.103 Safari/537.36"
::1 - - [12/Jul/2016:12:33:01 +0000] "GET /mobius/ HTTP/1.1" 200 - "-" "Mozilla/5.0 (Windows NT 10.0; WOW64) AppleWebKit/537.36 (KHTML, like Gecko) Chrome/51.0.2704.103 Safari/537.36"
::1 - - [12/Jul/2016:12:33:01 +0000] "GET /mobius/ HTTP/1.1" 200 - "-" "Mozilla/5.0 (Windows NT 10.0; WOW64) AppleWebKit/537.36 (KHTML, like Gecko) Chrome/51.0.2704.103 Safari/537.36"
::1 - - [12/Jul/2016:12:33:01 +0000] "GET /mobius/ HTTP/1.1" 200 - "-" "Mozilla/5.0 (Windows NT 10.0; WOW64) AppleWebKit/537.36 (KHTML, like Gecko) Chrome/51.0.2704.103 Safari/537.36"
::1 - - [12/Jul/2016:12:33:02 +0000] "GET /mobius/ HTTP/1.1" 200 - "-" "Mozilla/5.0 (Windows NT 10.0; WOW64) AppleWebKit/537.36 (KHTML, like Gecko) Chrome/51.0.2704.103 Safari/537.36"
::1 - - [12/Jul/2016:12:33:04 +0000] "GET /mobius/ HTTP/1.1" 200 - "-" "Mozilla/5.0 (Windows NT 10.0; WOW64) AppleWebKit/537.36 (KHTML, like Gecko) Chrome/51.0.2704.103 Safari/537.36"
::1 - - [12/Jul/2016:12:33:05 +0000] "GET /mobius/ HTTP/1.1" 200 - "-" "Mozilla/5.0 (Windows NT 10.0; WOW64) AppleWebKit/537.36 (KHTML, like Gecko) Chrome/51.0.2704.103 Safari/537.36"
::1 - - [12/Jul/2016:12:33:05 +0000] "GET /mobius/ HTTP/1.1" 200 - "-" "Mozilla/5.0 (Windows NT 10.0; WOW64) AppleWebKit/537.36 (KHTML, like Gecko) Chrome/51.0.2704.103 Safari/537.36"
::1 - - [12/Jul/2016:12:33:05 +0000] "GET /mobius/ HTTP/1.1" 200 - "-" "Mozilla/5.0 (Windows NT 10.0; WOW64) AppleWebKit/537.36 (KHTML, like Gecko) Chrome/51.0.2704.103 Safari/537.36"
::1 - - [12/Jul/2016:12:33:05 +0000] "GET /mobius/ HTTP/1.1" 200 - "-" "Mozilla/5.0 (Windows NT 10.0; WOW64) AppleWebKit/537.36 (KHTML, like Gecko) Chrome/51.0.2704.103 Safari/537.36"
::1 - - [12/Jul/2016:12:33:05 +0000] "GET /mobius/ HTTP/1.1" 200 - "-" "Mozilla/5.0 (Windows NT 10.0; WOW64) AppleWebKit/537.36 (KHTML, like Gecko) Chrome/51.0.2704.103 Safari/537.36"
::1 - - [12/Jul/2016:12:33:06 +0000] "GET /mobius/ HTTP/1.1" 200 - "-" "Mozilla/5.0 (Windows NT 10.0; WOW64) AppleWebKit/537.36 (KHTML, like Gecko) Chrome/51.0.2704.103 Safari/537.36"
::1 - - [12/Jul/2016:12:33:06 +0000] "GET /mobius/ HTTP/1.1" 200 - "-" "Mozilla/5.0 (Windows NT 10.0; WOW64) AppleWebKit/537.36 (KHTML, like Gecko) Chrome/51.0.2704.103 Safari/537.36"
::1 - - [12/Jul/2016:12:33:10 +0000] "GET // HTTP/1.1" 500 - "-" "Mozilla/5.0 (Windows NT 10.0; WOW64) AppleWebKit/537.36 (KHTML, like Gecko) Chrome/51.0.2704.103 Safari/537.36"
::1 - - [12/Jul/2016:12:33:11 +0000] "GET // HTTP/1.1" 500 - "-" "Mozilla/5.0 (Windows NT 10.0; WOW64) AppleWebKit/537.36 (KHTML, like Gecko) Chrome/51.0.2704.103 Safari/537.36"
::1 - - [12/Jul/2016:12:33:12 +0000] "GET // HTTP/1.1" 500 - "-" "Mozilla/5.0 (Windows NT 10.0; WOW64) AppleWebKit/537.36 (KHTML, like Gecko) Chrome/51.0.2704.103 Safari/537.36"
::1 - - [12/Jul/2016:12:33:12 +0000] "GET // HTTP/1.1" 500 - "-" "Mozilla/5.0 (Windows NT 10.0; WOW64) AppleWebKit/537.36 (KHTML, like Gecko) Chrome/51.0.2704.103 Safari/537.36"
::1 - - [12/Jul/2016:12:33:12 +0000] "GET // HTTP/1.1" 500 - "-" "Mozilla/5.0 (Windows NT 10.0; WOW64) AppleWebKit/537.36 (KHTML, like Gecko) Chrome/51.0.2704.103 Safari/537.36"
::ffff:127.0.0.1 - - [12/Jul/2016:12:34:20 +0000] "GET /mobius HTTP/1.1" 200 - "-" "-"
::ffff:127.0.0.1 - - [12/Jul/2016:12:34:20 +0000] "GET /mobius?fu=1&ty=25 HTTP/1.1" 404 - "-" "-"
::1 - - [12/Jul/2016:12:34:24 +0000] "GET / HTTP/1.1" 500 - "-" "Mozilla/5.0 (Windows NT 10.0; WOW64) AppleWebKit/537.36 (KHTML, like Gecko) Chrome/51.0.2704.103 Safari/537.36"
::1 - - [12/Jul/2016:12:34:24 +0000] "GET / HTTP/1.1" 500 - "-" "Mozilla/5.0 (Windows NT 10.0; WOW64) AppleWebKit/537.36 (KHTML, like Gecko) Chrome/51.0.2704.103 Safari/537.36"
::1 - - [12/Jul/2016:12:34:25 +0000] "GET / HTTP/1.1" 500 - "-" "Mozilla/5.0 (Windows NT 10.0; WOW64) AppleWebKit/537.36 (KHTML, like Gecko) Chrome/51.0.2704.103 Safari/537.36"
::1 - - [12/Jul/2016:12:34:25 +0000] "GET / HTTP/1.1" 500 - "-" "Mozilla/5.0 (Windows NT 10.0; WOW64) AppleWebKit/537.36 (KHTML, like Gecko) Chrome/51.0.2704.103 Safari/537.36"
::1 - - [12/Jul/2016:12:34:25 +0000] "GET / HTTP/1.1" 500 - "-" "Mozilla/5.0 (Windows NT 10.0; WOW64) AppleWebKit/537.36 (KHTML, like Gecko) Chrome/51.0.2704.103 Safari/537.36"
::1 - - [12/Jul/2016:12:34:25 +0000] "GET / HTTP/1.1" 500 - "-" "Mozilla/5.0 (Windows NT 10.0; WOW64) AppleWebKit/537.36 (KHTML, like Gecko) Chrome/51.0.2704.103 Safari/537.36"
::1 - - [12/Jul/2016:12:34:25 +0000] "GET / HTTP/1.1" 500 - "-" "Mozilla/5.0 (Windows NT 10.0; WOW64) AppleWebKit/537.36 (KHTML, like Gecko) Chrome/51.0.2704.103 Safari/537.36"
::1 - - [12/Jul/2016:12:34:26 +0000] "GET / HTTP/1.1" 500 - "-" "Mozilla/5.0 (Windows NT 10.0; WOW64) AppleWebKit/537.36 (KHTML, like Gecko) Chrome/51.0.2704.103 Safari/537.36"
::1 - - [12/Jul/2016:12:34:26 +0000] "GET / HTTP/1.1" 500 - "-" "Mozilla/5.0 (Windows NT 10.0; WOW64) AppleWebKit/537.36 (KHTML, like Gecko) Chrome/51.0.2704.103 Safari/537.36"
::1 - - [12/Jul/2016:12:34:26 +0000] "GET / HTTP/1.1" 500 - "-" "Mozilla/5.0 (Windows NT 10.0; WOW64) AppleWebKit/537.36 (KHTML, like Gecko) Chrome/51.0.2704.103 Safari/537.36"
::1 - - [12/Jul/2016:12:34:26 +0000] "GET / HTTP/1.1" 500 - "-" "Mozilla/5.0 (Windows NT 10.0; WOW64) AppleWebKit/537.36 (KHTML, like Gecko) Chrome/51.0.2704.103 Safari/537.36"
::1 - - [12/Jul/2016:12:34:26 +0000] "GET / HTTP/1.1" 500 - "-" "Mozilla/5.0 (Windows NT 10.0; WOW64) AppleWebKit/537.36 (KHTML, like Gecko) Chrome/51.0.2704.103 Safari/537.36"
