::1 - - [12/Mar/2016:15:58:16 +0000] "POST /mobius-yt HTTP/1.1" 409 - "-" "Mozilla/5.0 (Windows NT 10.0; WOW64) AppleWebKit/537.36 (KHTML, like Gecko) Chrome/48.0.2564.116 Safari/537.36"
::1 - - [12/Mar/2016:15:59:04 +0000] "POST /mobius-yt HTTP/1.1" 409 - "-" "Mozilla/5.0 (Windows NT 10.0; WOW64) AppleWebKit/537.36 (KHTML, like Gecko) Chrome/48.0.2564.116 Safari/537.36"
::1 - - [12/Mar/2016:16:09:02 +0000] "POST /mobius-yt HTTP/1.1" 201 - "-" "Mozilla/5.0 (Windows NT 10.0; WOW64) AppleWebKit/537.36 (KHTML, like Gecko) Chrome/48.0.2564.116 Safari/537.36"
::1 - - [12/Mar/2016:16:16:06 +0000] "POST /mobius-yt HTTP/1.1" 201 - "-" "Mozilla/5.0 (Windows NT 10.0; WOW64) AppleWebKit/537.36 (KHTML, like Gecko) Chrome/48.0.2564.116 Safari/537.36"
::1 - - [12/Mar/2016:16:17:22 +0000] "POST /mobius-yt HTTP/1.1" 409 - "-" "Mozilla/5.0 (Windows NT 10.0; WOW64) AppleWebKit/537.36 (KHTML, like Gecko) Chrome/48.0.2564.116 Safari/537.36"
::1 - - [12/Mar/2016:16:17:29 +0000] "POST /mobius-yt HTTP/1.1" 201 - "-" "Mozilla/5.0 (Windows NT 10.0; WOW64) AppleWebKit/537.36 (KHTML, like Gecko) Chrome/48.0.2564.116 Safari/537.36"
::1 - - [12/Mar/2016:16:18:32 +0000] "POST /mobius-yt HTTP/1.1" 400 - "-" "Mozilla/5.0 (Windows NT 10.0; WOW64) AppleWebKit/537.36 (KHTML, like Gecko) Chrome/48.0.2564.116 Safari/537.36"
::1 - - [12/Mar/2016:16:18:33 +0000] "POST /mobius-yt HTTP/1.1" 400 - "-" "Mozilla/5.0 (Windows NT 10.0; WOW64) AppleWebKit/537.36 (KHTML, like Gecko) Chrome/48.0.2564.116 Safari/537.36"
::1 - - [12/Mar/2016:16:18:34 +0000] "POST /mobius-yt HTTP/1.1" 400 - "-" "Mozilla/5.0 (Windows NT 10.0; WOW64) AppleWebKit/537.36 (KHTML, like Gecko) Chrome/48.0.2564.116 Safari/537.36"
::1 - - [12/Mar/2016:16:18:34 +0000] "POST /mobius-yt HTTP/1.1" 400 - "-" "Mozilla/5.0 (Windows NT 10.0; WOW64) AppleWebKit/537.36 (KHTML, like Gecko) Chrome/48.0.2564.116 Safari/537.36"
::1 - - [12/Mar/2016:16:18:35 +0000] "POST /mobius-yt HTTP/1.1" 400 - "-" "Mozilla/5.0 (Windows NT 10.0; WOW64) AppleWebKit/537.36 (KHTML, like Gecko) Chrome/48.0.2564.116 Safari/537.36"
::1 - - [12/Mar/2016:16:18:35 +0000] "POST /mobius-yt HTTP/1.1" 400 - "-" "Mozilla/5.0 (Windows NT 10.0; WOW64) AppleWebKit/537.36 (KHTML, like Gecko) Chrome/48.0.2564.116 Safari/537.36"
::1 - - [12/Mar/2016:16:18:35 +0000] "POST /mobius-yt HTTP/1.1" 400 - "-" "Mozilla/5.0 (Windows NT 10.0; WOW64) AppleWebKit/537.36 (KHTML, like Gecko) Chrome/48.0.2564.116 Safari/537.36"
::1 - - [12/Mar/2016:16:18:36 +0000] "POST /mobius-yt HTTP/1.1" 400 - "-" "Mozilla/5.0 (Windows NT 10.0; WOW64) AppleWebKit/537.36 (KHTML, like Gecko) Chrome/48.0.2564.116 Safari/537.36"
::1 - - [12/Mar/2016:16:18:36 +0000] "POST /mobius-yt HTTP/1.1" 400 - "-" "Mozilla/5.0 (Windows NT 10.0; WOW64) AppleWebKit/537.36 (KHTML, like Gecko) Chrome/48.0.2564.116 Safari/537.36"
::1 - - [12/Mar/2016:16:18:36 +0000] "POST /mobius-yt HTTP/1.1" 400 - "-" "Mozilla/5.0 (Windows NT 10.0; WOW64) AppleWebKit/537.36 (KHTML, like Gecko) Chrome/48.0.2564.116 Safari/537.36"
::1 - - [12/Mar/2016:16:18:36 +0000] "POST /mobius-yt HTTP/1.1" 400 - "-" "Mozilla/5.0 (Windows NT 10.0; WOW64) AppleWebKit/537.36 (KHTML, like Gecko) Chrome/48.0.2564.116 Safari/537.36"
::1 - - [12/Mar/2016:16:18:36 +0000] "POST /mobius-yt HTTP/1.1" 400 - "-" "Mozilla/5.0 (Windows NT 10.0; WOW64) AppleWebKit/537.36 (KHTML, like Gecko) Chrome/48.0.2564.116 Safari/537.36"
::1 - - [12/Mar/2016:16:20:47 +0000] "POST /mobius-yt HTTP/1.1" 400 - "-" "Mozilla/5.0 (Windows NT 10.0; WOW64) AppleWebKit/537.36 (KHTML, like Gecko) Chrome/48.0.2564.116 Safari/537.36"
::1 - - [12/Mar/2016:16:21:00 +0000] "POST /mobius-yt HTTP/1.1" 409 - "-" "Mozilla/5.0 (Windows NT 10.0; WOW64) AppleWebKit/537.36 (KHTML, like Gecko) Chrome/48.0.2564.116 Safari/537.36"
::1 - - [12/Mar/2016:16:21:08 +0000] "POST /mobius-yt HTTP/1.1" 201 - "-" "Mozilla/5.0 (Windows NT 10.0; WOW64) AppleWebKit/537.36 (KHTML, like Gecko) Chrome/48.0.2564.116 Safari/537.36"
::1 - - [12/Mar/2016:16:25:49 +0000] "POST /mobius-yt HTTP/1.1" 409 - "-" "Mozilla/5.0 (Windows NT 10.0; WOW64) AppleWebKit/537.36 (KHTML, like Gecko) Chrome/48.0.2564.116 Safari/537.36"
::1 - - [12/Mar/2016:16:25:56 +0000] "POST /mobius-yt HTTP/1.1" 201 - "-" "Mozilla/5.0 (Windows NT 10.0; WOW64) AppleWebKit/537.36 (KHTML, like Gecko) Chrome/48.0.2564.116 Safari/537.36"
::1 - - [12/Mar/2016:16:40:59 +0000] "POST /mobius-yt HTTP/1.1" 409 - "-" "Mozilla/5.0 (Windows NT 10.0; WOW64) AppleWebKit/537.36 (KHTML, like Gecko) Chrome/48.0.2564.116 Safari/537.36"
::1 - - [12/Mar/2016:16:41:44 +0000] "POST /mobius-yt HTTP/1.1" 409 - "-" "Mozilla/5.0 (Windows NT 10.0; WOW64) AppleWebKit/537.36 (KHTML, like Gecko) Chrome/48.0.2564.116 Safari/537.36"
::1 - - [12/Mar/2016:16:45:11 +0000] "POST /mobius-yt HTTP/1.1" 409 - "-" "Mozilla/5.0 (Windows NT 10.0; WOW64) AppleWebKit/537.36 (KHTML, like Gecko) Chrome/48.0.2564.116 Safari/537.36"
::1 - - [12/Mar/2016:16:46:23 +0000] "POST /mobius-yt HTTP/1.1" 201 - "-" "Mozilla/5.0 (Windows NT 10.0; WOW64) AppleWebKit/537.36 (KHTML, like Gecko) Chrome/48.0.2564.116 Safari/537.36"
::1 - - [12/Mar/2016:16:48:37 +0000] "POST /mobius-yt HTTP/1.1" 409 - "-" "Mozilla/5.0 (Windows NT 10.0; WOW64) AppleWebKit/537.36 (KHTML, like Gecko) Chrome/48.0.2564.116 Safari/537.36"
::1 - - [12/Mar/2016:16:48:42 +0000] "POST /mobius-yt HTTP/1.1" 201 - "-" "Mozilla/5.0 (Windows NT 10.0; WOW64) AppleWebKit/537.36 (KHTML, like Gecko) Chrome/48.0.2564.116 Safari/537.36"
::1 - - [13/Mar/2016:02:21:48 +0000] "POST /mobius-yt HTTP/1.1" 409 - "-" "Mozilla/5.0 (Windows NT 10.0; WOW64) AppleWebKit/537.36 (KHTML, like Gecko) Chrome/48.0.2564.116 Safari/537.36"
::1 - - [13/Mar/2016:02:22:08 +0000] "POST /mobius-yt HTTP/1.1" 201 - "-" "Mozilla/5.0 (Windows NT 10.0; WOW64) AppleWebKit/537.36 (KHTML, like Gecko) Chrome/48.0.2564.116 Safari/537.36"
::1 - - [13/Mar/2016:02:22:34 +0000] "POST /mobius-yt HTTP/1.1" 409 - "-" "Mozilla/5.0 (Windows NT 10.0; WOW64) AppleWebKit/537.36 (KHTML, like Gecko) Chrome/48.0.2564.116 Safari/537.36"
::1 - - [13/Mar/2016:02:22:39 +0000] "POST /mobius-yt HTTP/1.1" 201 - "-" "Mozilla/5.0 (Windows NT 10.0; WOW64) AppleWebKit/537.36 (KHTML, like Gecko) Chrome/48.0.2564.116 Safari/537.36"
::1 - - [13/Mar/2016:02:22:51 +0000] "POST /mobius-yt/ryeubi HTTP/1.1" 400 - "-" "Mozilla/5.0 (Windows NT 10.0; WOW64) AppleWebKit/537.36 (KHTML, like Gecko) Chrome/48.0.2564.116 Safari/537.36"
::1 - - [13/Mar/2016:02:24:02 +0000] "POST /mobius-yt/ryeubi HTTP/1.1" 400 - "-" "Mozilla/5.0 (Windows NT 10.0; WOW64) AppleWebKit/537.36 (KHTML, like Gecko) Chrome/48.0.2564.116 Safari/537.36"
::1 - - [13/Mar/2016:02:24:27 +0000] "POST /mobius-yt/ryeubi HTTP/1.1" 400 - "-" "Mozilla/5.0 (Windows NT 10.0; WOW64) AppleWebKit/537.36 (KHTML, like Gecko) Chrome/48.0.2564.116 Safari/537.36"
::1 - - [13/Mar/2016:02:26:40 +0000] "POST /mobius-yt/ryeubi HTTP/1.1" 400 - "-" "Mozilla/5.0 (Windows NT 10.0; WOW64) AppleWebKit/537.36 (KHTML, like Gecko) Chrome/48.0.2564.116 Safari/537.36"
::1 - - [13/Mar/2016:02:28:03 +0000] "POST /mobius-yt/ryeubi HTTP/1.1" 400 - "-" "Mozilla/5.0 (Windows NT 10.0; WOW64) AppleWebKit/537.36 (KHTML, like Gecko) Chrome/48.0.2564.116 Safari/537.36"
::1 - - [13/Mar/2016:02:29:05 +0000] "POST /mobius-yt/ryeubi HTTP/1.1" 400 - "-" "Mozilla/5.0 (Windows NT 10.0; WOW64) AppleWebKit/537.36 (KHTML, like Gecko) Chrome/48.0.2564.116 Safari/537.36"
::1 - - [13/Mar/2016:02:31:11 +0000] "POST /mobius-yt/ryeubi HTTP/1.1" 400 - "-" "Mozilla/5.0 (Windows NT 10.0; WOW64) AppleWebKit/537.36 (KHTML, like Gecko) Chrome/48.0.2564.116 Safari/537.36"
::1 - - [13/Mar/2016:02:31:15 +0000] "POST /mobius-yt/ryeubi HTTP/1.1" 400 - "-" "Mozilla/5.0 (Windows NT 10.0; WOW64) AppleWebKit/537.36 (KHTML, like Gecko) Chrome/48.0.2564.116 Safari/537.36"
::1 - - [13/Mar/2016:02:31:17 +0000] "POST /mobius-yt/ryeubi HTTP/1.1" 400 - "-" "Mozilla/5.0 (Windows NT 10.0; WOW64) AppleWebKit/537.36 (KHTML, like Gecko) Chrome/48.0.2564.116 Safari/537.36"
::1 - - [13/Mar/2016:02:31:18 +0000] "POST /mobius-yt/ryeubi HTTP/1.1" 400 - "-" "Mozilla/5.0 (Windows NT 10.0; WOW64) AppleWebKit/537.36 (KHTML, like Gecko) Chrome/48.0.2564.116 Safari/537.36"
::1 - - [13/Mar/2016:02:32:12 +0000] "POST /mobius-yt/ryeubi HTTP/1.1" 409 - "-" "Mozilla/5.0 (Windows NT 10.0; WOW64) AppleWebKit/537.36 (KHTML, like Gecko) Chrome/48.0.2564.116 Safari/537.36"
::1 - - [13/Mar/2016:02:32:26 +0000] "POST /mobius-yt/ryeubi HTTP/1.1" 201 - "-" "Mozilla/5.0 (Windows NT 10.0; WOW64) AppleWebKit/537.36 (KHTML, like Gecko) Chrome/48.0.2564.116 Safari/537.36"
::1 - - [13/Mar/2016:02:50:16 +0000] "POST /mobius-yt/ryeubi HTTP/1.1" 409 - "-" "Mozilla/5.0 (Windows NT 10.0; WOW64) AppleWebKit/537.36 (KHTML, like Gecko) Chrome/48.0.2564.116 Safari/537.36"
::1 - - [13/Mar/2016:02:50:23 +0000] "POST /mobius-yt/ryeubi HTTP/1.1" 201 - "-" "Mozilla/5.0 (Windows NT 10.0; WOW64) AppleWebKit/537.36 (KHTML, like Gecko) Chrome/48.0.2564.116 Safari/537.36"
::1 - - [13/Mar/2016:02:56:19 +0000] "GET /mobius-yt/AE_1 HTTP/1.1" - - "-" "Mozilla/5.0 (Windows NT 10.0; WOW64) AppleWebKit/537.36 (KHTML, like Gecko) Chrome/48.0.2564.116 Safari/537.36"
::1 - - [13/Mar/2016:04:52:13 +0000] "GET /mobius-yt/AE_1 HTTP/1.1" - - "-" "Mozilla/5.0 (Windows NT 10.0; WOW64) AppleWebKit/537.36 (KHTML, like Gecko) Chrome/48.0.2564.116 Safari/537.36"
::1 - - [13/Mar/2016:04:59:32 +0000] "GET /mobius-yt/AE_1 HTTP/1.1" - - "-" "Mozilla/5.0 (Windows NT 10.0; WOW64) AppleWebKit/537.36 (KHTML, like Gecko) Chrome/48.0.2564.116 Safari/537.36"
::1 - - [13/Mar/2016:05:15:24 +0000] "GET /mobius-yt/AE_1 HTTP/1.1" 500 - "-" "Mozilla/5.0 (Windows NT 10.0; WOW64) AppleWebKit/537.36 (KHTML, like Gecko) Chrome/48.0.2564.116 Safari/537.36"
::1 - - [13/Mar/2016:05:15:36 +0000] "GET /mobius-yt/AE_1 HTTP/1.1" 500 - "-" "Mozilla/5.0 (Windows NT 10.0; WOW64) AppleWebKit/537.36 (KHTML, like Gecko) Chrome/48.0.2564.116 Safari/537.36"
::1 - - [13/Mar/2016:05:15:54 +0000] "GET /mobius-yt/AE_1 HTTP/1.1" 500 - "-" "Mozilla/5.0 (Windows NT 10.0; WOW64) AppleWebKit/537.36 (KHTML, like Gecko) Chrome/48.0.2564.116 Safari/537.36"
::1 - - [13/Mar/2016:05:15:55 +0000] "GET /mobius-yt/AE_1 HTTP/1.1" 500 - "-" "Mozilla/5.0 (Windows NT 10.0; WOW64) AppleWebKit/537.36 (KHTML, like Gecko) Chrome/48.0.2564.116 Safari/537.36"
::1 - - [13/Mar/2016:05:17:55 +0000] "GET /mobius-yt/ryeubi HTTP/1.1" - - "-" "Mozilla/5.0 (Windows NT 10.0; WOW64) AppleWebKit/537.36 (KHTML, like Gecko) Chrome/48.0.2564.116 Safari/537.36"
::1 - - [13/Mar/2016:05:18:32 +0000] "GET /mobius-yt/ryeubi HTTP/1.1" 200 - "-" "Mozilla/5.0 (Windows NT 10.0; WOW64) AppleWebKit/537.36 (KHTML, like Gecko) Chrome/48.0.2564.116 Safari/537.36"
::1 - - [13/Mar/2016:05:18:35 +0000] "GET /mobius-yt/ryeubi HTTP/1.1" 200 - "-" "Mozilla/5.0 (Windows NT 10.0; WOW64) AppleWebKit/537.36 (KHTML, like Gecko) Chrome/48.0.2564.116 Safari/537.36"
::1 - - [13/Mar/2016:05:18:36 +0000] "GET /mobius-yt/ryeubi HTTP/1.1" 200 - "-" "Mozilla/5.0 (Windows NT 10.0; WOW64) AppleWebKit/537.36 (KHTML, like Gecko) Chrome/48.0.2564.116 Safari/537.36"
::1 - - [13/Mar/2016:05:18:36 +0000] "GET /mobius-yt/ryeubi HTTP/1.1" 200 - "-" "Mozilla/5.0 (Windows NT 10.0; WOW64) AppleWebKit/537.36 (KHTML, like Gecko) Chrome/48.0.2564.116 Safari/537.36"
::1 - - [13/Mar/2016:05:18:36 +0000] "GET /mobius-yt/ryeubi HTTP/1.1" 200 - "-" "Mozilla/5.0 (Windows NT 10.0; WOW64) AppleWebKit/537.36 (KHTML, like Gecko) Chrome/48.0.2564.116 Safari/537.36"
::1 - - [13/Mar/2016:05:18:37 +0000] "GET /mobius-yt/ryeubi HTTP/1.1" 200 - "-" "Mozilla/5.0 (Windows NT 10.0; WOW64) AppleWebKit/537.36 (KHTML, like Gecko) Chrome/48.0.2564.116 Safari/537.36"
::1 - - [13/Mar/2016:05:18:37 +0000] "GET /mobius-yt/ryeubi HTTP/1.1" 200 - "-" "Mozilla/5.0 (Windows NT 10.0; WOW64) AppleWebKit/537.36 (KHTML, like Gecko) Chrome/48.0.2564.116 Safari/537.36"
::1 - - [13/Mar/2016:05:19:58 +0000] "GET /mobius-yt/ryeubi HTTP/1.1" 200 - "-" "Mozilla/5.0 (Windows NT 10.0; WOW64) AppleWebKit/537.36 (KHTML, like Gecko) Chrome/48.0.2564.116 Safari/537.36"
::1 - - [13/Mar/2016:05:22:07 +0000] "GET /mobius-yt/ryeubi/temp2 HTTP/1.1" 200 - "-" "Mozilla/5.0 (Windows NT 10.0; WOW64) AppleWebKit/537.36 (KHTML, like Gecko) Chrome/48.0.2564.116 Safari/537.36"
::1 - - [13/Mar/2016:05:22:16 +0000] "GET /mobius-yt/ryeubi/temp1 HTTP/1.1" 500 - "-" "Mozilla/5.0 (Windows NT 10.0; WOW64) AppleWebKit/537.36 (KHTML, like Gecko) Chrome/48.0.2564.116 Safari/537.36"
::1 - - [13/Mar/2016:05:24:44 +0000] "POST /mobius-yt/ryeubi HTTP/1.1" 409 - "-" "Mozilla/5.0 (Windows NT 10.0; WOW64) AppleWebKit/537.36 (KHTML, like Gecko) Chrome/48.0.2564.116 Safari/537.36"
::1 - - [13/Mar/2016:05:24:50 +0000] "POST /mobius-yt/ryeubi HTTP/1.1" 201 - "-" "Mozilla/5.0 (Windows NT 10.0; WOW64) AppleWebKit/537.36 (KHTML, like Gecko) Chrome/48.0.2564.116 Safari/537.36"
::1 - - [13/Mar/2016:05:24:58 +0000] "GET /mobius-yt/ryeubi/temp4 HTTP/1.1" 200 - "-" "Mozilla/5.0 (Windows NT 10.0; WOW64) AppleWebKit/537.36 (KHTML, like Gecko) Chrome/48.0.2564.116 Safari/537.36"
::1 - - [13/Mar/2016:05:25:03 +0000] "GET /mobius-yt/ryeubi/temp5 HTTP/1.1" 500 - "-" "Mozilla/5.0 (Windows NT 10.0; WOW64) AppleWebKit/537.36 (KHTML, like Gecko) Chrome/48.0.2564.116 Safari/537.36"
::1 - - [13/Mar/2016:05:25:08 +0000] "GET /mobius-yt/ryeubi/temp3 HTTP/1.1" 200 - "-" "Mozilla/5.0 (Windows NT 10.0; WOW64) AppleWebKit/537.36 (KHTML, like Gecko) Chrome/48.0.2564.116 Safari/537.36"
::1 - - [13/Mar/2016:06:21:44 +0000] "GET /mobius-yt/AE_1 HTTP/1.1" 500 - "-" "Mozilla/5.0 (Windows NT 10.0; WOW64) AppleWebKit/537.36 (KHTML, like Gecko) Chrome/48.0.2564.116 Safari/537.36"
::1 - - [13/Mar/2016:06:21:57 +0000] "POST /mobius-yt HTTP/1.1" 201 - "-" "Mozilla/5.0 (Windows NT 10.0; WOW64) AppleWebKit/537.36 (KHTML, like Gecko) Chrome/48.0.2564.116 Safari/537.36"
::1 - - [13/Mar/2016:06:22:02 +0000] "GET /mobius-yt/AE_1 HTTP/1.1" 200 - "-" "Mozilla/5.0 (Windows NT 10.0; WOW64) AppleWebKit/537.36 (KHTML, like Gecko) Chrome/48.0.2564.116 Safari/537.36"
::1 - - [13/Mar/2016:06:35:36 +0000] "GET /mobius-yt/AE_1 HTTP/1.1" 200 - "-" "Mozilla/5.0 (Windows NT 10.0; WOW64) AppleWebKit/537.36 (KHTML, like Gecko) Chrome/48.0.2564.116 Safari/537.36"
::1 - - [13/Mar/2016:06:35:38 +0000] "GET /mobius-yt/AE_1 HTTP/1.1" 200 - "-" "Mozilla/5.0 (Windows NT 10.0; WOW64) AppleWebKit/537.36 (KHTML, like Gecko) Chrome/48.0.2564.116 Safari/537.36"
::1 - - [13/Mar/2016:06:36:54 +0000] "GET /mobius-yt/AE_1/latest HTTP/1.1" 500 - "-" "Mozilla/5.0 (Windows NT 10.0; WOW64) AppleWebKit/537.36 (KHTML, like Gecko) Chrome/48.0.2564.116 Safari/537.36"
::1 - - [13/Mar/2016:06:37:05 +0000] "GET /mobius-yt/AE_1/latest HTTP/1.1" 500 - "-" "Mozilla/5.0 (Windows NT 10.0; WOW64) AppleWebKit/537.36 (KHTML, like Gecko) Chrome/48.0.2564.116 Safari/537.36"
::1 - - [13/Mar/2016:06:37:53 +0000] "GET /mobius-yt/AE_1/latest HTTP/1.1" 500 - "-" "Mozilla/5.0 (Windows NT 10.0; WOW64) AppleWebKit/537.36 (KHTML, like Gecko) Chrome/48.0.2564.116 Safari/537.36"
::1 - - [13/Mar/2016:06:37:54 +0000] "GET /mobius-yt/AE_1/latest HTTP/1.1" 500 - "-" "Mozilla/5.0 (Windows NT 10.0; WOW64) AppleWebKit/537.36 (KHTML, like Gecko) Chrome/48.0.2564.116 Safari/537.36"
::1 - - [13/Mar/2016:06:37:55 +0000] "GET /mobius-yt/AE_1/latest HTTP/1.1" 500 - "-" "Mozilla/5.0 (Windows NT 10.0; WOW64) AppleWebKit/537.36 (KHTML, like Gecko) Chrome/48.0.2564.116 Safari/537.36"
::1 - - [13/Mar/2016:06:37:56 +0000] "GET /mobius-yt/AE_1/latest HTTP/1.1" 500 - "-" "Mozilla/5.0 (Windows NT 10.0; WOW64) AppleWebKit/537.36 (KHTML, like Gecko) Chrome/48.0.2564.116 Safari/537.36"
::1 - - [13/Mar/2016:10:19:04 +0000] "GET /mobius-yt/AE_1 HTTP/1.1" 500 - "-" "Mozilla/5.0 (Windows NT 10.0; WOW64) AppleWebKit/537.36 (KHTML, like Gecko) Chrome/48.0.2564.116 Safari/537.36"
::1 - - [13/Mar/2016:10:20:18 +0000] "GET /mobius-yt/AE_1 HTTP/1.1" 500 - "-" "Mozilla/5.0 (Windows NT 10.0; WOW64) AppleWebKit/537.36 (KHTML, like Gecko) Chrome/48.0.2564.116 Safari/537.36"
::1 - - [13/Mar/2016:10:20:23 +0000] "GET /mobius-yt/AE_1 HTTP/1.1" 500 - "-" "Mozilla/5.0 (Windows NT 10.0; WOW64) AppleWebKit/537.36 (KHTML, like Gecko) Chrome/48.0.2564.116 Safari/537.36"
::1 - - [13/Mar/2016:10:20:42 +0000] "GET /mobius-yt/AE_1 HTTP/1.1" 500 - "-" "Mozilla/5.0 (Windows NT 10.0; WOW64) AppleWebKit/537.36 (KHTML, like Gecko) Chrome/48.0.2564.116 Safari/537.36"
::1 - - [13/Mar/2016:10:22:10 +0000] "GET /mobius-yt/AE_1 HTTP/1.1" 500 - "-" "Mozilla/5.0 (Windows NT 10.0; WOW64) AppleWebKit/537.36 (KHTML, like Gecko) Chrome/48.0.2564.116 Safari/537.36"
::1 - - [13/Mar/2016:10:25:31 +0000] "GET /mobius-yt/AE_1 HTTP/1.1" 200 - "-" "Mozilla/5.0 (Windows NT 10.0; WOW64) AppleWebKit/537.36 (KHTML, like Gecko) Chrome/48.0.2564.116 Safari/537.36"
::1 - - [13/Mar/2016:10:26:57 +0000] "GET /mobius-yt/AE_1 HTTP/1.1" 200 - "-" "Mozilla/5.0 (Windows NT 10.0; WOW64) AppleWebKit/537.36 (KHTML, like Gecko) Chrome/48.0.2564.116 Safari/537.36"
::1 - - [13/Mar/2016:10:27:07 +0000] "POST /mobius-yt HTTP/1.1" 201 - "-" "Mozilla/5.0 (Windows NT 10.0; WOW64) AppleWebKit/537.36 (KHTML, like Gecko) Chrome/48.0.2564.116 Safari/537.36"
::1 - - [13/Mar/2016:11:29:08 +0000] "PUT /mobius-yt/ryeubi HTTP/1.1" 200 - "-" "Mozilla/5.0 (Windows NT 10.0; WOW64) AppleWebKit/537.36 (KHTML, like Gecko) Chrome/48.0.2564.116 Safari/537.36"
::1 - - [13/Mar/2016:11:29:12 +0000] "PUT /mobius-yt/ryeubi HTTP/1.1" 200 - "-" "Mozilla/5.0 (Windows NT 10.0; WOW64) AppleWebKit/537.36 (KHTML, like Gecko) Chrome/48.0.2564.116 Safari/537.36"
::1 - - [13/Mar/2016:11:29:16 +0000] "PUT /mobius-yt/ryeubi HTTP/1.1" 200 - "-" "Mozilla/5.0 (Windows NT 10.0; WOW64) AppleWebKit/537.36 (KHTML, like Gecko) Chrome/48.0.2564.116 Safari/537.36"
::1 - - [13/Mar/2016:11:29:18 +0000] "PUT /mobius-yt/ryeubi HTTP/1.1" 200 - "-" "Mozilla/5.0 (Windows NT 10.0; WOW64) AppleWebKit/537.36 (KHTML, like Gecko) Chrome/48.0.2564.116 Safari/537.36"
::1 - - [13/Mar/2016:11:29:37 +0000] "PUT /mobius-yt/ryeubi HTTP/1.1" 200 - "-" "Mozilla/5.0 (Windows NT 10.0; WOW64) AppleWebKit/537.36 (KHTML, like Gecko) Chrome/48.0.2564.116 Safari/537.36"
::1 - - [13/Mar/2016:11:29:38 +0000] "PUT /mobius-yt/ryeubi HTTP/1.1" 200 - "-" "Mozilla/5.0 (Windows NT 10.0; WOW64) AppleWebKit/537.36 (KHTML, like Gecko) Chrome/48.0.2564.116 Safari/537.36"
::1 - - [13/Mar/2016:11:29:39 +0000] "PUT /mobius-yt/ryeubi HTTP/1.1" 200 - "-" "Mozilla/5.0 (Windows NT 10.0; WOW64) AppleWebKit/537.36 (KHTML, like Gecko) Chrome/48.0.2564.116 Safari/537.36"
::1 - - [13/Mar/2016:11:29:40 +0000] "PUT /mobius-yt/ryeubi HTTP/1.1" 200 - "-" "Mozilla/5.0 (Windows NT 10.0; WOW64) AppleWebKit/537.36 (KHTML, like Gecko) Chrome/48.0.2564.116 Safari/537.36"
::1 - - [13/Mar/2016:11:29:41 +0000] "PUT /mobius-yt/ryeubi HTTP/1.1" 200 - "-" "Mozilla/5.0 (Windows NT 10.0; WOW64) AppleWebKit/537.36 (KHTML, like Gecko) Chrome/48.0.2564.116 Safari/537.36"
::1 - - [13/Mar/2016:11:29:41 +0000] "PUT /mobius-yt/ryeubi HTTP/1.1" 200 - "-" "Mozilla/5.0 (Windows NT 10.0; WOW64) AppleWebKit/537.36 (KHTML, like Gecko) Chrome/48.0.2564.116 Safari/537.36"
::1 - - [13/Mar/2016:11:59:19 +0000] "GET /mobius-yt/AE_1 HTTP/1.1" 200 - "-" "Mozilla/5.0 (Windows NT 10.0; WOW64) AppleWebKit/537.36 (KHTML, like Gecko) Chrome/48.0.2564.116 Safari/537.36"
::1 - - [13/Mar/2016:11:59:22 +0000] "GET /mobius-yt/AE_1 HTTP/1.1" 200 - "-" "Mozilla/5.0 (Windows NT 10.0; WOW64) AppleWebKit/537.36 (KHTML, like Gecko) Chrome/48.0.2564.116 Safari/537.36"
::1 - - [13/Mar/2016:11:59:35 +0000] "PUT /mobius-yt/ryeubi HTTP/1.1" 200 - "-" "Mozilla/5.0 (Windows NT 10.0; WOW64) AppleWebKit/537.36 (KHTML, like Gecko) Chrome/48.0.2564.116 Safari/537.36"
::1 - - [13/Mar/2016:11:59:58 +0000] "PUT /mobius-yt/ryeubi HTTP/1.1" 200 - "-" "Mozilla/5.0 (Windows NT 10.0; WOW64) AppleWebKit/537.36 (KHTML, like Gecko) Chrome/48.0.2564.116 Safari/537.36"
::1 - - [13/Mar/2016:12:00:00 +0000] "PUT /mobius-yt/ryeubi HTTP/1.1" 200 - "-" "Mozilla/5.0 (Windows NT 10.0; WOW64) AppleWebKit/537.36 (KHTML, like Gecko) Chrome/48.0.2564.116 Safari/537.36"
::1 - - [13/Mar/2016:12:03:03 +0000] "PUT /mobius-yt/ryeubi HTTP/1.1" 200 - "-" "Mozilla/5.0 (Windows NT 10.0; WOW64) AppleWebKit/537.36 (KHTML, like Gecko) Chrome/48.0.2564.116 Safari/537.36"
::1 - - [13/Mar/2016:12:03:09 +0000] "PUT /mobius-yt/ryeubi HTTP/1.1" 200 - "-" "Mozilla/5.0 (Windows NT 10.0; WOW64) AppleWebKit/537.36 (KHTML, like Gecko) Chrome/48.0.2564.116 Safari/537.36"
::1 - - [13/Mar/2016:12:03:12 +0000] "PUT /mobius-yt/ryeubi HTTP/1.1" 200 - "-" "Mozilla/5.0 (Windows NT 10.0; WOW64) AppleWebKit/537.36 (KHTML, like Gecko) Chrome/48.0.2564.116 Safari/537.36"
::1 - - [13/Mar/2016:12:04:21 +0000] "GET /mobius-yt/AE_1 HTTP/1.1" 200 - "-" "Mozilla/5.0 (Windows NT 10.0; WOW64) AppleWebKit/537.36 (KHTML, like Gecko) Chrome/48.0.2564.116 Safari/537.36"
::1 - - [13/Mar/2016:12:31:23 +0000] "POST /mobius-yt HTTP/1.1" 409 - "-" "Mozilla/5.0 (Windows NT 10.0; WOW64) AppleWebKit/537.36 (KHTML, like Gecko) Chrome/48.0.2564.116 Safari/537.36"
::1 - - [13/Mar/2016:12:31:31 +0000] "GET /mobius-yt/AE_1 HTTP/1.1" 200 - "-" "Mozilla/5.0 (Windows NT 10.0; WOW64) AppleWebKit/537.36 (KHTML, like Gecko) Chrome/48.0.2564.116 Safari/537.36"
::1 - - [13/Mar/2016:12:31:38 +0000] "PUT /mobius-yt/ryeubi HTTP/1.1" 200 - "-" "Mozilla/5.0 (Windows NT 10.0; WOW64) AppleWebKit/537.36 (KHTML, like Gecko) Chrome/48.0.2564.116 Safari/537.36"
::1 - - [13/Mar/2016:12:51:53 +0000] "DELETE /mobius-yt/AE_1 HTTP/1.1" 202 - "-" "Mozilla/5.0 (Windows NT 10.0; WOW64) AppleWebKit/537.36 (KHTML, like Gecko) Chrome/48.0.2564.116 Safari/537.36"
::1 - - [13/Mar/2016:12:52:00 +0000] "GET /mobius-yt/AE_1 HTTP/1.1" 200 - "-" "Mozilla/5.0 (Windows NT 10.0; WOW64) AppleWebKit/537.36 (KHTML, like Gecko) Chrome/48.0.2564.116 Safari/537.36"
::1 - - [13/Mar/2016:12:53:15 +0000] "DELETE /mobius-yt/AE_1 HTTP/1.1" 202 - "-" "Mozilla/5.0 (Windows NT 10.0; WOW64) AppleWebKit/537.36 (KHTML, like Gecko) Chrome/48.0.2564.116 Safari/537.36"
::1 - - [13/Mar/2016:12:53:23 +0000] "GET /mobius-yt/AE_1 HTTP/1.1" 500 - "-" "Mozilla/5.0 (Windows NT 10.0; WOW64) AppleWebKit/537.36 (KHTML, like Gecko) Chrome/48.0.2564.116 Safari/537.36"
::1 - - [13/Mar/2016:12:53:28 +0000] "DELETE /mobius-yt/AE_1 HTTP/1.1" 500 - "-" "Mozilla/5.0 (Windows NT 10.0; WOW64) AppleWebKit/537.36 (KHTML, like Gecko) Chrome/48.0.2564.116 Safari/537.36"
::1 - - [13/Mar/2016:12:54:27 +0000] "POST /mobius-yt HTTP/1.1" 201 - "-" "Mozilla/5.0 (Windows NT 10.0; WOW64) AppleWebKit/537.36 (KHTML, like Gecko) Chrome/48.0.2564.116 Safari/537.36"
::1 - - [13/Mar/2016:12:54:33 +0000] "DELETE /mobius-yt/AE_1 HTTP/1.1" 202 - "-" "Mozilla/5.0 (Windows NT 10.0; WOW64) AppleWebKit/537.36 (KHTML, like Gecko) Chrome/48.0.2564.116 Safari/537.36"
::1 - - [13/Mar/2016:13:01:38 +0000] "DELETE /mobius-yt/AE_1 HTTP/1.1" 500 - "-" "Mozilla/5.0 (Windows NT 10.0; WOW64) AppleWebKit/537.36 (KHTML, like Gecko) Chrome/48.0.2564.116 Safari/537.36"
::1 - - [13/Mar/2016:13:01:42 +0000] "POST /mobius-yt HTTP/1.1" 201 - "-" "Mozilla/5.0 (Windows NT 10.0; WOW64) AppleWebKit/537.36 (KHTML, like Gecko) Chrome/48.0.2564.116 Safari/537.36"
::1 - - [13/Mar/2016:13:01:49 +0000] "DELETE /mobius-yt/AE_1 HTTP/1.1" 202 - "-" "Mozilla/5.0 (Windows NT 10.0; WOW64) AppleWebKit/537.36 (KHTML, like Gecko) Chrome/48.0.2564.116 Safari/537.36"
::1 - - [13/Mar/2016:13:01:53 +0000] "POST /mobius-yt HTTP/1.1" 201 - "-" "Mozilla/5.0 (Windows NT 10.0; WOW64) AppleWebKit/537.36 (KHTML, like Gecko) Chrome/48.0.2564.116 Safari/537.36"
::1 - - [13/Mar/2016:13:01:57 +0000] "GET /mobius-yt/AE_1 HTTP/1.1" 200 - "-" "Mozilla/5.0 (Windows NT 10.0; WOW64) AppleWebKit/537.36 (KHTML, like Gecko) Chrome/48.0.2564.116 Safari/537.36"
::1 - - [13/Mar/2016:13:02:05 +0000] "PUT /mobius-yt/ryeubi HTTP/1.1" 200 - "-" "Mozilla/5.0 (Windows NT 10.0; WOW64) AppleWebKit/537.36 (KHTML, like Gecko) Chrome/48.0.2564.116 Safari/537.36"
::1 - - [13/Mar/2016:13:02:13 +0000] "PUT /mobius-yt/ryeubi HTTP/1.1" 200 - "-" "Mozilla/5.0 (Windows NT 10.0; WOW64) AppleWebKit/537.36 (KHTML, like Gecko) Chrome/48.0.2564.116 Safari/537.36"
::1 - - [13/Mar/2016:13:02:14 +0000] "PUT /mobius-yt/ryeubi HTTP/1.1" 200 - "-" "Mozilla/5.0 (Windows NT 10.0; WOW64) AppleWebKit/537.36 (KHTML, like Gecko) Chrome/48.0.2564.116 Safari/537.36"
::1 - - [13/Mar/2016:13:02:15 +0000] "PUT /mobius-yt/ryeubi HTTP/1.1" 200 - "-" "Mozilla/5.0 (Windows NT 10.0; WOW64) AppleWebKit/537.36 (KHTML, like Gecko) Chrome/48.0.2564.116 Safari/537.36"
::1 - - [13/Mar/2016:13:02:16 +0000] "PUT /mobius-yt/ryeubi HTTP/1.1" 200 - "-" "Mozilla/5.0 (Windows NT 10.0; WOW64) AppleWebKit/537.36 (KHTML, like Gecko) Chrome/48.0.2564.116 Safari/537.36"
::1 - - [13/Mar/2016:13:02:17 +0000] "PUT /mobius-yt/ryeubi HTTP/1.1" 200 - "-" "Mozilla/5.0 (Windows NT 10.0; WOW64) AppleWebKit/537.36 (KHTML, like Gecko) Chrome/48.0.2564.116 Safari/537.36"
