::1 - - [03/Apr/2016:15:24:30 +0000] "POST /mobius-yt/onem2mcar/light HTTP/1.1" 404 - "-" "Mozilla/5.0 (Windows NT 10.0; WOW64) AppleWebKit/537.36 (KHTML, like Gecko) Chrome/49.0.2623.110 Safari/537.36"
::1 - - [03/Apr/2016:15:24:38 +0000] "PUT /mobius-yt/ryeubi/ss_11_ctrl/sub_2 HTTP/1.1" 404 - "-" "Mozilla/5.0 (Windows NT 10.0; WOW64) AppleWebKit/537.36 (KHTML, like Gecko) Chrome/49.0.2623.110 Safari/537.36"
::1 - - [03/Apr/2016:15:24:41 +0000] "GET /mobius-yt/ryeubi2/cnt_2/sub_4 HTTP/1.1" 200 - "-" "Mozilla/5.0 (Windows NT 10.0; WOW64) AppleWebKit/537.36 (KHTML, like Gecko) Chrome/49.0.2623.110 Safari/537.36"
::ffff:127.0.0.1 - - [04/Apr/2016:04:29:14 +0000] "GET /mobius-yt HTTP/1.1" 200 - "-" "-"
::ffff:127.0.0.1 - - [04/Apr/2016:04:29:15 +0000] "GET /mobius-yt?fu=1&ty=25 HTTP/1.1" 200 - "-" "-"
::1 - - [04/Apr/2016:04:29:31 +0000] "GET /mobius-yt HTTP/1.1" 200 - "-" "Mozilla/5.0 (Windows NT 10.0; WOW64) AppleWebKit/537.36 (KHTML, like Gecko) Chrome/49.0.2623.110 Safari/537.36"
::1 - - [04/Apr/2016:04:29:38 +0000] "GET /mobius-yt/seahorse/cnt_2?cra=20151006T074218 HTTP/1.1" 404 - "-" "Mozilla/5.0 (Windows NT 10.0; WOW64) AppleWebKit/537.36 (KHTML, like Gecko) Chrome/49.0.2623.110 Safari/537.36"
::1 - - [04/Apr/2016:04:29:48 +0000] "GET /mobius-yt/seahorse/cnt_2?cra=20161006T074218 HTTP/1.1" 404 - "-" "Mozilla/5.0 (Windows NT 10.0; WOW64) AppleWebKit/537.36 (KHTML, like Gecko) Chrome/49.0.2623.110 Safari/537.36"
::1 - - [04/Apr/2016:04:30:13 +0000] "GET /mobius-yt?cra=20151006T074218 HTTP/1.1" 500 - "-" "Mozilla/5.0 (Windows NT 10.0; WOW64) AppleWebKit/537.36 (KHTML, like Gecko) Chrome/49.0.2623.110 Safari/537.36"
::1 - - [04/Apr/2016:05:09:11 +0000] "GET /mobius-yt?cra=20151006T074218 HTTP/1.1" 200 - "-" "Mozilla/5.0 (Windows NT 10.0; WOW64) AppleWebKit/537.36 (KHTML, like Gecko) Chrome/49.0.2623.110 Safari/537.36"
::1 - - [04/Apr/2016:05:09:33 +0000] "GET /mobius-yt?fu=1&cra=20151006T074218 HTTP/1.1" 200 - "-" "Mozilla/5.0 (Windows NT 10.0; WOW64) AppleWebKit/537.36 (KHTML, like Gecko) Chrome/49.0.2623.110 Safari/537.36"
::1 - - [04/Apr/2016:06:35:03 +0000] "GET /mobius-yt/seahorse/cnt_2?cra=20151006T074218 HTTP/1.1" 404 - "-" "Mozilla/5.0 (Windows NT 10.0; WOW64) AppleWebKit/537.36 (KHTML, like Gecko) Chrome/49.0.2623.110 Safari/537.36"
::1 - - [04/Apr/2016:06:35:16 +0000] "GET /mobius-yt?cra=20151006T074218 HTTP/1.1" 200 - "-" "Mozilla/5.0 (Windows NT 10.0; WOW64) AppleWebKit/537.36 (KHTML, like Gecko) Chrome/49.0.2623.110 Safari/537.36"
::1 - - [04/Apr/2016:06:37:16 +0000] "GET /mobius-yt/AE_1/container_1/latest HTTP/1.1" 404 - "-" "Mozilla/5.0 (Windows NT 10.0; WOW64) AppleWebKit/537.36 (KHTML, like Gecko) Chrome/49.0.2623.110 Safari/537.36"
::1 - - [04/Apr/2016:06:37:19 +0000] "GET /mobius-yt/ryeubi2/cnt_2/sub_4 HTTP/1.1" 200 - "-" "Mozilla/5.0 (Windows NT 10.0; WOW64) AppleWebKit/537.36 (KHTML, like Gecko) Chrome/49.0.2623.110 Safari/537.36"
::1 - - [04/Apr/2016:06:38:43 +0000] "GET /mobius-yt?fu=1&cra=20151006T074218 HTTP/1.1" 200 - "-" "Mozilla/5.0 (Windows NT 10.0; WOW64) AppleWebKit/537.36 (KHTML, like Gecko) Chrome/49.0.2623.110 Safari/537.36"
::1 - - [04/Apr/2016:06:42:58 +0000] "GET /mobius-yt HTTP/1.1" 200 - "-" "Mozilla/5.0 (Windows NT 10.0; WOW64) AppleWebKit/537.36 (KHTML, like Gecko) Chrome/49.0.2623.110 Safari/537.36"
::1 - - [04/Apr/2016:06:43:38 +0000] "POST /mobius-yt HTTP/1.1" 409 - "-" "Mozilla/5.0 (Windows NT 10.0; WOW64) AppleWebKit/537.36 (KHTML, like Gecko) Chrome/49.0.2623.110 Safari/537.36"
::1 - - [04/Apr/2016:06:43:46 +0000] "POST /mobius-yt HTTP/1.1" 201 - "-" "Mozilla/5.0 (Windows NT 10.0; WOW64) AppleWebKit/537.36 (KHTML, like Gecko) Chrome/49.0.2623.110 Safari/537.36"
::1 - - [04/Apr/2016:06:44:14 +0000] "GET /mobius-yt/ryeubi4 HTTP/1.1" 403 - "-" "Mozilla/5.0 (Windows NT 10.0; WOW64) AppleWebKit/537.36 (KHTML, like Gecko) Chrome/49.0.2623.110 Safari/537.36"
::1 - - [04/Apr/2016:09:00:07 +0000] "GET /mobius-yt/ryeubi4 HTTP/1.1" 403 - "-" "Mozilla/5.0 (Windows NT 10.0; WOW64) AppleWebKit/537.36 (KHTML, like Gecko) Chrome/49.0.2623.110 Safari/537.36"
::1 - - [04/Apr/2016:09:00:12 +0000] "GET /mobius-yt HTTP/1.1" 200 - "-" "Mozilla/5.0 (Windows NT 10.0; WOW64) AppleWebKit/537.36 (KHTML, like Gecko) Chrome/49.0.2623.110 Safari/537.36"
::1 - - [04/Apr/2016:09:00:33 +0000] "GET /mobius-yt HTTP/1.1" 200 - "-" "Mozilla/5.0 (Windows NT 10.0; WOW64) AppleWebKit/537.36 (KHTML, like Gecko) Chrome/49.0.2623.110 Safari/537.36"
::1 - - [04/Apr/2016:09:00:40 +0000] "GET /mobius-yt HTTP/1.1" 200 - "-" "Mozilla/5.0 (Windows NT 10.0; WOW64) AppleWebKit/537.36 (KHTML, like Gecko) Chrome/49.0.2623.110 Safari/537.36"
::1 - - [04/Apr/2016:09:04:28 +0000] "GET /mobius-yt HTTP/1.1" 200 - "-" "Mozilla/5.0 (Windows NT 10.0; WOW64) AppleWebKit/537.36 (KHTML, like Gecko) Chrome/49.0.2623.110 Safari/537.36"
::1 - - [04/Apr/2016:09:04:41 +0000] "GET /mobius-yt HTTP/1.1" 200 - "-" "Mozilla/5.0 (Windows NT 10.0; WOW64) AppleWebKit/537.36 (KHTML, like Gecko) Chrome/49.0.2623.110 Safari/537.36"
::1 - - [04/Apr/2016:09:05:01 +0000] "GET /mobius-yt HTTP/1.1" 200 - "-" "Mozilla/5.0 (Windows NT 10.0; WOW64) AppleWebKit/537.36 (KHTML, like Gecko) Chrome/49.0.2623.110 Safari/537.36"
::1 - - [04/Apr/2016:09:05:36 +0000] "GET /mobius-yt HTTP/1.1" 200 - "-" "Mozilla/5.0 (Windows NT 10.0; WOW64) AppleWebKit/537.36 (KHTML, like Gecko) Chrome/49.0.2623.110 Safari/537.36"
::1 - - [04/Apr/2016:09:05:47 +0000] "GET /mobius-yt HTTP/1.1" 200 - "-" "Mozilla/5.0 (Windows NT 10.0; WOW64) AppleWebKit/537.36 (KHTML, like Gecko) Chrome/49.0.2623.110 Safari/537.36"
::1 - - [04/Apr/2016:09:06:04 +0000] "GET /mobius-yt HTTP/1.1" 200 - "-" "Mozilla/5.0 (Windows NT 10.0; WOW64) AppleWebKit/537.36 (KHTML, like Gecko) Chrome/49.0.2623.110 Safari/537.36"
::1 - - [04/Apr/2016:09:06:11 +0000] "GET /mobius-yt HTTP/1.1" 200 - "-" "Mozilla/5.0 (Windows NT 10.0; WOW64) AppleWebKit/537.36 (KHTML, like Gecko) Chrome/49.0.2623.110 Safari/537.36"
::ffff:127.0.0.1 - - [04/Apr/2016:09:07:14 +0000] "GET /mobius-yt HTTP/1.1" 200 - "-" "-"
::ffff:127.0.0.1 - - [04/Apr/2016:09:07:14 +0000] "GET /mobius-yt?fu=1&ty=25 HTTP/1.1" 200 - "-" "-"
