::1 - - [15/Mar/2016:17:03:59 +0000] "POST /mobius-yt HTTP/1.1" 500 - "-" "Mozilla/5.0 (Windows NT 10.0; WOW64) AppleWebKit/537.36 (KHTML, like Gecko) Chrome/49.0.2623.87 Safari/537.36"
::1 - - [15/Mar/2016:17:05:31 +0000] "POST /mobius-yt HTTP/1.1" 409 - "-" "Mozilla/5.0 (Windows NT 10.0; WOW64) AppleWebKit/537.36 (KHTML, like Gecko) Chrome/49.0.2623.87 Safari/537.36"
::1 - - [15/Mar/2016:17:06:30 +0000] "POST /mobius-yt HTTP/1.1" 500 - "-" "Mozilla/5.0 (Windows NT 10.0; WOW64) AppleWebKit/537.36 (KHTML, like Gecko) Chrome/49.0.2623.87 Safari/537.36"
::1 - - [15/Mar/2016:17:06:43 +0000] "POST /mobius-yt HTTP/1.1" 409 - "-" "Mozilla/5.0 (Windows NT 10.0; WOW64) AppleWebKit/537.36 (KHTML, like Gecko) Chrome/49.0.2623.87 Safari/537.36"
::1 - - [15/Mar/2016:17:09:31 +0000] "POST /mobius-yt HTTP/1.1" 500 - "-" "Mozilla/5.0 (Windows NT 10.0; WOW64) AppleWebKit/537.36 (KHTML, like Gecko) Chrome/49.0.2623.87 Safari/537.36"
::1 - - [15/Mar/2016:17:09:34 +0000] "POST /mobius-yt HTTP/1.1" 409 - "-" "Mozilla/5.0 (Windows NT 10.0; WOW64) AppleWebKit/537.36 (KHTML, like Gecko) Chrome/49.0.2623.87 Safari/537.36"
::1 - - [15/Mar/2016:17:09:47 +0000] "POST /mobius-yt HTTP/1.1" 201 - "-" "Mozilla/5.0 (Windows NT 10.0; WOW64) AppleWebKit/537.36 (KHTML, like Gecko) Chrome/49.0.2623.87 Safari/537.36"
::1 - - [15/Mar/2016:17:10:04 +0000] "GET /mobius-yt/csr3 HTTP/1.1" 200 - "-" "Mozilla/5.0 (Windows NT 10.0; WOW64) AppleWebKit/537.36 (KHTML, like Gecko) Chrome/49.0.2623.87 Safari/537.36"
::1 - - [15/Mar/2016:17:10:28 +0000] "PUT /mobius-yt/csr3 HTTP/1.1" 200 - "-" "Mozilla/5.0 (Windows NT 10.0; WOW64) AppleWebKit/537.36 (KHTML, like Gecko) Chrome/49.0.2623.87 Safari/537.36"
::1 - - [15/Mar/2016:17:10:40 +0000] "DELETE /mobius-yt/csr3 HTTP/1.1" 202 - "-" "Mozilla/5.0 (Windows NT 10.0; WOW64) AppleWebKit/537.36 (KHTML, like Gecko) Chrome/49.0.2623.87 Safari/537.36"
::1 - - [15/Mar/2016:17:10:52 +0000] "GET /mobius-yt/csr3 HTTP/1.1" 500 - "-" "Mozilla/5.0 (Windows NT 10.0; WOW64) AppleWebKit/537.36 (KHTML, like Gecko) Chrome/49.0.2623.87 Safari/537.36"
::1 - - [15/Mar/2016:17:11:00 +0000] "GET /mobius-yt HTTP/1.1" 200 - "-" "Mozilla/5.0 (Windows NT 10.0; WOW64) AppleWebKit/537.36 (KHTML, like Gecko) Chrome/49.0.2623.87 Safari/537.36"
::1 - - [15/Mar/2016:17:11:36 +0000] "DELETE /mobius-yt/ryeubi HTTP/1.1" 202 - "-" "Mozilla/5.0 (Windows NT 10.0; WOW64) AppleWebKit/537.36 (KHTML, like Gecko) Chrome/49.0.2623.87 Safari/537.36"
::1 - - [15/Mar/2016:17:11:39 +0000] "DELETE /mobius-yt/ryeubi1 HTTP/1.1" 500 - "-" "Mozilla/5.0 (Windows NT 10.0; WOW64) AppleWebKit/537.36 (KHTML, like Gecko) Chrome/49.0.2623.87 Safari/537.36"
::1 - - [15/Mar/2016:17:11:42 +0000] "DELETE /mobius-yt/ryeubi2 HTTP/1.1" 500 - "-" "Mozilla/5.0 (Windows NT 10.0; WOW64) AppleWebKit/537.36 (KHTML, like Gecko) Chrome/49.0.2623.87 Safari/537.36"
::1 - - [15/Mar/2016:17:11:45 +0000] "DELETE /mobius-yt/ryeubi3 HTTP/1.1" 500 - "-" "Mozilla/5.0 (Windows NT 10.0; WOW64) AppleWebKit/537.36 (KHTML, like Gecko) Chrome/49.0.2623.87 Safari/537.36"
::1 - - [15/Mar/2016:17:11:48 +0000] "DELETE /mobius-yt/ryeubi4 HTTP/1.1" 500 - "-" "Mozilla/5.0 (Windows NT 10.0; WOW64) AppleWebKit/537.36 (KHTML, like Gecko) Chrome/49.0.2623.87 Safari/537.36"
::1 - - [15/Mar/2016:17:11:51 +0000] "DELETE /mobius-yt/ryeubi5 HTTP/1.1" 500 - "-" "Mozilla/5.0 (Windows NT 10.0; WOW64) AppleWebKit/537.36 (KHTML, like Gecko) Chrome/49.0.2623.87 Safari/537.36"
::1 - - [15/Mar/2016:17:11:54 +0000] "DELETE /mobius-yt/ryeubi6 HTTP/1.1" 500 - "-" "Mozilla/5.0 (Windows NT 10.0; WOW64) AppleWebKit/537.36 (KHTML, like Gecko) Chrome/49.0.2623.87 Safari/537.36"
::1 - - [15/Mar/2016:17:11:57 +0000] "DELETE /mobius-yt/ryeubi7 HTTP/1.1" 500 - "-" "Mozilla/5.0 (Windows NT 10.0; WOW64) AppleWebKit/537.36 (KHTML, like Gecko) Chrome/49.0.2623.87 Safari/537.36"
::1 - - [15/Mar/2016:17:12:01 +0000] "DELETE /mobius-yt/ryeubi8 HTTP/1.1" 202 - "-" "Mozilla/5.0 (Windows NT 10.0; WOW64) AppleWebKit/537.36 (KHTML, like Gecko) Chrome/49.0.2623.87 Safari/537.36"
::1 - - [15/Mar/2016:17:12:04 +0000] "DELETE /mobius-yt/ryeubi9 HTTP/1.1" 202 - "-" "Mozilla/5.0 (Windows NT 10.0; WOW64) AppleWebKit/537.36 (KHTML, like Gecko) Chrome/49.0.2623.87 Safari/537.36"
::1 - - [15/Mar/2016:17:12:08 +0000] "DELETE /mobius-yt/ryeubi10 HTTP/1.1" 202 - "-" "Mozilla/5.0 (Windows NT 10.0; WOW64) AppleWebKit/537.36 (KHTML, like Gecko) Chrome/49.0.2623.87 Safari/537.36"
::1 - - [15/Mar/2016:17:12:11 +0000] "DELETE /mobius-yt/ryeubi11 HTTP/1.1" 202 - "-" "Mozilla/5.0 (Windows NT 10.0; WOW64) AppleWebKit/537.36 (KHTML, like Gecko) Chrome/49.0.2623.87 Safari/537.36"
::1 - - [15/Mar/2016:17:12:13 +0000] "DELETE /mobius-yt/ryeubi12 HTTP/1.1" 500 - "-" "Mozilla/5.0 (Windows NT 10.0; WOW64) AppleWebKit/537.36 (KHTML, like Gecko) Chrome/49.0.2623.87 Safari/537.36"
::1 - - [15/Mar/2016:17:12:16 +0000] "DELETE /mobius-yt/ryeubi13 HTTP/1.1" 202 - "-" "Mozilla/5.0 (Windows NT 10.0; WOW64) AppleWebKit/537.36 (KHTML, like Gecko) Chrome/49.0.2623.87 Safari/537.36"
::1 - - [15/Mar/2016:17:12:19 +0000] "DELETE /mobius-yt/ryeubi14 HTTP/1.1" 500 - "-" "Mozilla/5.0 (Windows NT 10.0; WOW64) AppleWebKit/537.36 (KHTML, like Gecko) Chrome/49.0.2623.87 Safari/537.36"
::1 - - [15/Mar/2016:17:12:22 +0000] "DELETE /mobius-yt/ryeubi15 HTTP/1.1" 500 - "-" "Mozilla/5.0 (Windows NT 10.0; WOW64) AppleWebKit/537.36 (KHTML, like Gecko) Chrome/49.0.2623.87 Safari/537.36"
::1 - - [15/Mar/2016:17:12:25 +0000] "DELETE /mobius-yt/ryeubi16 HTTP/1.1" 500 - "-" "Mozilla/5.0 (Windows NT 10.0; WOW64) AppleWebKit/537.36 (KHTML, like Gecko) Chrome/49.0.2623.87 Safari/537.36"
::1 - - [15/Mar/2016:17:12:28 +0000] "DELETE /mobius-yt/ryeubi17 HTTP/1.1" 500 - "-" "Mozilla/5.0 (Windows NT 10.0; WOW64) AppleWebKit/537.36 (KHTML, like Gecko) Chrome/49.0.2623.87 Safari/537.36"
::1 - - [15/Mar/2016:17:12:31 +0000] "DELETE /mobius-yt/ryeubi17 HTTP/1.1" 500 - "-" "Mozilla/5.0 (Windows NT 10.0; WOW64) AppleWebKit/537.36 (KHTML, like Gecko) Chrome/49.0.2623.87 Safari/537.36"
::1 - - [15/Mar/2016:17:12:33 +0000] "DELETE /mobius-yt/ryeubi18 HTTP/1.1" 500 - "-" "Mozilla/5.0 (Windows NT 10.0; WOW64) AppleWebKit/537.36 (KHTML, like Gecko) Chrome/49.0.2623.87 Safari/537.36"
::1 - - [16/Mar/2016:01:42:04 +0000] "GET /mobius-yt HTTP/1.1" 200 - "-" "Mozilla/5.0 (Windows NT 10.0; WOW64) AppleWebKit/537.36 (KHTML, like Gecko) Chrome/49.0.2623.87 Safari/537.36"
::1 - - [16/Mar/2016:01:42:23 +0000] "POST /mobius-yt HTTP/1.1" 409 - "-" "Mozilla/5.0 (Windows NT 10.0; WOW64) AppleWebKit/537.36 (KHTML, like Gecko) Chrome/49.0.2623.87 Safari/537.36"
::1 - - [16/Mar/2016:01:43:20 +0000] "POST /mobius-yt HTTP/1.1" 201 - "-" "Mozilla/5.0 (Windows NT 10.0; WOW64) AppleWebKit/537.36 (KHTML, like Gecko) Chrome/49.0.2623.87 Safari/537.36"
::1 - - [16/Mar/2016:01:43:29 +0000] "GET /mobius-yt/sk_test HTTP/1.1" 500 - "-" "Mozilla/5.0 (Windows NT 10.0; WOW64) AppleWebKit/537.36 (KHTML, like Gecko) Chrome/49.0.2623.87 Safari/537.36"
::1 - - [16/Mar/2016:01:43:38 +0000] "GET /mobius-yt/ryeubi-csr HTTP/1.1" 200 - "-" "Mozilla/5.0 (Windows NT 10.0; WOW64) AppleWebKit/537.36 (KHTML, like Gecko) Chrome/49.0.2623.87 Safari/537.36"
::1 - - [16/Mar/2016:01:44:05 +0000] "PUT /mobius-yt/ryeubi-csr HTTP/1.1" 200 - "-" "Mozilla/5.0 (Windows NT 10.0; WOW64) AppleWebKit/537.36 (KHTML, like Gecko) Chrome/49.0.2623.87 Safari/537.36"
::1 - - [16/Mar/2016:01:47:16 +0000] "DELETE /mobius-yt/test000112 HTTP/1.1" 500 - "-" "Mozilla/5.0 (Windows NT 10.0; WOW64) AppleWebKit/537.36 (KHTML, like Gecko) Chrome/49.0.2623.87 Safari/537.36"
::1 - - [16/Mar/2016:01:47:24 +0000] "POST /mobius-yt HTTP/1.1" 201 - "-" "Mozilla/5.0 (Windows NT 10.0; WOW64) AppleWebKit/537.36 (KHTML, like Gecko) Chrome/49.0.2623.87 Safari/537.36"
::1 - - [16/Mar/2016:02:24:38 +0000] "POST /mobius-yt/ryeubi/ss_11_ctrl HTTP/1.1" 500 - "-" "Mozilla/5.0 (Windows NT 10.0; WOW64) AppleWebKit/537.36 (KHTML, like Gecko) Chrome/49.0.2623.87 Safari/537.36"
::1 - - [16/Mar/2016:02:24:46 +0000] "POST /mobius-yt HTTP/1.1" 409 - "-" "Mozilla/5.0 (Windows NT 10.0; WOW64) AppleWebKit/537.36 (KHTML, like Gecko) Chrome/49.0.2623.87 Safari/537.36"
::1 - - [16/Mar/2016:03:11:50 +0000] "POST /mobius-yt/ryeubi HTTP/1.1" 201 - "-" "Mozilla/5.0 (Windows NT 10.0; WOW64) AppleWebKit/537.36 (KHTML, like Gecko) Chrome/49.0.2623.87 Safari/537.36"
::1 - - [16/Mar/2016:03:14:44 +0000] "POST /mobius-yt/ryeubi HTTP/1.1" 409 - "-" "Mozilla/5.0 (Windows NT 10.0; WOW64) AppleWebKit/537.36 (KHTML, like Gecko) Chrome/49.0.2623.87 Safari/537.36"
::1 - - [16/Mar/2016:03:14:59 +0000] "POST /mobius-yt/ryeubi HTTP/1.1" 201 - "-" "Mozilla/5.0 (Windows NT 10.0; WOW64) AppleWebKit/537.36 (KHTML, like Gecko) Chrome/49.0.2623.87 Safari/537.36"
::1 - - [16/Mar/2016:03:15:44 +0000] "POST /mobius-yt/ryeubi HTTP/1.1" 409 - "-" "Mozilla/5.0 (Windows NT 10.0; WOW64) AppleWebKit/537.36 (KHTML, like Gecko) Chrome/49.0.2623.87 Safari/537.36"
::1 - - [16/Mar/2016:03:15:51 +0000] "POST /mobius-yt/ryeubi HTTP/1.1" 201 - "-" "Mozilla/5.0 (Windows NT 10.0; WOW64) AppleWebKit/537.36 (KHTML, like Gecko) Chrome/49.0.2623.87 Safari/537.36"
::1 - - [16/Mar/2016:03:16:32 +0000] "POST /mobius-yt/ryeubi HTTP/1.1" 201 - "-" "Mozilla/5.0 (Windows NT 10.0; WOW64) AppleWebKit/537.36 (KHTML, like Gecko) Chrome/49.0.2623.87 Safari/537.36"
::1 - - [16/Mar/2016:03:19:08 +0000] "GET /mobius-yt/ryeubi/subscription_1 HTTP/1.1" 500 - "-" "Mozilla/5.0 (Windows NT 10.0; WOW64) AppleWebKit/537.36 (KHTML, like Gecko) Chrome/49.0.2623.87 Safari/537.36"
::1 - - [16/Mar/2016:03:27:01 +0000] "GET /mobius-yt/ryeubi/subscription_1 HTTP/1.1" 500 - "-" "Mozilla/5.0 (Windows NT 10.0; WOW64) AppleWebKit/537.36 (KHTML, like Gecko) Chrome/49.0.2623.87 Safari/537.36"
::1 - - [16/Mar/2016:03:28:40 +0000] "GET /mobius-yt/ryeubi/subscription_1 HTTP/1.1" 500 - "-" "Mozilla/5.0 (Windows NT 10.0; WOW64) AppleWebKit/537.36 (KHTML, like Gecko) Chrome/49.0.2623.87 Safari/537.36"
::1 - - [16/Mar/2016:03:29:13 +0000] "GET /mobius-yt/ryeubi/subscription_1 HTTP/1.1" 500 - "-" "Mozilla/5.0 (Windows NT 10.0; WOW64) AppleWebKit/537.36 (KHTML, like Gecko) Chrome/49.0.2623.87 Safari/537.36"
::1 - - [16/Mar/2016:03:29:25 +0000] "GET /mobius-yt/ryeubi/subscription_1 HTTP/1.1" 200 - "-" "Mozilla/5.0 (Windows NT 10.0; WOW64) AppleWebKit/537.36 (KHTML, like Gecko) Chrome/49.0.2623.87 Safari/537.36"
::1 - - [16/Mar/2016:03:31:51 +0000] "GET /mobius-yt/ryeubi/subscription_1 HTTP/1.1" 200 - "-" "Mozilla/5.0 (Windows NT 10.0; WOW64) AppleWebKit/537.36 (KHTML, like Gecko) Chrome/49.0.2623.87 Safari/537.36"
::1 - - [16/Mar/2016:04:26:13 +0000] "GET /mobius-yt/ryeubi/subscription_1 HTTP/1.1" 200 - "-" "Mozilla/5.0 (Windows NT 10.0; WOW64) AppleWebKit/537.36 (KHTML, like Gecko) Chrome/49.0.2623.87 Safari/537.36"
::1 - - [16/Mar/2016:04:28:06 +0000] "GET /mobius-yt/ryeubi/subscription_1 HTTP/1.1" 200 - "-" "Mozilla/5.0 (Windows NT 10.0; WOW64) AppleWebKit/537.36 (KHTML, like Gecko) Chrome/49.0.2623.87 Safari/537.36"
::1 - - [16/Mar/2016:04:28:10 +0000] "GET /mobius-yt/ryeubi/subscription_1 HTTP/1.1" 200 - "-" "Mozilla/5.0 (Windows NT 10.0; WOW64) AppleWebKit/537.36 (KHTML, like Gecko) Chrome/49.0.2623.87 Safari/537.36"
::1 - - [16/Mar/2016:04:28:20 +0000] "GET /mobius-yt/ryeubi/subscription_1 HTTP/1.1" 200 - "-" "Mozilla/5.0 (Windows NT 10.0; WOW64) AppleWebKit/537.36 (KHTML, like Gecko) Chrome/49.0.2623.87 Safari/537.36"
::1 - - [16/Mar/2016:04:28:43 +0000] "GET /mobius-yt/ryeubi/subscription_1 HTTP/1.1" 200 - "-" "Mozilla/5.0 (Windows NT 10.0; WOW64) AppleWebKit/537.36 (KHTML, like Gecko) Chrome/49.0.2623.87 Safari/537.36"
::1 - - [16/Mar/2016:04:28:56 +0000] "GET /mobius-yt/ryeubi/subscription_1 HTTP/1.1" 200 - "-" "Mozilla/5.0 (Windows NT 10.0; WOW64) AppleWebKit/537.36 (KHTML, like Gecko) Chrome/49.0.2623.87 Safari/537.36"
::1 - - [16/Mar/2016:04:29:23 +0000] "POST /mobius-yt/ryeubi HTTP/1.1" 409 - "-" "Mozilla/5.0 (Windows NT 10.0; WOW64) AppleWebKit/537.36 (KHTML, like Gecko) Chrome/49.0.2623.87 Safari/537.36"
::1 - - [16/Mar/2016:04:30:59 +0000] "PUT /mobius-yt/ryeubi/subscription_1 HTTP/1.1" 200 - "-" "Mozilla/5.0 (Windows NT 10.0; WOW64) AppleWebKit/537.36 (KHTML, like Gecko) Chrome/49.0.2623.87 Safari/537.36"
::1 - - [16/Mar/2016:04:31:17 +0000] "PUT /mobius-yt/ryeubi/subscription_1 HTTP/1.1" 200 - "-" "Mozilla/5.0 (Windows NT 10.0; WOW64) AppleWebKit/537.36 (KHTML, like Gecko) Chrome/49.0.2623.87 Safari/537.36"
::1 - - [16/Mar/2016:04:36:15 +0000] "PUT /mobius-yt/ryeubi/subscription_1 HTTP/1.1" 200 - "-" "Mozilla/5.0 (Windows NT 10.0; WOW64) AppleWebKit/537.36 (KHTML, like Gecko) Chrome/49.0.2623.87 Safari/537.36"
::1 - - [16/Mar/2016:04:36:56 +0000] "PUT /mobius-yt/ryeubi/subscription_1 HTTP/1.1" 200 - "-" "Mozilla/5.0 (Windows NT 10.0; WOW64) AppleWebKit/537.36 (KHTML, like Gecko) Chrome/49.0.2623.87 Safari/537.36"
::1 - - [16/Mar/2016:04:39:06 +0000] "PUT /mobius-yt/ryeubi/subscription_1 HTTP/1.1" 200 - "-" "Mozilla/5.0 (Windows NT 10.0; WOW64) AppleWebKit/537.36 (KHTML, like Gecko) Chrome/49.0.2623.87 Safari/537.36"
::1 - - [16/Mar/2016:04:46:07 +0000] "PUT /mobius-yt/ryeubi/subscription_1 HTTP/1.1" 200 - "-" "Mozilla/5.0 (Windows NT 10.0; WOW64) AppleWebKit/537.36 (KHTML, like Gecko) Chrome/49.0.2623.87 Safari/537.36"
::1 - - [16/Mar/2016:04:46:30 +0000] "GET /mobius-yt/ryeubi/subscription_1 HTTP/1.1" 200 - "-" "Mozilla/5.0 (Windows NT 10.0; WOW64) AppleWebKit/537.36 (KHTML, like Gecko) Chrome/49.0.2623.87 Safari/537.36"
::1 - - [16/Mar/2016:04:47:22 +0000] "DELETE /mobius-yt/ryeubi/subscription_1 HTTP/1.1" 202 - "-" "Mozilla/5.0 (Windows NT 10.0; WOW64) AppleWebKit/537.36 (KHTML, like Gecko) Chrome/49.0.2623.87 Safari/537.36"
::1 - - [16/Mar/2016:04:47:32 +0000] "GET /mobius-yt/ryeubi/subscription_1 HTTP/1.1" 500 - "-" "Mozilla/5.0 (Windows NT 10.0; WOW64) AppleWebKit/537.36 (KHTML, like Gecko) Chrome/49.0.2623.87 Safari/537.36"
::1 - - [16/Mar/2016:04:47:41 +0000] "POST /mobius-yt/ryeubi HTTP/1.1" 201 - "-" "Mozilla/5.0 (Windows NT 10.0; WOW64) AppleWebKit/537.36 (KHTML, like Gecko) Chrome/49.0.2623.87 Safari/537.36"
::1 - - [16/Mar/2016:04:47:48 +0000] "DELETE /mobius-yt/ryeubi/subscription_1 HTTP/1.1" 202 - "-" "Mozilla/5.0 (Windows NT 10.0; WOW64) AppleWebKit/537.36 (KHTML, like Gecko) Chrome/49.0.2623.87 Safari/537.36"
::1 - - [16/Mar/2016:05:08:48 +0000] "GET /mobius-yt HTTP/1.1" 200 - "-" "Mozilla/5.0 (Windows NT 10.0; WOW64) AppleWebKit/537.36 (KHTML, like Gecko) Chrome/49.0.2623.87 Safari/537.36"
::1 - - [16/Mar/2016:09:27:01 +0000] "GET /mobius-yt?lbl=tt HTTP/1.1" 500 - "-" "Mozilla/5.0 (Windows NT 10.0; WOW64) AppleWebKit/537.36 (KHTML, like Gecko) Chrome/49.0.2623.87 Safari/537.36"
::1 - - [16/Mar/2016:13:37:37 +0000] "GET /mobius-yt HTTP/1.1" 200 - "-" "Mozilla/5.0 (Windows NT 10.0; WOW64) AppleWebKit/537.36 (KHTML, like Gecko) Chrome/49.0.2623.87 Safari/537.36"
::1 - - [16/Mar/2016:13:37:46 +0000] "POST /mobius-yt HTTP/1.1" 409 - "-" "Mozilla/5.0 (Windows NT 10.0; WOW64) AppleWebKit/537.36 (KHTML, like Gecko) Chrome/49.0.2623.87 Safari/537.36"
::1 - - [16/Mar/2016:13:37:49 +0000] "GET /mobius-yt/ryeubi-csr HTTP/1.1" 200 - "-" "Mozilla/5.0 (Windows NT 10.0; WOW64) AppleWebKit/537.36 (KHTML, like Gecko) Chrome/49.0.2623.87 Safari/537.36"
::1 - - [16/Mar/2016:13:37:51 +0000] "PUT /mobius-yt/ryeubi-csr HTTP/1.1" 200 - "-" "Mozilla/5.0 (Windows NT 10.0; WOW64) AppleWebKit/537.36 (KHTML, like Gecko) Chrome/49.0.2623.87 Safari/537.36"
::1 - - [16/Mar/2016:13:37:53 +0000] "DELETE /mobius-yt/test000112 HTTP/1.1" 500 - "-" "Mozilla/5.0 (Windows NT 10.0; WOW64) AppleWebKit/537.36 (KHTML, like Gecko) Chrome/49.0.2623.87 Safari/537.36"
::1 - - [16/Mar/2016:13:37:56 +0000] "POST /mobius-yt HTTP/1.1" 409 - "-" "Mozilla/5.0 (Windows NT 10.0; WOW64) AppleWebKit/537.36 (KHTML, like Gecko) Chrome/49.0.2623.87 Safari/537.36"
::1 - - [16/Mar/2016:13:37:59 +0000] "POST /mobius-yt HTTP/1.1" 409 - "-" "Mozilla/5.0 (Windows NT 10.0; WOW64) AppleWebKit/537.36 (KHTML, like Gecko) Chrome/49.0.2623.87 Safari/537.36"
::1 - - [16/Mar/2016:14:10:50 +0000] "GET /mobius-yt?lbl=tt HTTP/1.1" 404 - "-" "Mozilla/5.0 (Windows NT 10.0; WOW64) AppleWebKit/537.36 (KHTML, like Gecko) Chrome/49.0.2623.87 Safari/537.36"
::1 - - [16/Mar/2016:14:52:46 +0000] "GET /mobius-yt?lbl=tt HTTP/1.1" 500 - "-" "Mozilla/5.0 (Windows NT 10.0; WOW64) AppleWebKit/537.36 (KHTML, like Gecko) Chrome/49.0.2623.87 Safari/537.36"
::1 - - [16/Mar/2016:14:55:09 +0000] "GET /mobius-yt?lbl=tt HTTP/1.1" 500 - "-" "Mozilla/5.0 (Windows NT 10.0; WOW64) AppleWebKit/537.36 (KHTML, like Gecko) Chrome/49.0.2623.87 Safari/537.36"
