::1 - - [14/Mar/2016:01:24:59 +0000] "GET /mobius-yt HTTP/1.1" 500 - "-" "Mozilla/5.0 (Windows NT 10.0; WOW64) AppleWebKit/537.36 (KHTML, like Gecko) Chrome/48.0.2564.116 Safari/537.36"
::1 - - [14/Mar/2016:01:25:14 +0000] "GET /mobius-yt/AE_1 HTTP/1.1" 500 - "-" "Mozilla/5.0 (Windows NT 10.0; WOW64) AppleWebKit/537.36 (KHTML, like Gecko) Chrome/48.0.2564.116 Safari/537.36"
::1 - - [14/Mar/2016:01:25:23 +0000] "POST /mobius-yt HTTP/1.1" 409 - "-" "Mozilla/5.0 (Windows NT 10.0; WOW64) AppleWebKit/537.36 (KHTML, like Gecko) Chrome/48.0.2564.116 Safari/537.36"
::1 - - [14/Mar/2016:01:25:40 +0000] "POST /mobius-yt HTTP/1.1" 201 - "-" "Mozilla/5.0 (Windows NT 10.0; WOW64) AppleWebKit/537.36 (KHTML, like Gecko) Chrome/48.0.2564.116 Safari/537.36"
::1 - - [14/Mar/2016:01:25:52 +0000] "POST /mobius-yt HTTP/1.1" 400 - "-" "Mozilla/5.0 (Windows NT 10.0; WOW64) AppleWebKit/537.36 (KHTML, like Gecko) Chrome/48.0.2564.116 Safari/537.36"
::1 - - [14/Mar/2016:01:26:05 +0000] "GET /mobius-yt/AE_1 HTTP/1.1" 200 - "-" "Mozilla/5.0 (Windows NT 10.0; WOW64) AppleWebKit/537.36 (KHTML, like Gecko) Chrome/48.0.2564.116 Safari/537.36"
::1 - - [14/Mar/2016:01:26:21 +0000] "PUT /mobius-yt/rs_ae HTTP/1.1" 500 - "-" "Mozilla/5.0 (Windows NT 10.0; WOW64) AppleWebKit/537.36 (KHTML, like Gecko) Chrome/48.0.2564.116 Safari/537.36"
::1 - - [14/Mar/2016:01:26:38 +0000] "PUT /mobius-yt/AE_1 HTTP/1.1" 400 - "-" "Mozilla/5.0 (Windows NT 10.0; WOW64) AppleWebKit/537.36 (KHTML, like Gecko) Chrome/48.0.2564.116 Safari/537.36"
::1 - - [14/Mar/2016:01:26:59 +0000] "PUT /mobius-yt/AE_1 HTTP/1.1" 200 - "-" "Mozilla/5.0 (Windows NT 10.0; WOW64) AppleWebKit/537.36 (KHTML, like Gecko) Chrome/48.0.2564.116 Safari/537.36"
::1 - - [14/Mar/2016:01:27:11 +0000] "PUT /mobius-yt/AE_1 HTTP/1.1" 200 - "-" "Mozilla/5.0 (Windows NT 10.0; WOW64) AppleWebKit/537.36 (KHTML, like Gecko) Chrome/48.0.2564.116 Safari/537.36"
::1 - - [14/Mar/2016:01:27:38 +0000] "POST /mobius-yt/ryeubi HTTP/1.1" 201 - "-" "Mozilla/5.0 (Windows NT 10.0; WOW64) AppleWebKit/537.36 (KHTML, like Gecko) Chrome/48.0.2564.116 Safari/537.36"
::1 - - [14/Mar/2016:01:27:58 +0000] "GET /mobius-yt/ryeubi/temp HTTP/1.1" 200 - "-" "Mozilla/5.0 (Windows NT 10.0; WOW64) AppleWebKit/537.36 (KHTML, like Gecko) Chrome/48.0.2564.116 Safari/537.36"
::1 - - [14/Mar/2016:01:28:31 +0000] "POST /mobius-yt HTTP/1.1" 201 - "-" "Mozilla/5.0 (Windows NT 10.0; WOW64) AppleWebKit/537.36 (KHTML, like Gecko) Chrome/48.0.2564.116 Safari/537.36"
::1 - - [14/Mar/2016:01:28:50 +0000] "POST /mobius-yt/ryeubi HTTP/1.1" 201 - "-" "Mozilla/5.0 (Windows NT 10.0; WOW64) AppleWebKit/537.36 (KHTML, like Gecko) Chrome/48.0.2564.116 Safari/537.36"
::1 - - [14/Mar/2016:01:29:08 +0000] "GET /mobius-yt/onem2mcar/light HTTP/1.1" 500 - "-" "Mozilla/5.0 (Windows NT 10.0; WOW64) AppleWebKit/537.36 (KHTML, like Gecko) Chrome/48.0.2564.116 Safari/537.36"
::1 - - [14/Mar/2016:01:29:40 +0000] "POST /mobius-yt/onem2mcar HTTP/1.1" 201 - "-" "Mozilla/5.0 (Windows NT 10.0; WOW64) AppleWebKit/537.36 (KHTML, like Gecko) Chrome/48.0.2564.116 Safari/537.36"
::1 - - [14/Mar/2016:01:29:46 +0000] "GET /mobius-yt/onem2mcar/light HTTP/1.1" 200 - "-" "Mozilla/5.0 (Windows NT 10.0; WOW64) AppleWebKit/537.36 (KHTML, like Gecko) Chrome/48.0.2564.116 Safari/537.36"
::1 - - [14/Mar/2016:01:31:33 +0000] "PUT /mobius-yt/onem2mcar/light HTTP/1.1" 500 - "-" "Mozilla/5.0 (Windows NT 10.0; WOW64) AppleWebKit/537.36 (KHTML, like Gecko) Chrome/48.0.2564.116 Safari/537.36"
::1 - - [14/Mar/2016:01:36:08 +0000] "PUT /mobius-yt/AE_1 HTTP/1.1" 200 - "-" "Mozilla/5.0 (Windows NT 10.0; WOW64) AppleWebKit/537.36 (KHTML, like Gecko) Chrome/48.0.2564.116 Safari/537.36"
::1 - - [14/Mar/2016:02:12:39 +0000] "PUT /mobius-yt/onem2mcar/light HTTP/1.1" 500 - "-" "Mozilla/5.0 (Windows NT 10.0; WOW64) AppleWebKit/537.36 (KHTML, like Gecko) Chrome/48.0.2564.116 Safari/537.36"
::1 - - [14/Mar/2016:02:23:18 +0000] "POST /mobius-yt/onem2mcar HTTP/1.1" 409 - "-" "Mozilla/5.0 (Windows NT 10.0; WOW64) AppleWebKit/537.36 (KHTML, like Gecko) Chrome/48.0.2564.116 Safari/537.36"
::1 - - [14/Mar/2016:02:23:31 +0000] "PUT /mobius-yt/onem2mcar/light HTTP/1.1" 500 - "-" "Mozilla/5.0 (Windows NT 10.0; WOW64) AppleWebKit/537.36 (KHTML, like Gecko) Chrome/48.0.2564.116 Safari/537.36"
::1 - - [14/Mar/2016:02:24:49 +0000] "PUT /mobius-yt/AE_1 HTTP/1.1" 200 - "-" "Mozilla/5.0 (Windows NT 10.0; WOW64) AppleWebKit/537.36 (KHTML, like Gecko) Chrome/48.0.2564.116 Safari/537.36"
::1 - - [14/Mar/2016:02:25:02 +0000] "PUT /mobius-yt/AE_1 HTTP/1.1" 200 - "-" "Mozilla/5.0 (Windows NT 10.0; WOW64) AppleWebKit/537.36 (KHTML, like Gecko) Chrome/48.0.2564.116 Safari/537.36"
::1 - - [14/Mar/2016:02:25:12 +0000] "PUT /mobius-yt/onem2mcar/light HTTP/1.1" 500 - "-" "Mozilla/5.0 (Windows NT 10.0; WOW64) AppleWebKit/537.36 (KHTML, like Gecko) Chrome/48.0.2564.116 Safari/537.36"
::1 - - [14/Mar/2016:02:28:55 +0000] "PUT /mobius-yt/onem2mcar/light HTTP/1.1" 500 - "-" "Mozilla/5.0 (Windows NT 10.0; WOW64) AppleWebKit/537.36 (KHTML, like Gecko) Chrome/48.0.2564.116 Safari/537.36"
::1 - - [14/Mar/2016:02:29:09 +0000] "PUT /mobius-yt/onem2mcar/light HTTP/1.1" 200 - "-" "Mozilla/5.0 (Windows NT 10.0; WOW64) AppleWebKit/537.36 (KHTML, like Gecko) Chrome/48.0.2564.116 Safari/537.36"
::1 - - [14/Mar/2016:02:29:16 +0000] "PUT /mobius-yt/onem2mcar/light HTTP/1.1" 200 - "-" "Mozilla/5.0 (Windows NT 10.0; WOW64) AppleWebKit/537.36 (KHTML, like Gecko) Chrome/48.0.2564.116 Safari/537.36"
::1 - - [14/Mar/2016:02:29:18 +0000] "PUT /mobius-yt/onem2mcar/light HTTP/1.1" 200 - "-" "Mozilla/5.0 (Windows NT 10.0; WOW64) AppleWebKit/537.36 (KHTML, like Gecko) Chrome/48.0.2564.116 Safari/537.36"
::1 - - [14/Mar/2016:02:32:13 +0000] "PUT /mobius-yt/onem2mcar/light HTTP/1.1" 200 - "-" "Mozilla/5.0 (Windows NT 10.0; WOW64) AppleWebKit/537.36 (KHTML, like Gecko) Chrome/48.0.2564.116 Safari/537.36"
::1 - - [14/Mar/2016:02:32:41 +0000] "DELETE /mobius-yt/onem2mcar/light HTTP/1.1" 202 - "-" "Mozilla/5.0 (Windows NT 10.0; WOW64) AppleWebKit/537.36 (KHTML, like Gecko) Chrome/48.0.2564.116 Safari/537.36"
::1 - - [14/Mar/2016:02:32:55 +0000] "POST /mobius-yt/onem2mcar HTTP/1.1" 201 - "-" "Mozilla/5.0 (Windows NT 10.0; WOW64) AppleWebKit/537.36 (KHTML, like Gecko) Chrome/48.0.2564.116 Safari/537.36"
::1 - - [14/Mar/2016:02:33:01 +0000] "GET /mobius-yt/onem2mcar/light HTTP/1.1" 200 - "-" "Mozilla/5.0 (Windows NT 10.0; WOW64) AppleWebKit/537.36 (KHTML, like Gecko) Chrome/48.0.2564.116 Safari/537.36"
::1 - - [14/Mar/2016:02:38:06 +0000] "DELETE /mobius-yt/onem2mcar/light HTTP/1.1" 202 - "-" "Mozilla/5.0 (Windows NT 10.0; WOW64) AppleWebKit/537.36 (KHTML, like Gecko) Chrome/48.0.2564.116 Safari/537.36"
::1 - - [14/Mar/2016:02:38:11 +0000] "POST /mobius-yt/onem2mcar HTTP/1.1" 201 - "-" "Mozilla/5.0 (Windows NT 10.0; WOW64) AppleWebKit/537.36 (KHTML, like Gecko) Chrome/48.0.2564.116 Safari/537.36"
::1 - - [14/Mar/2016:02:38:13 +0000] "GET /mobius-yt/onem2mcar/light HTTP/1.1" 200 - "-" "Mozilla/5.0 (Windows NT 10.0; WOW64) AppleWebKit/537.36 (KHTML, like Gecko) Chrome/48.0.2564.116 Safari/537.36"
::1 - - [14/Mar/2016:02:38:16 +0000] "PUT /mobius-yt/onem2mcar/light HTTP/1.1" 200 - "-" "Mozilla/5.0 (Windows NT 10.0; WOW64) AppleWebKit/537.36 (KHTML, like Gecko) Chrome/48.0.2564.116 Safari/537.36"
::1 - - [14/Mar/2016:02:38:21 +0000] "PUT /mobius-yt/onem2mcar/light HTTP/1.1" 200 - "-" "Mozilla/5.0 (Windows NT 10.0; WOW64) AppleWebKit/537.36 (KHTML, like Gecko) Chrome/48.0.2564.116 Safari/537.36"
::1 - - [14/Mar/2016:02:38:23 +0000] "PUT /mobius-yt/onem2mcar/light HTTP/1.1" 200 - "-" "Mozilla/5.0 (Windows NT 10.0; WOW64) AppleWebKit/537.36 (KHTML, like Gecko) Chrome/48.0.2564.116 Safari/537.36"
::1 - - [14/Mar/2016:02:49:57 +0000] "GET /mobius-yt/onem2mcar/light HTTP/1.1" 200 - "-" "Mozilla/5.0 (Windows NT 10.0; WOW64) AppleWebKit/537.36 (KHTML, like Gecko) Chrome/48.0.2564.116 Safari/537.36"
::1 - - [14/Mar/2016:02:50:05 +0000] "DELETE /mobius-yt/onem2mcar/light HTTP/1.1" 202 - "-" "Mozilla/5.0 (Windows NT 10.0; WOW64) AppleWebKit/537.36 (KHTML, like Gecko) Chrome/48.0.2564.116 Safari/537.36"
::1 - - [14/Mar/2016:02:50:10 +0000] "POST /mobius-yt/onem2mcar HTTP/1.1" 201 - "-" "Mozilla/5.0 (Windows NT 10.0; WOW64) AppleWebKit/537.36 (KHTML, like Gecko) Chrome/48.0.2564.116 Safari/537.36"
::1 - - [14/Mar/2016:02:50:15 +0000] "GET /mobius-yt/onem2mcar/light HTTP/1.1" 200 - "-" "Mozilla/5.0 (Windows NT 10.0; WOW64) AppleWebKit/537.36 (KHTML, like Gecko) Chrome/48.0.2564.116 Safari/537.36"
::1 - - [14/Mar/2016:02:50:23 +0000] "PUT /mobius-yt/onem2mcar/light HTTP/1.1" 200 - "-" "Mozilla/5.0 (Windows NT 10.0; WOW64) AppleWebKit/537.36 (KHTML, like Gecko) Chrome/48.0.2564.116 Safari/537.36"
::1 - - [14/Mar/2016:03:02:12 +0000] "DELETE /mobius-yt/onem2mcar/light HTTP/1.1" 202 - "-" "Mozilla/5.0 (Windows NT 10.0; WOW64) AppleWebKit/537.36 (KHTML, like Gecko) Chrome/48.0.2564.116 Safari/537.36"
::1 - - [14/Mar/2016:03:05:03 +0000] "DELETE /mobius-yt/onem2mcar HTTP/1.1" 202 - "-" "Mozilla/5.0 (Windows NT 10.0; WOW64) AppleWebKit/537.36 (KHTML, like Gecko) Chrome/48.0.2564.116 Safari/537.36"
::1 - - [14/Mar/2016:03:07:41 +0000] "POST /mobius-yt HTTP/1.1" - - "-" "Mozilla/5.0 (Windows NT 10.0; WOW64) AppleWebKit/537.36 (KHTML, like Gecko) Chrome/48.0.2564.116 Safari/537.36"
::1 - - [14/Mar/2016:03:12:20 +0000] "DELETE /mobius-yt/onem2mcar HTTP/1.1" 202 - "-" "Mozilla/5.0 (Windows NT 10.0; WOW64) AppleWebKit/537.36 (KHTML, like Gecko) Chrome/48.0.2564.116 Safari/537.36"
::1 - - [14/Mar/2016:03:12:24 +0000] "POST /mobius-yt HTTP/1.1" 201 - "-" "Mozilla/5.0 (Windows NT 10.0; WOW64) AppleWebKit/537.36 (KHTML, like Gecko) Chrome/48.0.2564.116 Safari/537.36"
::1 - - [14/Mar/2016:03:12:34 +0000] "POST /mobius-yt/onem2mcar HTTP/1.1" 201 - "-" "Mozilla/5.0 (Windows NT 10.0; WOW64) AppleWebKit/537.36 (KHTML, like Gecko) Chrome/48.0.2564.116 Safari/537.36"
::1 - - [14/Mar/2016:03:13:55 +0000] "POST /mobius-yt/ryeubi/ss_11_ctrl HTTP/1.1" 500 - "-" "Mozilla/5.0 (Windows NT 10.0; WOW64) AppleWebKit/537.36 (KHTML, like Gecko) Chrome/48.0.2564.116 Safari/537.36"
::1 - - [14/Mar/2016:03:14:05 +0000] "DELETE /mobius-yt/onem2mcar/light HTTP/1.1" 202 - "-" "Mozilla/5.0 (Windows NT 10.0; WOW64) AppleWebKit/537.36 (KHTML, like Gecko) Chrome/48.0.2564.116 Safari/537.36"
::1 - - [14/Mar/2016:03:14:13 +0000] "POST /mobius-yt/onem2mcar HTTP/1.1" 201 - "-" "Mozilla/5.0 (Windows NT 10.0; WOW64) AppleWebKit/537.36 (KHTML, like Gecko) Chrome/48.0.2564.116 Safari/537.36"
::1 - - [14/Mar/2016:03:14:30 +0000] "GET /mobius-yt/AE_1 HTTP/1.1" 200 - "-" "Mozilla/5.0 (Windows NT 10.0; WOW64) AppleWebKit/537.36 (KHTML, like Gecko) Chrome/48.0.2564.116 Safari/537.36"
::1 - - [14/Mar/2016:03:14:47 +0000] "DELETE /mobius-yt/onem2mcar/light HTTP/1.1" 202 - "-" "Mozilla/5.0 (Windows NT 10.0; WOW64) AppleWebKit/537.36 (KHTML, like Gecko) Chrome/48.0.2564.116 Safari/537.36"
::1 - - [14/Mar/2016:03:18:39 +0000] "POST /mobius-yt/onem2mcar HTTP/1.1" 201 - "-" "Mozilla/5.0 (Windows NT 10.0; WOW64) AppleWebKit/537.36 (KHTML, like Gecko) Chrome/48.0.2564.116 Safari/537.36"
::1 - - [14/Mar/2016:04:52:51 +0000] "DELETE /mobius-yt/onem2mcar/light HTTP/1.1" 202 - "-" "Mozilla/5.0 (Windows NT 10.0; WOW64) AppleWebKit/537.36 (KHTML, like Gecko) Chrome/48.0.2564.116 Safari/537.36"
::1 - - [14/Mar/2016:04:52:54 +0000] "POST /mobius-yt/onem2mcar HTTP/1.1" 201 - "-" "Mozilla/5.0 (Windows NT 10.0; WOW64) AppleWebKit/537.36 (KHTML, like Gecko) Chrome/48.0.2564.116 Safari/537.36"
::1 - - [14/Mar/2016:05:57:34 +0000] "POST /mobius-yt HTTP/1.1" 409 - "-" "Mozilla/5.0 (Windows NT 10.0; WOW64) AppleWebKit/537.36 (KHTML, like Gecko) Chrome/48.0.2564.116 Safari/537.36"
::1 - - [14/Mar/2016:05:57:40 +0000] "POST /mobius-yt/onem2mcar HTTP/1.1" 409 - "-" "Mozilla/5.0 (Windows NT 10.0; WOW64) AppleWebKit/537.36 (KHTML, like Gecko) Chrome/48.0.2564.116 Safari/537.36"
::1 - - [14/Mar/2016:05:57:46 +0000] "DELETE /mobius-yt/onem2mcar/light HTTP/1.1" 202 - "-" "Mozilla/5.0 (Windows NT 10.0; WOW64) AppleWebKit/537.36 (KHTML, like Gecko) Chrome/48.0.2564.116 Safari/537.36"
::1 - - [14/Mar/2016:05:57:51 +0000] "POST /mobius-yt/onem2mcar HTTP/1.1" 201 - "-" "Mozilla/5.0 (Windows NT 10.0; WOW64) AppleWebKit/537.36 (KHTML, like Gecko) Chrome/48.0.2564.116 Safari/537.36"
::1 - - [14/Mar/2016:05:58:04 +0000] "POST /mobius-yt/onem2mcar/light HTTP/1.1" 500 - "-" "Mozilla/5.0 (Windows NT 10.0; WOW64) AppleWebKit/537.36 (KHTML, like Gecko) Chrome/48.0.2564.116 Safari/537.36"
::1 - - [14/Mar/2016:06:00:11 +0000] "POST /mobius-yt/onem2mcar/light HTTP/1.1" 500 - "-" "Mozilla/5.0 (Windows NT 10.0; WOW64) AppleWebKit/537.36 (KHTML, like Gecko) Chrome/48.0.2564.116 Safari/537.36"
::1 - - [14/Mar/2016:06:00:18 +0000] "DELETE /mobius-yt/onem2mcar/light HTTP/1.1" 202 - "-" "Mozilla/5.0 (Windows NT 10.0; WOW64) AppleWebKit/537.36 (KHTML, like Gecko) Chrome/48.0.2564.116 Safari/537.36"
::1 - - [14/Mar/2016:06:00:34 +0000] "POST /mobius-yt/onem2mcar HTTP/1.1" 201 - "-" "Mozilla/5.0 (Windows NT 10.0; WOW64) AppleWebKit/537.36 (KHTML, like Gecko) Chrome/48.0.2564.116 Safari/537.36"
::1 - - [14/Mar/2016:06:12:46 +0000] "POST /mobius-yt/onem2mcar/light HTTP/1.1" - - "-" "Mozilla/5.0 (Windows NT 10.0; WOW64) AppleWebKit/537.36 (KHTML, like Gecko) Chrome/48.0.2564.116 Safari/537.36"
::1 - - [14/Mar/2016:06:18:25 +0000] "POST /mobius-yt/onem2mcar/light HTTP/1.1" - - "-" "Mozilla/5.0 (Windows NT 10.0; WOW64) AppleWebKit/537.36 (KHTML, like Gecko) Chrome/48.0.2564.116 Safari/537.36"
::1 - - [14/Mar/2016:07:06:07 +0000] "POST /mobius-yt/onem2mcar/light HTTP/1.1" 201 - "-" "Mozilla/5.0 (Windows NT 10.0; WOW64) AppleWebKit/537.36 (KHTML, like Gecko) Chrome/48.0.2564.116 Safari/537.36"
::1 - - [14/Mar/2016:07:07:41 +0000] "POST /mobius-yt/onem2mcar/light HTTP/1.1" 201 - "-" "Mozilla/5.0 (Windows NT 10.0; WOW64) AppleWebKit/537.36 (KHTML, like Gecko) Chrome/48.0.2564.116 Safari/537.36"
::1 - - [14/Mar/2016:07:08:17 +0000] "POST /mobius-yt/onem2mcar/light HTTP/1.1" 201 - "-" "Mozilla/5.0 (Windows NT 10.0; WOW64) AppleWebKit/537.36 (KHTML, like Gecko) Chrome/48.0.2564.116 Safari/537.36"
::1 - - [14/Mar/2016:07:08:19 +0000] "POST /mobius-yt/onem2mcar/light HTTP/1.1" 201 - "-" "Mozilla/5.0 (Windows NT 10.0; WOW64) AppleWebKit/537.36 (KHTML, like Gecko) Chrome/48.0.2564.116 Safari/537.36"
::1 - - [14/Mar/2016:07:08:20 +0000] "POST /mobius-yt/onem2mcar/light HTTP/1.1" 201 - "-" "Mozilla/5.0 (Windows NT 10.0; WOW64) AppleWebKit/537.36 (KHTML, like Gecko) Chrome/48.0.2564.116 Safari/537.36"
::1 - - [14/Mar/2016:07:08:27 +0000] "GET /mobius-yt/onem2mcar/light HTTP/1.1" 200 - "-" "Mozilla/5.0 (Windows NT 10.0; WOW64) AppleWebKit/537.36 (KHTML, like Gecko) Chrome/48.0.2564.116 Safari/537.36"
::1 - - [14/Mar/2016:07:09:05 +0000] "GET /mobius-yt/onem2mcar/light/latest HTTP/1.1" 200 - "-" "Mozilla/5.0 (Windows NT 10.0; WOW64) AppleWebKit/537.36 (KHTML, like Gecko) Chrome/48.0.2564.116 Safari/537.36"
::1 - - [14/Mar/2016:07:09:21 +0000] "GET /mobius-yt/onem2mcar/light/latest HTTP/1.1" 200 - "-" "Mozilla/5.0 (Windows NT 10.0; WOW64) AppleWebKit/537.36 (KHTML, like Gecko) Chrome/48.0.2564.116 Safari/537.36"
::1 - - [14/Mar/2016:07:09:23 +0000] "GET /mobius-yt/onem2mcar/light/latest HTTP/1.1" 200 - "-" "Mozilla/5.0 (Windows NT 10.0; WOW64) AppleWebKit/537.36 (KHTML, like Gecko) Chrome/48.0.2564.116 Safari/537.36"
::1 - - [14/Mar/2016:07:09:34 +0000] "GET /mobius-yt/onem2mcar/light/latest HTTP/1.1" 200 - "-" "Mozilla/5.0 (Windows NT 10.0; WOW64) AppleWebKit/537.36 (KHTML, like Gecko) Chrome/48.0.2564.116 Safari/537.36"
::1 - - [14/Mar/2016:07:11:20 +0000] "GET /mobius-yt/onem2mcar/light/oldest HTTP/1.1" 200 - "-" "Mozilla/5.0 (Windows NT 10.0; WOW64) AppleWebKit/537.36 (KHTML, like Gecko) Chrome/48.0.2564.116 Safari/537.36"
::1 - - [14/Mar/2016:07:11:42 +0000] "GET /mobius-yt/onem2mcar/light/latest HTTP/1.1" 200 - "-" "Mozilla/5.0 (Windows NT 10.0; WOW64) AppleWebKit/537.36 (KHTML, like Gecko) Chrome/48.0.2564.116 Safari/537.36"
::1 - - [14/Mar/2016:07:11:53 +0000] "GET /mobius-yt/onem2mcar/light/oldest HTTP/1.1" 200 - "-" "Mozilla/5.0 (Windows NT 10.0; WOW64) AppleWebKit/537.36 (KHTML, like Gecko) Chrome/48.0.2564.116 Safari/537.36"
::1 - - [14/Mar/2016:07:13:52 +0000] "GET /mobius-yt/onem2mcar/light/4-20160314064433940FQCT HTTP/1.1" 200 - "-" "Mozilla/5.0 (Windows NT 10.0; WOW64) AppleWebKit/537.36 (KHTML, like Gecko) Chrome/48.0.2564.116 Safari/537.36"
::1 - - [14/Mar/2016:07:13:55 +0000] "GET /mobius-yt/onem2mcar/light/4-20160314064433940FQCT HTTP/1.1" 200 - "-" "Mozilla/5.0 (Windows NT 10.0; WOW64) AppleWebKit/537.36 (KHTML, like Gecko) Chrome/48.0.2564.116 Safari/537.36"
::1 - - [14/Mar/2016:07:15:14 +0000] "POST /mobius-yt/ryeubi HTTP/1.1" 201 - "-" "Mozilla/5.0 (Windows NT 10.0; WOW64) AppleWebKit/537.36 (KHTML, like Gecko) Chrome/48.0.2564.116 Safari/537.36"
::1 - - [14/Mar/2016:07:15:25 +0000] "GET /mobius-yt/onem2mcar/light HTTP/1.1" 200 - "-" "Mozilla/5.0 (Windows NT 10.0; WOW64) AppleWebKit/537.36 (KHTML, like Gecko) Chrome/48.0.2564.116 Safari/537.36"
::1 - - [14/Mar/2016:07:15:28 +0000] "PUT /mobius-yt/onem2mcar/light HTTP/1.1" 200 - "-" "Mozilla/5.0 (Windows NT 10.0; WOW64) AppleWebKit/537.36 (KHTML, like Gecko) Chrome/48.0.2564.116 Safari/537.36"
::1 - - [14/Mar/2016:07:15:31 +0000] "DELETE /mobius-yt/AE_1/container_2 HTTP/1.1" 500 - "-" "Mozilla/5.0 (Windows NT 10.0; WOW64) AppleWebKit/537.36 (KHTML, like Gecko) Chrome/48.0.2564.116 Safari/537.36"
::1 - - [14/Mar/2016:07:15:40 +0000] "POST /mobius-yt/ryeubi/ss_11_ctrl HTTP/1.1" 500 - "-" "Mozilla/5.0 (Windows NT 10.0; WOW64) AppleWebKit/537.36 (KHTML, like Gecko) Chrome/48.0.2564.116 Safari/537.36"
::1 - - [14/Mar/2016:07:15:56 +0000] "POST /mobius-yt/ryeubi HTTP/1.1" 201 - "-" "Mozilla/5.0 (Windows NT 10.0; WOW64) AppleWebKit/537.36 (KHTML, like Gecko) Chrome/48.0.2564.116 Safari/537.36"
::1 - - [14/Mar/2016:07:16:03 +0000] "POST /mobius-yt/onem2mcar/light HTTP/1.1" 201 - "-" "Mozilla/5.0 (Windows NT 10.0; WOW64) AppleWebKit/537.36 (KHTML, like Gecko) Chrome/48.0.2564.116 Safari/537.36"
::1 - - [14/Mar/2016:07:16:12 +0000] "POST /mobius-yt/AE_5/cnt_2 HTTP/1.1" 400 - "-" "Mozilla/5.0 (Windows NT 10.0; WOW64) AppleWebKit/537.36 (KHTML, like Gecko) Chrome/48.0.2564.116 Safari/537.36"
::1 - - [14/Mar/2016:07:16:52 +0000] "POST /mobius-yt/AE_5/cnt_2 HTTP/1.1" 500 - "-" "Mozilla/5.0 (Windows NT 10.0; WOW64) AppleWebKit/537.36 (KHTML, like Gecko) Chrome/48.0.2564.116 Safari/537.36"
::1 - - [14/Mar/2016:07:17:09 +0000] "POST /mobius-yt/ryeubi/ss_11_ctrl HTTP/1.1" 201 - "-" "Mozilla/5.0 (Windows NT 10.0; WOW64) AppleWebKit/537.36 (KHTML, like Gecko) Chrome/48.0.2564.116 Safari/537.36"
::1 - - [14/Mar/2016:07:17:45 +0000] "GET /mobius-yt/ryeubi/ss_11_ctrl HTTP/1.1" 200 - "-" "Mozilla/5.0 (Windows NT 10.0; WOW64) AppleWebKit/537.36 (KHTML, like Gecko) Chrome/48.0.2564.116 Safari/537.36"
::1 - - [14/Mar/2016:07:17:58 +0000] "POST /mobius-yt/ryeubi HTTP/1.1" 409 - "-" "Mozilla/5.0 (Windows NT 10.0; WOW64) AppleWebKit/537.36 (KHTML, like Gecko) Chrome/48.0.2564.116 Safari/537.36"
::1 - - [14/Mar/2016:07:19:14 +0000] "DELETE /mobius-yt/ryeubi/ss_11_ctrl HTTP/1.1" 202 - "-" "Mozilla/5.0 (Windows NT 10.0; WOW64) AppleWebKit/537.36 (KHTML, like Gecko) Chrome/48.0.2564.116 Safari/537.36"
::1 - - [14/Mar/2016:07:19:21 +0000] "POST /mobius-yt/ryeubi HTTP/1.1" 201 - "-" "Mozilla/5.0 (Windows NT 10.0; WOW64) AppleWebKit/537.36 (KHTML, like Gecko) Chrome/48.0.2564.116 Safari/537.36"
::1 - - [14/Mar/2016:07:19:42 +0000] "GET /mobius-yt/AE_1 HTTP/1.1" 200 - "-" "Mozilla/5.0 (Windows NT 10.0; WOW64) AppleWebKit/537.36 (KHTML, like Gecko) Chrome/48.0.2564.116 Safari/537.36"
::1 - - [14/Mar/2016:07:19:51 +0000] "GET /mobius-yt/ryeubi HTTP/1.1" 200 - "-" "Mozilla/5.0 (Windows NT 10.0; WOW64) AppleWebKit/537.36 (KHTML, like Gecko) Chrome/48.0.2564.116 Safari/537.36"
::1 - - [14/Mar/2016:07:20:42 +0000] "DELETE /mobius-yt/ryeubi/ss_11_ctrl HTTP/1.1" 202 - "-" "Mozilla/5.0 (Windows NT 10.0; WOW64) AppleWebKit/537.36 (KHTML, like Gecko) Chrome/48.0.2564.116 Safari/537.36"
::1 - - [14/Mar/2016:07:23:19 +0000] "DELETE /mobius-yt/ryeubi HTTP/1.1" 202 - "-" "Mozilla/5.0 (Windows NT 10.0; WOW64) AppleWebKit/537.36 (KHTML, like Gecko) Chrome/48.0.2564.116 Safari/537.36"
::1 - - [14/Mar/2016:07:23:33 +0000] "POST /mobius-yt HTTP/1.1" 201 - "-" "Mozilla/5.0 (Windows NT 10.0; WOW64) AppleWebKit/537.36 (KHTML, like Gecko) Chrome/48.0.2564.116 Safari/537.36"
::1 - - [14/Mar/2016:07:25:14 +0000] "POST /mobius-yt/ryeubi HTTP/1.1" - - "-" "Mozilla/5.0 (Windows NT 10.0; WOW64) AppleWebKit/537.36 (KHTML, like Gecko) Chrome/48.0.2564.116 Safari/537.36"
::1 - - [14/Mar/2016:07:25:38 +0000] "GET /mobius-yt/ryeubi/ss_11_ctrl HTTP/1.1" - - "-" "Mozilla/5.0 (Windows NT 10.0; WOW64) AppleWebKit/537.36 (KHTML, like Gecko) Chrome/48.0.2564.116 Safari/537.36"
::1 - - [14/Mar/2016:07:25:38 +0000] "GET /mobius-yt/ryeubi/ss_11_ctrl HTTP/1.1" 200 - "-" "Mozilla/5.0 (Windows NT 10.0; WOW64) AppleWebKit/537.36 (KHTML, like Gecko) Chrome/48.0.2564.116 Safari/537.36"
::1 - - [14/Mar/2016:07:26:17 +0000] "DELETE /mobius-yt/ryeubi HTTP/1.1" 202 - "-" "Mozilla/5.0 (Windows NT 10.0; WOW64) AppleWebKit/537.36 (KHTML, like Gecko) Chrome/48.0.2564.116 Safari/537.36"
::1 - - [14/Mar/2016:07:27:09 +0000] "POST /mobius-yt HTTP/1.1" 201 - "-" "Mozilla/5.0 (Windows NT 10.0; WOW64) AppleWebKit/537.36 (KHTML, like Gecko) Chrome/48.0.2564.116 Safari/537.36"
::1 - - [14/Mar/2016:07:29:43 +0000] "POST /mobius-yt/ryeubi HTTP/1.1" - - "-" "Mozilla/5.0 (Windows NT 10.0; WOW64) AppleWebKit/537.36 (KHTML, like Gecko) Chrome/48.0.2564.116 Safari/537.36"
::1 - - [14/Mar/2016:07:30:06 +0000] "POST /mobius-yt/ryeubi HTTP/1.1" 409 - "-" "Mozilla/5.0 (Windows NT 10.0; WOW64) AppleWebKit/537.36 (KHTML, like Gecko) Chrome/48.0.2564.116 Safari/537.36"
::1 - - [14/Mar/2016:07:30:25 +0000] "DELETE /mobius-yt/ryeubi/ss_11_ctrl HTTP/1.1" 202 - "-" "Mozilla/5.0 (Windows NT 10.0; WOW64) AppleWebKit/537.36 (KHTML, like Gecko) Chrome/48.0.2564.116 Safari/537.36"
::1 - - [14/Mar/2016:07:30:51 +0000] "POST /mobius-yt/ryeubi HTTP/1.1" 201 - "-" "Mozilla/5.0 (Windows NT 10.0; WOW64) AppleWebKit/537.36 (KHTML, like Gecko) Chrome/48.0.2564.116 Safari/537.36"
::1 - - [14/Mar/2016:07:31:12 +0000] "GET /mobius-yt/ryeubi/ss_11_ctrl HTTP/1.1" 200 - "-" "Mozilla/5.0 (Windows NT 10.0; WOW64) AppleWebKit/537.36 (KHTML, like Gecko) Chrome/48.0.2564.116 Safari/537.36"
::1 - - [14/Mar/2016:08:17:44 +0000] "POST /mobius-yt/onem2mcar/light HTTP/1.1" 201 - "-" "Mozilla/5.0 (Windows NT 10.0; WOW64) AppleWebKit/537.36 (KHTML, like Gecko) Chrome/48.0.2564.116 Safari/537.36"
::1 - - [14/Mar/2016:08:17:59 +0000] "GET /mobius-yt/AE_1/container_1/latest HTTP/1.1" 500 - "-" "Mozilla/5.0 (Windows NT 10.0; WOW64) AppleWebKit/537.36 (KHTML, like Gecko) Chrome/48.0.2564.116 Safari/537.36"
::1 - - [14/Mar/2016:08:18:14 +0000] "GET /mobius-yt/ryeubi/ss_11_ctrl HTTP/1.1" 200 - "-" "Mozilla/5.0 (Windows NT 10.0; WOW64) AppleWebKit/537.36 (KHTML, like Gecko) Chrome/48.0.2564.116 Safari/537.36"
::1 - - [14/Mar/2016:08:29:49 +0000] "GET /mobius-yt HTTP/1.1" 500 - "-" "Mozilla/5.0 (Windows NT 10.0; WOW64) AppleWebKit/537.36 (KHTML, like Gecko) Chrome/48.0.2564.116 Safari/537.36"
::1 - - [14/Mar/2016:08:47:29 +0000] "GET /mobius-yt HTTP/1.1" 200 - "-" "Mozilla/5.0 (Windows NT 10.0; WOW64) AppleWebKit/537.36 (KHTML, like Gecko) Chrome/48.0.2564.116 Safari/537.36"
::1 - - [14/Mar/2016:08:48:01 +0000] "GET /mobius-yt HTTP/1.1" 200 - "-" "Mozilla/5.0 (Windows NT 10.0; WOW64) AppleWebKit/537.36 (KHTML, like Gecko) Chrome/48.0.2564.116 Safari/537.36"
::1 - - [14/Mar/2016:09:14:17 +0000] "POST /mobius-yt HTTP/1.1" 500 - "-" "Mozilla/5.0 (Windows NT 10.0; WOW64) AppleWebKit/537.36 (KHTML, like Gecko) Chrome/48.0.2564.116 Safari/537.36"
::1 - - [14/Mar/2016:09:17:56 +0000] "POST /mobius-yt HTTP/1.1" 201 - "-" "Mozilla/5.0 (Windows NT 10.0; WOW64) AppleWebKit/537.36 (KHTML, like Gecko) Chrome/48.0.2564.116 Safari/537.36"
::1 - - [14/Mar/2016:09:19:08 +0000] "GET /mobius-yt/test000118 HTTP/1.1" 200 - "-" "Mozilla/5.0 (Windows NT 10.0; WOW64) AppleWebKit/537.36 (KHTML, like Gecko) Chrome/48.0.2564.116 Safari/537.36"
::1 - - [14/Mar/2016:09:20:05 +0000] "PUT /mobius-yt/test000118 HTTP/1.1" 400 - "-" "Mozilla/5.0 (Windows NT 10.0; WOW64) AppleWebKit/537.36 (KHTML, like Gecko) Chrome/48.0.2564.116 Safari/537.36"
::1 - - [14/Mar/2016:09:26:15 +0000] "PUT /mobius-yt/test000118 HTTP/1.1" 400 - "-" "Mozilla/5.0 (Windows NT 10.0; WOW64) AppleWebKit/537.36 (KHTML, like Gecko) Chrome/48.0.2564.116 Safari/537.36"
::1 - - [14/Mar/2016:09:27:12 +0000] "PUT /mobius-yt/test000118 HTTP/1.1" 400 - "-" "Mozilla/5.0 (Windows NT 10.0; WOW64) AppleWebKit/537.36 (KHTML, like Gecko) Chrome/48.0.2564.116 Safari/537.36"
::1 - - [14/Mar/2016:09:27:42 +0000] "PUT /mobius-yt/test000118 HTTP/1.1" 400 - "-" "Mozilla/5.0 (Windows NT 10.0; WOW64) AppleWebKit/537.36 (KHTML, like Gecko) Chrome/48.0.2564.116 Safari/537.36"
::1 - - [14/Mar/2016:09:28:27 +0000] "PUT /mobius-yt/test000118 HTTP/1.1" 400 - "-" "Mozilla/5.0 (Windows NT 10.0; WOW64) AppleWebKit/537.36 (KHTML, like Gecko) Chrome/48.0.2564.116 Safari/537.36"
::1 - - [14/Mar/2016:09:28:52 +0000] "PUT /mobius-yt/test000118 HTTP/1.1" 400 - "-" "Mozilla/5.0 (Windows NT 10.0; WOW64) AppleWebKit/537.36 (KHTML, like Gecko) Chrome/48.0.2564.116 Safari/537.36"
::1 - - [14/Mar/2016:09:31:54 +0000] "PUT /mobius-yt/test000118 HTTP/1.1" 500 - "-" "Mozilla/5.0 (Windows NT 10.0; WOW64) AppleWebKit/537.36 (KHTML, like Gecko) Chrome/48.0.2564.116 Safari/537.36"
::1 - - [14/Mar/2016:09:32:57 +0000] "PUT /mobius-yt/test000118 HTTP/1.1" 200 - "-" "Mozilla/5.0 (Windows NT 10.0; WOW64) AppleWebKit/537.36 (KHTML, like Gecko) Chrome/48.0.2564.116 Safari/537.36"
::1 - - [14/Mar/2016:09:40:27 +0000] "PUT /mobius-yt/test000118 HTTP/1.1" 200 - "-" "Mozilla/5.0 (Windows NT 10.0; WOW64) AppleWebKit/537.36 (KHTML, like Gecko) Chrome/48.0.2564.116 Safari/537.36"
::1 - - [14/Mar/2016:09:40:52 +0000] "DELETE /mobius-yt/test000118 HTTP/1.1" 500 - "-" "Mozilla/5.0 (Windows NT 10.0; WOW64) AppleWebKit/537.36 (KHTML, like Gecko) Chrome/48.0.2564.116 Safari/537.36"
::1 - - [14/Mar/2016:09:44:41 +0000] "DELETE /mobius-yt/test000118 HTTP/1.1" 202 - "-" "Mozilla/5.0 (Windows NT 10.0; WOW64) AppleWebKit/537.36 (KHTML, like Gecko) Chrome/48.0.2564.116 Safari/537.36"
::1 - - [14/Mar/2016:09:45:13 +0000] "GET /mobius-yt HTTP/1.1" 200 - "-" "Mozilla/5.0 (Windows NT 10.0; WOW64) AppleWebKit/537.36 (KHTML, like Gecko) Chrome/48.0.2564.116 Safari/537.36"
::1 - - [14/Mar/2016:09:45:37 +0000] "GET /mobius-yt HTTP/1.1" 200 - "-" "Mozilla/5.0 (Windows NT 10.0; WOW64) AppleWebKit/537.36 (KHTML, like Gecko) Chrome/48.0.2564.116 Safari/537.36"
::1 - - [14/Mar/2016:09:45:45 +0000] "GET /mobius-yt HTTP/1.1" 200 - "-" "Mozilla/5.0 (Windows NT 10.0; WOW64) AppleWebKit/537.36 (KHTML, like Gecko) Chrome/48.0.2564.116 Safari/537.36"
