::1 - - [07/Apr/2016:04:10:36 +0000] "GET /mobius-yt HTTP/1.1" 200 - "-" "Mozilla/5.0 (Windows NT 10.0; WOW64) AppleWebKit/537.36 (KHTML, like Gecko) Chrome/49.0.2623.110 Safari/537.36"
::1 - - [07/Apr/2016:04:10:42 +0000] "POST /mobius-yt HTTP/1.1" 409 - "-" "Mozilla/5.0 (Windows NT 10.0; WOW64) AppleWebKit/537.36 (KHTML, like Gecko) Chrome/49.0.2623.110 Safari/537.36"
::1 - - [07/Apr/2016:04:10:45 +0000] "GET /mobius-yt/ryeubi-csr HTTP/1.1" 403 - "-" "Mozilla/5.0 (Windows NT 10.0; WOW64) AppleWebKit/537.36 (KHTML, like Gecko) Chrome/49.0.2623.110 Safari/537.36"
::1 - - [07/Apr/2016:04:10:50 +0000] "GET /mobius-yt/AE_1 HTTP/1.1" 200 - "-" "Mozilla/5.0 (Windows NT 10.0; WOW64) AppleWebKit/537.36 (KHTML, like Gecko) Chrome/49.0.2623.110 Safari/537.36"
::1 - - [07/Apr/2016:04:11:11 +0000] "GET /mobius-yt/AE_1 HTTP/1.1" 200 - "-" "Mozilla/5.0 (Windows NT 10.0; WOW64) AppleWebKit/537.36 (KHTML, like Gecko) Chrome/49.0.2623.110 Safari/537.36"
::1 - - [07/Apr/2016:04:11:35 +0000] "GET /mobius-yt/AE_1/semantic_1 HTTP/1.1" 404 - "-" "Mozilla/5.0 (Windows NT 10.0; WOW64) AppleWebKit/537.36 (KHTML, like Gecko) Chrome/49.0.2623.110 Safari/537.36"
::1 - - [07/Apr/2016:04:11:38 +0000] "POST /mobius-yt/AE_1 HTTP/1.1" 201 - "-" "Mozilla/5.0 (Windows NT 10.0; WOW64) AppleWebKit/537.36 (KHTML, like Gecko) Chrome/49.0.2623.110 Safari/537.36"
::1 - - [07/Apr/2016:04:14:12 +0000] "DELETE /mobius-yt/AE_1/semantic_1 HTTP/1.1" 200 - "-" "Mozilla/5.0 (Windows NT 10.0; WOW64) AppleWebKit/537.36 (KHTML, like Gecko) Chrome/49.0.2623.110 Safari/537.36"
::1 - - [07/Apr/2016:04:14:17 +0000] "POST /mobius-yt/AE_1 HTTP/1.1" 201 - "-" "Mozilla/5.0 (Windows NT 10.0; WOW64) AppleWebKit/537.36 (KHTML, like Gecko) Chrome/49.0.2623.110 Safari/537.36"
::1 - - [07/Apr/2016:04:17:40 +0000] "POST /mobius-yt/AE_1 HTTP/1.1" 201 - "-" "Mozilla/5.0 (Windows NT 10.0; WOW64) AppleWebKit/537.36 (KHTML, like Gecko) Chrome/49.0.2623.110 Safari/537.36"
::1 - - [07/Apr/2016:04:22:38 +0000] "POST /mobius-yt/AE_1 HTTP/1.1" 201 - "-" "Mozilla/5.0 (Windows NT 10.0; WOW64) AppleWebKit/537.36 (KHTML, like Gecko) Chrome/49.0.2623.110 Safari/537.36"
::1 - - [07/Apr/2016:04:22:56 +0000] "GET /mobius-yt/AE_1/semantic_1 HTTP/1.1" 200 - "-" "Mozilla/5.0 (Windows NT 10.0; WOW64) AppleWebKit/537.36 (KHTML, like Gecko) Chrome/49.0.2623.110 Safari/537.36"
::1 - - [07/Apr/2016:04:23:04 +0000] "PUT /mobius-yt/AE_1/semantic_1 HTTP/1.1" 200 - "-" "Mozilla/5.0 (Windows NT 10.0; WOW64) AppleWebKit/537.36 (KHTML, like Gecko) Chrome/49.0.2623.110 Safari/537.36"
::1 - - [07/Apr/2016:04:24:28 +0000] "POST /mobius-yt/AE_1 HTTP/1.1" 201 - "-" "Mozilla/5.0 (Windows NT 10.0; WOW64) AppleWebKit/537.36 (KHTML, like Gecko) Chrome/49.0.2623.110 Safari/537.36"
::1 - - [07/Apr/2016:04:24:38 +0000] "GET /mobius-yt/AE_1/semantic_1 HTTP/1.1" 200 - "-" "Mozilla/5.0 (Windows NT 10.0; WOW64) AppleWebKit/537.36 (KHTML, like Gecko) Chrome/49.0.2623.110 Safari/537.36"
::1 - - [07/Apr/2016:04:26:58 +0000] "PUT /mobius-yt/AE_1/semantic_1 HTTP/1.1" 200 - "-" "Mozilla/5.0 (Windows NT 10.0; WOW64) AppleWebKit/537.36 (KHTML, like Gecko) Chrome/49.0.2623.110 Safari/537.36"
::1 - - [07/Apr/2016:04:29:45 +0000] "PUT /mobius-yt/AE_1/semantic_1 HTTP/1.1" 200 - "-" "Mozilla/5.0 (Windows NT 10.0; WOW64) AppleWebKit/537.36 (KHTML, like Gecko) Chrome/49.0.2623.110 Safari/537.36"
::1 - - [07/Apr/2016:04:29:47 +0000] "PUT /mobius-yt/AE_1/semantic_1 HTTP/1.1" 200 - "-" "Mozilla/5.0 (Windows NT 10.0; WOW64) AppleWebKit/537.36 (KHTML, like Gecko) Chrome/49.0.2623.110 Safari/537.36"
::1 - - [07/Apr/2016:04:29:48 +0000] "PUT /mobius-yt/AE_1/semantic_1 HTTP/1.1" 200 - "-" "Mozilla/5.0 (Windows NT 10.0; WOW64) AppleWebKit/537.36 (KHTML, like Gecko) Chrome/49.0.2623.110 Safari/537.36"
::1 - - [07/Apr/2016:04:29:48 +0000] "PUT /mobius-yt/AE_1/semantic_1 HTTP/1.1" 200 - "-" "Mozilla/5.0 (Windows NT 10.0; WOW64) AppleWebKit/537.36 (KHTML, like Gecko) Chrome/49.0.2623.110 Safari/537.36"
::1 - - [07/Apr/2016:04:29:48 +0000] "PUT /mobius-yt/AE_1/semantic_1 HTTP/1.1" 200 - "-" "Mozilla/5.0 (Windows NT 10.0; WOW64) AppleWebKit/537.36 (KHTML, like Gecko) Chrome/49.0.2623.110 Safari/537.36"
::1 - - [07/Apr/2016:04:29:49 +0000] "PUT /mobius-yt/AE_1/semantic_1 HTTP/1.1" 200 - "-" "Mozilla/5.0 (Windows NT 10.0; WOW64) AppleWebKit/537.36 (KHTML, like Gecko) Chrome/49.0.2623.110 Safari/537.36"
::1 - - [07/Apr/2016:04:29:49 +0000] "PUT /mobius-yt/AE_1/semantic_1 HTTP/1.1" 200 - "-" "Mozilla/5.0 (Windows NT 10.0; WOW64) AppleWebKit/537.36 (KHTML, like Gecko) Chrome/49.0.2623.110 Safari/537.36"
::1 - - [07/Apr/2016:04:29:49 +0000] "PUT /mobius-yt/AE_1/semantic_1 HTTP/1.1" 200 - "-" "Mozilla/5.0 (Windows NT 10.0; WOW64) AppleWebKit/537.36 (KHTML, like Gecko) Chrome/49.0.2623.110 Safari/537.36"
::1 - - [07/Apr/2016:04:29:49 +0000] "PUT /mobius-yt/AE_1/semantic_1 HTTP/1.1" 200 - "-" "Mozilla/5.0 (Windows NT 10.0; WOW64) AppleWebKit/537.36 (KHTML, like Gecko) Chrome/49.0.2623.110 Safari/537.36"
::1 - - [07/Apr/2016:04:29:49 +0000] "PUT /mobius-yt/AE_1/semantic_1 HTTP/1.1" 200 - "-" "Mozilla/5.0 (Windows NT 10.0; WOW64) AppleWebKit/537.36 (KHTML, like Gecko) Chrome/49.0.2623.110 Safari/537.36"
::1 - - [07/Apr/2016:04:29:50 +0000] "PUT /mobius-yt/AE_1/semantic_1 HTTP/1.1" 200 - "-" "Mozilla/5.0 (Windows NT 10.0; WOW64) AppleWebKit/537.36 (KHTML, like Gecko) Chrome/49.0.2623.110 Safari/537.36"
::1 - - [07/Apr/2016:04:29:50 +0000] "PUT /mobius-yt/AE_1/semantic_1 HTTP/1.1" 200 - "-" "Mozilla/5.0 (Windows NT 10.0; WOW64) AppleWebKit/537.36 (KHTML, like Gecko) Chrome/49.0.2623.110 Safari/537.36"
::1 - - [07/Apr/2016:04:29:50 +0000] "PUT /mobius-yt/AE_1/semantic_1 HTTP/1.1" 200 - "-" "Mozilla/5.0 (Windows NT 10.0; WOW64) AppleWebKit/537.36 (KHTML, like Gecko) Chrome/49.0.2623.110 Safari/537.36"
::1 - - [07/Apr/2016:04:29:50 +0000] "PUT /mobius-yt/AE_1/semantic_1 HTTP/1.1" 200 - "-" "Mozilla/5.0 (Windows NT 10.0; WOW64) AppleWebKit/537.36 (KHTML, like Gecko) Chrome/49.0.2623.110 Safari/537.36"
::1 - - [07/Apr/2016:04:29:50 +0000] "PUT /mobius-yt/AE_1/semantic_1 HTTP/1.1" 200 - "-" "Mozilla/5.0 (Windows NT 10.0; WOW64) AppleWebKit/537.36 (KHTML, like Gecko) Chrome/49.0.2623.110 Safari/537.36"
::1 - - [07/Apr/2016:04:29:50 +0000] "PUT /mobius-yt/AE_1/semantic_1 HTTP/1.1" 200 - "-" "Mozilla/5.0 (Windows NT 10.0; WOW64) AppleWebKit/537.36 (KHTML, like Gecko) Chrome/49.0.2623.110 Safari/537.36"
::1 - - [07/Apr/2016:04:29:51 +0000] "PUT /mobius-yt/AE_1/semantic_1 HTTP/1.1" 200 - "-" "Mozilla/5.0 (Windows NT 10.0; WOW64) AppleWebKit/537.36 (KHTML, like Gecko) Chrome/49.0.2623.110 Safari/537.36"
::1 - - [07/Apr/2016:04:29:51 +0000] "PUT /mobius-yt/AE_1/semantic_1 HTTP/1.1" 200 - "-" "Mozilla/5.0 (Windows NT 10.0; WOW64) AppleWebKit/537.36 (KHTML, like Gecko) Chrome/49.0.2623.110 Safari/537.36"
::1 - - [07/Apr/2016:04:29:51 +0000] "PUT /mobius-yt/AE_1/semantic_1 HTTP/1.1" 200 - "-" "Mozilla/5.0 (Windows NT 10.0; WOW64) AppleWebKit/537.36 (KHTML, like Gecko) Chrome/49.0.2623.110 Safari/537.36"
::1 - - [07/Apr/2016:04:29:51 +0000] "PUT /mobius-yt/AE_1/semantic_1 HTTP/1.1" 200 - "-" "Mozilla/5.0 (Windows NT 10.0; WOW64) AppleWebKit/537.36 (KHTML, like Gecko) Chrome/49.0.2623.110 Safari/537.36"
::1 - - [07/Apr/2016:04:29:51 +0000] "PUT /mobius-yt/AE_1/semantic_1 HTTP/1.1" 200 - "-" "Mozilla/5.0 (Windows NT 10.0; WOW64) AppleWebKit/537.36 (KHTML, like Gecko) Chrome/49.0.2623.110 Safari/537.36"
::1 - - [07/Apr/2016:04:29:52 +0000] "PUT /mobius-yt/AE_1/semantic_1 HTTP/1.1" 200 - "-" "Mozilla/5.0 (Windows NT 10.0; WOW64) AppleWebKit/537.36 (KHTML, like Gecko) Chrome/49.0.2623.110 Safari/537.36"
::1 - - [07/Apr/2016:04:29:52 +0000] "PUT /mobius-yt/AE_1/semantic_1 HTTP/1.1" 200 - "-" "Mozilla/5.0 (Windows NT 10.0; WOW64) AppleWebKit/537.36 (KHTML, like Gecko) Chrome/49.0.2623.110 Safari/537.36"
::1 - - [07/Apr/2016:04:29:52 +0000] "PUT /mobius-yt/AE_1/semantic_1 HTTP/1.1" 200 - "-" "Mozilla/5.0 (Windows NT 10.0; WOW64) AppleWebKit/537.36 (KHTML, like Gecko) Chrome/49.0.2623.110 Safari/537.36"
::1 - - [07/Apr/2016:04:29:52 +0000] "PUT /mobius-yt/AE_1/semantic_1 HTTP/1.1" 200 - "-" "Mozilla/5.0 (Windows NT 10.0; WOW64) AppleWebKit/537.36 (KHTML, like Gecko) Chrome/49.0.2623.110 Safari/537.36"
::1 - - [07/Apr/2016:04:29:52 +0000] "PUT /mobius-yt/AE_1/semantic_1 HTTP/1.1" 200 - "-" "Mozilla/5.0 (Windows NT 10.0; WOW64) AppleWebKit/537.36 (KHTML, like Gecko) Chrome/49.0.2623.110 Safari/537.36"
::1 - - [07/Apr/2016:04:29:53 +0000] "PUT /mobius-yt/AE_1/semantic_1 HTTP/1.1" 200 - "-" "Mozilla/5.0 (Windows NT 10.0; WOW64) AppleWebKit/537.36 (KHTML, like Gecko) Chrome/49.0.2623.110 Safari/537.36"
::1 - - [07/Apr/2016:04:29:53 +0000] "PUT /mobius-yt/AE_1/semantic_1 HTTP/1.1" 200 - "-" "Mozilla/5.0 (Windows NT 10.0; WOW64) AppleWebKit/537.36 (KHTML, like Gecko) Chrome/49.0.2623.110 Safari/537.36"
::1 - - [07/Apr/2016:04:29:53 +0000] "PUT /mobius-yt/AE_1/semantic_1 HTTP/1.1" 200 - "-" "Mozilla/5.0 (Windows NT 10.0; WOW64) AppleWebKit/537.36 (KHTML, like Gecko) Chrome/49.0.2623.110 Safari/537.36"
::1 - - [07/Apr/2016:04:29:53 +0000] "PUT /mobius-yt/AE_1/semantic_1 HTTP/1.1" 200 - "-" "Mozilla/5.0 (Windows NT 10.0; WOW64) AppleWebKit/537.36 (KHTML, like Gecko) Chrome/49.0.2623.110 Safari/537.36"
::1 - - [07/Apr/2016:04:29:53 +0000] "PUT /mobius-yt/AE_1/semantic_1 HTTP/1.1" 200 - "-" "Mozilla/5.0 (Windows NT 10.0; WOW64) AppleWebKit/537.36 (KHTML, like Gecko) Chrome/49.0.2623.110 Safari/537.36"
::1 - - [07/Apr/2016:04:29:53 +0000] "PUT /mobius-yt/AE_1/semantic_1 HTTP/1.1" 200 - "-" "Mozilla/5.0 (Windows NT 10.0; WOW64) AppleWebKit/537.36 (KHTML, like Gecko) Chrome/49.0.2623.110 Safari/537.36"
::1 - - [07/Apr/2016:04:29:54 +0000] "PUT /mobius-yt/AE_1/semantic_1 HTTP/1.1" 200 - "-" "Mozilla/5.0 (Windows NT 10.0; WOW64) AppleWebKit/537.36 (KHTML, like Gecko) Chrome/49.0.2623.110 Safari/537.36"
::1 - - [07/Apr/2016:04:29:54 +0000] "PUT /mobius-yt/AE_1/semantic_1 HTTP/1.1" 200 - "-" "Mozilla/5.0 (Windows NT 10.0; WOW64) AppleWebKit/537.36 (KHTML, like Gecko) Chrome/49.0.2623.110 Safari/537.36"
::1 - - [07/Apr/2016:04:29:54 +0000] "PUT /mobius-yt/AE_1/semantic_1 HTTP/1.1" 200 - "-" "Mozilla/5.0 (Windows NT 10.0; WOW64) AppleWebKit/537.36 (KHTML, like Gecko) Chrome/49.0.2623.110 Safari/537.36"
::1 - - [07/Apr/2016:04:29:59 +0000] "DELETE /mobius-yt/AE_1/semantic_1 HTTP/1.1" 200 - "-" "Mozilla/5.0 (Windows NT 10.0; WOW64) AppleWebKit/537.36 (KHTML, like Gecko) Chrome/49.0.2623.110 Safari/537.36"
::1 - - [07/Apr/2016:04:30:03 +0000] "POST /mobius-yt/AE_1 HTTP/1.1" 201 - "-" "Mozilla/5.0 (Windows NT 10.0; WOW64) AppleWebKit/537.36 (KHTML, like Gecko) Chrome/49.0.2623.110 Safari/537.36"
::1 - - [07/Apr/2016:04:30:05 +0000] "GET /mobius-yt/AE_1/semantic_1 HTTP/1.1" 200 - "-" "Mozilla/5.0 (Windows NT 10.0; WOW64) AppleWebKit/537.36 (KHTML, like Gecko) Chrome/49.0.2623.110 Safari/537.36"
::1 - - [07/Apr/2016:04:30:07 +0000] "PUT /mobius-yt/AE_1/semantic_1 HTTP/1.1" 200 - "-" "Mozilla/5.0 (Windows NT 10.0; WOW64) AppleWebKit/537.36 (KHTML, like Gecko) Chrome/49.0.2623.110 Safari/537.36"
::1 - - [07/Apr/2016:04:30:25 +0000] "GET /mobius-yt/AE_1/semantic_1 HTTP/1.1" 200 - "-" "Mozilla/5.0 (Windows NT 10.0; WOW64) AppleWebKit/537.36 (KHTML, like Gecko) Chrome/49.0.2623.110 Safari/537.36"
::1 - - [07/Apr/2016:04:32:26 +0000] "GET /mobius-yt/AE_1/semantic_1 HTTP/1.1" 200 - "-" "Mozilla/5.0 (Windows NT 10.0; WOW64) AppleWebKit/537.36 (KHTML, like Gecko) Chrome/49.0.2623.110 Safari/537.36"
::1 - - [07/Apr/2016:04:32:33 +0000] "GET /mobius-yt/AE_1/semantic_1 HTTP/1.1" 200 - "-" "Mozilla/5.0 (Windows NT 10.0; WOW64) AppleWebKit/537.36 (KHTML, like Gecko) Chrome/49.0.2623.110 Safari/537.36"
::ffff:127.0.0.1 - - [07/Apr/2016:09:15:32 +0000] "GET /mobius-yt HTTP/1.1" 200 - "-" "-"
::ffff:127.0.0.1 - - [07/Apr/2016:09:15:32 +0000] "GET /mobius-yt?fu=1&ty=25 HTTP/1.1" 200 - "-" "-"
::1 - - [07/Apr/2016:09:40:03 +0000] "POST /mobius-yt/ryeubi/ss_11_ctrl HTTP/1.1" 404 - "-" "Mozilla/5.0 (Windows NT 10.0; WOW64) AppleWebKit/537.36 (KHTML, like Gecko) Chrome/49.0.2623.110 Safari/537.36"
::1 - - [07/Apr/2016:09:40:36 +0000] "POST /mobius-yt/seahorse/ss_1_ctrl HTTP/1.1" 404 - "-" "Mozilla/5.0 (Windows NT 10.0; WOW64) AppleWebKit/537.36 (KHTML, like Gecko) Chrome/49.0.2623.110 Safari/537.36"
