::ffff:127.0.0.1 - - [18/Jul/2016:03:37:26 +0000] "GET /mobius HTTP/1.1" 200 - "-" "-"
::ffff:127.0.0.1 - - [18/Jul/2016:03:37:26 +0000] "GET /mobius?fu=1&ty=25 HTTP/1.1" 404 - "-" "-"
::ffff:127.0.0.1 - - [18/Jul/2016:03:42:44 +0000] "GET /mobius HTTP/1.1" 200 - "-" "-"
::ffff:127.0.0.1 - - [18/Jul/2016:03:42:44 +0000] "GET /mobius?fu=1&ty=25 HTTP/1.1" 404 - "-" "-"
::ffff:127.0.0.1 - - [18/Jul/2016:05:11:03 +0000] "GET /mobius HTTP/1.1" 200 - "-" "-"
::ffff:127.0.0.1 - - [18/Jul/2016:05:11:03 +0000] "GET /mobius?fu=1&ty=25 HTTP/1.1" 404 - "-" "-"
::1 - - [18/Jul/2016:05:11:13 +0000] "GET /mobius-yt HTTP/1.1" 500 - "-" "Mozilla/5.0 (Windows NT 10.0; WOW64) AppleWebKit/537.36 (KHTML, like Gecko) Chrome/51.0.2704.103 Safari/537.36"
::1 - - [18/Jul/2016:05:11:21 +0000] "GET /mobius HTTP/1.1" 200 - "-" "Mozilla/5.0 (Windows NT 10.0; WOW64) AppleWebKit/537.36 (KHTML, like Gecko) Chrome/51.0.2704.103 Safari/537.36"
::1 - - [18/Jul/2016:05:11:28 +0000] "GET /mobius?ty=2 HTTP/1.1" 200 - "-" "Mozilla/5.0 (Windows NT 10.0; WOW64) AppleWebKit/537.36 (KHTML, like Gecko) Chrome/51.0.2704.103 Safari/537.36"
::1 - - [18/Jul/2016:05:11:53 +0000] "GET /mobius?fu=1&ty=2 HTTP/1.1" 200 - "-" "Mozilla/5.0 (Windows NT 10.0; WOW64) AppleWebKit/537.36 (KHTML, like Gecko) Chrome/51.0.2704.103 Safari/537.36"
::1 - - [18/Jul/2016:05:18:48 +0000] "GET /mobius HTTP/1.1" 200 - "-" "Mozilla/5.0 (Windows NT 10.0; WOW64) AppleWebKit/537.36 (KHTML, like Gecko) Chrome/51.0.2704.103 Safari/537.36"
::1 - - [18/Jul/2016:05:23:49 +0000] "POST /mobius HTTP/1.1" 201 - "-" "Mozilla/5.0 (Windows NT 10.0; WOW64) AppleWebKit/537.36 (KHTML, like Gecko) Chrome/51.0.2704.103 Safari/537.36"
::1 - - [18/Jul/2016:05:24:06 +0000] "GET /mobius-yt/ryeubi HTTP/1.1" 500 - "-" "Mozilla/5.0 (Windows NT 10.0; WOW64) AppleWebKit/537.36 (KHTML, like Gecko) Chrome/51.0.2704.103 Safari/537.36"
::1 - - [18/Jul/2016:05:24:11 +0000] "GET /mobius/ryeubi HTTP/1.1" 403 - "-" "Mozilla/5.0 (Windows NT 10.0; WOW64) AppleWebKit/537.36 (KHTML, like Gecko) Chrome/51.0.2704.103 Safari/537.36"
::1 - - [18/Jul/2016:05:24:45 +0000] "POST /mobius-yt HTTP/1.1" 500 - "-" "Mozilla/5.0 (Windows NT 10.0; WOW64) AppleWebKit/537.36 (KHTML, like Gecko) Chrome/51.0.2704.103 Safari/537.36"
::1 - - [18/Jul/2016:05:24:50 +0000] "POST /mobius HTTP/1.1" 409 - "-" "Mozilla/5.0 (Windows NT 10.0; WOW64) AppleWebKit/537.36 (KHTML, like Gecko) Chrome/51.0.2704.103 Safari/537.36"
::1 - - [18/Jul/2016:05:25:01 +0000] "POST /mobius HTTP/1.1" 201 - "-" "Mozilla/5.0 (Windows NT 10.0; WOW64) AppleWebKit/537.36 (KHTML, like Gecko) Chrome/51.0.2704.103 Safari/537.36"
::1 - - [18/Jul/2016:05:25:09 +0000] "POST /mobius-yt/ryeubi3 HTTP/1.1" 500 - "-" "Mozilla/5.0 (Windows NT 10.0; WOW64) AppleWebKit/537.36 (KHTML, like Gecko) Chrome/51.0.2704.103 Safari/537.36"
::1 - - [18/Jul/2016:05:25:14 +0000] "POST /mobius/ryeubi3 HTTP/1.1" 201 - "-" "Mozilla/5.0 (Windows NT 10.0; WOW64) AppleWebKit/537.36 (KHTML, like Gecko) Chrome/51.0.2704.103 Safari/537.36"
::1 - - [18/Jul/2016:05:25:43 +0000] "POST /mobius-yt/ryeubi3/ss HTTP/1.1" 500 - "-" "Mozilla/5.0 (Windows NT 10.0; WOW64) AppleWebKit/537.36 (KHTML, like Gecko) Chrome/51.0.2704.103 Safari/537.36"
::1 - - [18/Jul/2016:05:25:47 +0000] "POST /mobius/ryeubi3/ss HTTP/1.1" 201 - "-" "Mozilla/5.0 (Windows NT 10.0; WOW64) AppleWebKit/537.36 (KHTML, like Gecko) Chrome/51.0.2704.103 Safari/537.36"
::1 - - [18/Jul/2016:05:25:48 +0000] "POST /mobius/ryeubi3/ss HTTP/1.1" 201 - "-" "Mozilla/5.0 (Windows NT 10.0; WOW64) AppleWebKit/537.36 (KHTML, like Gecko) Chrome/51.0.2704.103 Safari/537.36"
::1 - - [18/Jul/2016:05:25:48 +0000] "POST /mobius/ryeubi3/ss HTTP/1.1" 201 - "-" "Mozilla/5.0 (Windows NT 10.0; WOW64) AppleWebKit/537.36 (KHTML, like Gecko) Chrome/51.0.2704.103 Safari/537.36"
::1 - - [18/Jul/2016:05:25:48 +0000] "POST /mobius/ryeubi3/ss HTTP/1.1" 201 - "-" "Mozilla/5.0 (Windows NT 10.0; WOW64) AppleWebKit/537.36 (KHTML, like Gecko) Chrome/51.0.2704.103 Safari/537.36"
::1 - - [18/Jul/2016:05:25:49 +0000] "POST /mobius/ryeubi3/ss HTTP/1.1" 201 - "-" "Mozilla/5.0 (Windows NT 10.0; WOW64) AppleWebKit/537.36 (KHTML, like Gecko) Chrome/51.0.2704.103 Safari/537.36"
::1 - - [18/Jul/2016:05:25:49 +0000] "POST /mobius/ryeubi3/ss HTTP/1.1" 201 - "-" "Mozilla/5.0 (Windows NT 10.0; WOW64) AppleWebKit/537.36 (KHTML, like Gecko) Chrome/51.0.2704.103 Safari/537.36"
::1 - - [18/Jul/2016:05:25:49 +0000] "POST /mobius/ryeubi3/ss HTTP/1.1" 201 - "-" "Mozilla/5.0 (Windows NT 10.0; WOW64) AppleWebKit/537.36 (KHTML, like Gecko) Chrome/51.0.2704.103 Safari/537.36"
::1 - - [18/Jul/2016:05:25:49 +0000] "POST /mobius/ryeubi3/ss HTTP/1.1" 201 - "-" "Mozilla/5.0 (Windows NT 10.0; WOW64) AppleWebKit/537.36 (KHTML, like Gecko) Chrome/51.0.2704.103 Safari/537.36"
::1 - - [18/Jul/2016:05:25:49 +0000] "POST /mobius/ryeubi3/ss HTTP/1.1" 201 - "-" "Mozilla/5.0 (Windows NT 10.0; WOW64) AppleWebKit/537.36 (KHTML, like Gecko) Chrome/51.0.2704.103 Safari/537.36"
::1 - - [18/Jul/2016:05:25:50 +0000] "POST /mobius/ryeubi3/ss HTTP/1.1" 201 - "-" "Mozilla/5.0 (Windows NT 10.0; WOW64) AppleWebKit/537.36 (KHTML, like Gecko) Chrome/51.0.2704.103 Safari/537.36"
::1 - - [18/Jul/2016:05:25:50 +0000] "POST /mobius/ryeubi3/ss HTTP/1.1" 201 - "-" "Mozilla/5.0 (Windows NT 10.0; WOW64) AppleWebKit/537.36 (KHTML, like Gecko) Chrome/51.0.2704.103 Safari/537.36"
::1 - - [18/Jul/2016:05:25:50 +0000] "POST /mobius/ryeubi3/ss HTTP/1.1" 201 - "-" "Mozilla/5.0 (Windows NT 10.0; WOW64) AppleWebKit/537.36 (KHTML, like Gecko) Chrome/51.0.2704.103 Safari/537.36"
::1 - - [18/Jul/2016:05:25:50 +0000] "POST /mobius/ryeubi3/ss HTTP/1.1" 201 - "-" "Mozilla/5.0 (Windows NT 10.0; WOW64) AppleWebKit/537.36 (KHTML, like Gecko) Chrome/51.0.2704.103 Safari/537.36"
::1 - - [18/Jul/2016:05:25:51 +0000] "POST /mobius/ryeubi3/ss HTTP/1.1" 201 - "-" "Mozilla/5.0 (Windows NT 10.0; WOW64) AppleWebKit/537.36 (KHTML, like Gecko) Chrome/51.0.2704.103 Safari/537.36"
::1 - - [18/Jul/2016:05:25:51 +0000] "POST /mobius/ryeubi3/ss HTTP/1.1" 201 - "-" "Mozilla/5.0 (Windows NT 10.0; WOW64) AppleWebKit/537.36 (KHTML, like Gecko) Chrome/51.0.2704.103 Safari/537.36"
::1 - - [18/Jul/2016:05:25:51 +0000] "POST /mobius/ryeubi3/ss HTTP/1.1" 201 - "-" "Mozilla/5.0 (Windows NT 10.0; WOW64) AppleWebKit/537.36 (KHTML, like Gecko) Chrome/51.0.2704.103 Safari/537.36"
::1 - - [18/Jul/2016:05:25:51 +0000] "POST /mobius/ryeubi3/ss HTTP/1.1" 201 - "-" "Mozilla/5.0 (Windows NT 10.0; WOW64) AppleWebKit/537.36 (KHTML, like Gecko) Chrome/51.0.2704.103 Safari/537.36"
::1 - - [18/Jul/2016:05:25:51 +0000] "POST /mobius/ryeubi3/ss HTTP/1.1" 201 - "-" "Mozilla/5.0 (Windows NT 10.0; WOW64) AppleWebKit/537.36 (KHTML, like Gecko) Chrome/51.0.2704.103 Safari/537.36"
::1 - - [18/Jul/2016:05:25:52 +0000] "POST /mobius/ryeubi3/ss HTTP/1.1" 201 - "-" "Mozilla/5.0 (Windows NT 10.0; WOW64) AppleWebKit/537.36 (KHTML, like Gecko) Chrome/51.0.2704.103 Safari/537.36"
::1 - - [18/Jul/2016:05:25:52 +0000] "POST /mobius/ryeubi3/ss HTTP/1.1" 201 - "-" "Mozilla/5.0 (Windows NT 10.0; WOW64) AppleWebKit/537.36 (KHTML, like Gecko) Chrome/51.0.2704.103 Safari/537.36"
::1 - - [18/Jul/2016:05:25:52 +0000] "POST /mobius/ryeubi3/ss HTTP/1.1" 201 - "-" "Mozilla/5.0 (Windows NT 10.0; WOW64) AppleWebKit/537.36 (KHTML, like Gecko) Chrome/51.0.2704.103 Safari/537.36"
::1 - - [18/Jul/2016:05:25:52 +0000] "POST /mobius/ryeubi3/ss HTTP/1.1" 201 - "-" "Mozilla/5.0 (Windows NT 10.0; WOW64) AppleWebKit/537.36 (KHTML, like Gecko) Chrome/51.0.2704.103 Safari/537.36"
::1 - - [18/Jul/2016:05:25:53 +0000] "POST /mobius/ryeubi3/ss HTTP/1.1" 201 - "-" "Mozilla/5.0 (Windows NT 10.0; WOW64) AppleWebKit/537.36 (KHTML, like Gecko) Chrome/51.0.2704.103 Safari/537.36"
::1 - - [18/Jul/2016:05:25:53 +0000] "POST /mobius/ryeubi3/ss HTTP/1.1" 201 - "-" "Mozilla/5.0 (Windows NT 10.0; WOW64) AppleWebKit/537.36 (KHTML, like Gecko) Chrome/51.0.2704.103 Safari/537.36"
::1 - - [18/Jul/2016:05:25:53 +0000] "POST /mobius/ryeubi3/ss HTTP/1.1" 201 - "-" "Mozilla/5.0 (Windows NT 10.0; WOW64) AppleWebKit/537.36 (KHTML, like Gecko) Chrome/51.0.2704.103 Safari/537.36"
::1 - - [18/Jul/2016:05:25:53 +0000] "POST /mobius/ryeubi3/ss HTTP/1.1" 201 - "-" "Mozilla/5.0 (Windows NT 10.0; WOW64) AppleWebKit/537.36 (KHTML, like Gecko) Chrome/51.0.2704.103 Safari/537.36"
::1 - - [18/Jul/2016:05:25:54 +0000] "POST /mobius/ryeubi3/ss HTTP/1.1" 201 - "-" "Mozilla/5.0 (Windows NT 10.0; WOW64) AppleWebKit/537.36 (KHTML, like Gecko) Chrome/51.0.2704.103 Safari/537.36"
::1 - - [18/Jul/2016:05:25:54 +0000] "POST /mobius/ryeubi3/ss HTTP/1.1" 201 - "-" "Mozilla/5.0 (Windows NT 10.0; WOW64) AppleWebKit/537.36 (KHTML, like Gecko) Chrome/51.0.2704.103 Safari/537.36"
::1 - - [18/Jul/2016:05:25:55 +0000] "POST /mobius/ryeubi3/ss HTTP/1.1" 201 - "-" "Mozilla/5.0 (Windows NT 10.0; WOW64) AppleWebKit/537.36 (KHTML, like Gecko) Chrome/51.0.2704.103 Safari/537.36"
::1 - - [18/Jul/2016:05:25:55 +0000] "POST /mobius/ryeubi3/ss HTTP/1.1" 201 - "-" "Mozilla/5.0 (Windows NT 10.0; WOW64) AppleWebKit/537.36 (KHTML, like Gecko) Chrome/51.0.2704.103 Safari/537.36"
::1 - - [18/Jul/2016:05:25:55 +0000] "POST /mobius/ryeubi3/ss HTTP/1.1" 201 - "-" "Mozilla/5.0 (Windows NT 10.0; WOW64) AppleWebKit/537.36 (KHTML, like Gecko) Chrome/51.0.2704.103 Safari/537.36"
::1 - - [18/Jul/2016:05:25:56 +0000] "POST /mobius/ryeubi3/ss HTTP/1.1" 201 - "-" "Mozilla/5.0 (Windows NT 10.0; WOW64) AppleWebKit/537.36 (KHTML, like Gecko) Chrome/51.0.2704.103 Safari/537.36"
::1 - - [18/Jul/2016:05:25:56 +0000] "POST /mobius/ryeubi3/ss HTTP/1.1" 201 - "-" "Mozilla/5.0 (Windows NT 10.0; WOW64) AppleWebKit/537.36 (KHTML, like Gecko) Chrome/51.0.2704.103 Safari/537.36"
::1 - - [18/Jul/2016:05:25:57 +0000] "POST /mobius/ryeubi3/ss HTTP/1.1" 201 - "-" "Mozilla/5.0 (Windows NT 10.0; WOW64) AppleWebKit/537.36 (KHTML, like Gecko) Chrome/51.0.2704.103 Safari/537.36"
::1 - - [18/Jul/2016:05:25:57 +0000] "POST /mobius/ryeubi3/ss HTTP/1.1" 201 - "-" "Mozilla/5.0 (Windows NT 10.0; WOW64) AppleWebKit/537.36 (KHTML, like Gecko) Chrome/51.0.2704.103 Safari/537.36"
::1 - - [18/Jul/2016:05:25:58 +0000] "POST /mobius/ryeubi3/ss HTTP/1.1" 201 - "-" "Mozilla/5.0 (Windows NT 10.0; WOW64) AppleWebKit/537.36 (KHTML, like Gecko) Chrome/51.0.2704.103 Safari/537.36"
::1 - - [18/Jul/2016:05:25:58 +0000] "POST /mobius/ryeubi3/ss HTTP/1.1" 201 - "-" "Mozilla/5.0 (Windows NT 10.0; WOW64) AppleWebKit/537.36 (KHTML, like Gecko) Chrome/51.0.2704.103 Safari/537.36"
::1 - - [18/Jul/2016:05:25:58 +0000] "POST /mobius/ryeubi3/ss HTTP/1.1" 201 - "-" "Mozilla/5.0 (Windows NT 10.0; WOW64) AppleWebKit/537.36 (KHTML, like Gecko) Chrome/51.0.2704.103 Safari/537.36"
::1 - - [18/Jul/2016:05:25:58 +0000] "POST /mobius/ryeubi3/ss HTTP/1.1" 201 - "-" "Mozilla/5.0 (Windows NT 10.0; WOW64) AppleWebKit/537.36 (KHTML, like Gecko) Chrome/51.0.2704.103 Safari/537.36"
::1 - - [18/Jul/2016:05:25:59 +0000] "POST /mobius/ryeubi3/ss HTTP/1.1" 201 - "-" "Mozilla/5.0 (Windows NT 10.0; WOW64) AppleWebKit/537.36 (KHTML, like Gecko) Chrome/51.0.2704.103 Safari/537.36"
::1 - - [18/Jul/2016:05:26:03 +0000] "POST /mobius/ryeubi3/ss HTTP/1.1" 201 - "-" "Mozilla/5.0 (Windows NT 10.0; WOW64) AppleWebKit/537.36 (KHTML, like Gecko) Chrome/51.0.2704.103 Safari/537.36"
::1 - - [18/Jul/2016:05:26:03 +0000] "POST /mobius/ryeubi3/ss HTTP/1.1" 201 - "-" "Mozilla/5.0 (Windows NT 10.0; WOW64) AppleWebKit/537.36 (KHTML, like Gecko) Chrome/51.0.2704.103 Safari/537.36"
::1 - - [18/Jul/2016:05:26:04 +0000] "POST /mobius/ryeubi3/ss HTTP/1.1" 201 - "-" "Mozilla/5.0 (Windows NT 10.0; WOW64) AppleWebKit/537.36 (KHTML, like Gecko) Chrome/51.0.2704.103 Safari/537.36"
::1 - - [18/Jul/2016:05:26:04 +0000] "POST /mobius/ryeubi3/ss HTTP/1.1" 201 - "-" "Mozilla/5.0 (Windows NT 10.0; WOW64) AppleWebKit/537.36 (KHTML, like Gecko) Chrome/51.0.2704.103 Safari/537.36"
::1 - - [18/Jul/2016:05:26:04 +0000] "POST /mobius/ryeubi3/ss HTTP/1.1" 201 - "-" "Mozilla/5.0 (Windows NT 10.0; WOW64) AppleWebKit/537.36 (KHTML, like Gecko) Chrome/51.0.2704.103 Safari/537.36"
::1 - - [18/Jul/2016:05:26:04 +0000] "POST /mobius/ryeubi3/ss HTTP/1.1" 201 - "-" "Mozilla/5.0 (Windows NT 10.0; WOW64) AppleWebKit/537.36 (KHTML, like Gecko) Chrome/51.0.2704.103 Safari/537.36"
::1 - - [18/Jul/2016:05:26:04 +0000] "POST /mobius/ryeubi3/ss HTTP/1.1" 201 - "-" "Mozilla/5.0 (Windows NT 10.0; WOW64) AppleWebKit/537.36 (KHTML, like Gecko) Chrome/51.0.2704.103 Safari/537.36"
::1 - - [18/Jul/2016:05:26:05 +0000] "POST /mobius/ryeubi3/ss HTTP/1.1" 201 - "-" "Mozilla/5.0 (Windows NT 10.0; WOW64) AppleWebKit/537.36 (KHTML, like Gecko) Chrome/51.0.2704.103 Safari/537.36"
::1 - - [18/Jul/2016:05:26:05 +0000] "POST /mobius/ryeubi3/ss HTTP/1.1" 201 - "-" "Mozilla/5.0 (Windows NT 10.0; WOW64) AppleWebKit/537.36 (KHTML, like Gecko) Chrome/51.0.2704.103 Safari/537.36"
::1 - - [18/Jul/2016:05:26:05 +0000] "POST /mobius/ryeubi3/ss HTTP/1.1" 201 - "-" "Mozilla/5.0 (Windows NT 10.0; WOW64) AppleWebKit/537.36 (KHTML, like Gecko) Chrome/51.0.2704.103 Safari/537.36"
::1 - - [18/Jul/2016:05:26:05 +0000] "POST /mobius/ryeubi3/ss HTTP/1.1" 201 - "-" "Mozilla/5.0 (Windows NT 10.0; WOW64) AppleWebKit/537.36 (KHTML, like Gecko) Chrome/51.0.2704.103 Safari/537.36"
::1 - - [18/Jul/2016:05:26:05 +0000] "POST /mobius/ryeubi3/ss HTTP/1.1" 201 - "-" "Mozilla/5.0 (Windows NT 10.0; WOW64) AppleWebKit/537.36 (KHTML, like Gecko) Chrome/51.0.2704.103 Safari/537.36"
::1 - - [18/Jul/2016:05:26:06 +0000] "POST /mobius/ryeubi3/ss HTTP/1.1" 201 - "-" "Mozilla/5.0 (Windows NT 10.0; WOW64) AppleWebKit/537.36 (KHTML, like Gecko) Chrome/51.0.2704.103 Safari/537.36"
::1 - - [18/Jul/2016:05:26:06 +0000] "POST /mobius/ryeubi3/ss HTTP/1.1" 201 - "-" "Mozilla/5.0 (Windows NT 10.0; WOW64) AppleWebKit/537.36 (KHTML, like Gecko) Chrome/51.0.2704.103 Safari/537.36"
::1 - - [18/Jul/2016:05:26:06 +0000] "POST /mobius/ryeubi3/ss HTTP/1.1" 201 - "-" "Mozilla/5.0 (Windows NT 10.0; WOW64) AppleWebKit/537.36 (KHTML, like Gecko) Chrome/51.0.2704.103 Safari/537.36"
::1 - - [18/Jul/2016:05:26:06 +0000] "POST /mobius/ryeubi3/ss HTTP/1.1" 201 - "-" "Mozilla/5.0 (Windows NT 10.0; WOW64) AppleWebKit/537.36 (KHTML, like Gecko) Chrome/51.0.2704.103 Safari/537.36"
::1 - - [18/Jul/2016:05:26:07 +0000] "POST /mobius/ryeubi3/ss HTTP/1.1" 201 - "-" "Mozilla/5.0 (Windows NT 10.0; WOW64) AppleWebKit/537.36 (KHTML, like Gecko) Chrome/51.0.2704.103 Safari/537.36"
::1 - - [18/Jul/2016:05:26:07 +0000] "POST /mobius/ryeubi3/ss HTTP/1.1" 201 - "-" "Mozilla/5.0 (Windows NT 10.0; WOW64) AppleWebKit/537.36 (KHTML, like Gecko) Chrome/51.0.2704.103 Safari/537.36"
::1 - - [18/Jul/2016:05:26:41 +0000] "POST /mobius/ryeubi3/ss HTTP/1.1" 201 - "-" "Mozilla/5.0 (Windows NT 10.0; WOW64) AppleWebKit/537.36 (KHTML, like Gecko) Chrome/51.0.2704.103 Safari/537.36"
::1 - - [18/Jul/2016:05:26:41 +0000] "POST /mobius/ryeubi3/ss HTTP/1.1" 201 - "-" "Mozilla/5.0 (Windows NT 10.0; WOW64) AppleWebKit/537.36 (KHTML, like Gecko) Chrome/51.0.2704.103 Safari/537.36"
::1 - - [18/Jul/2016:05:26:41 +0000] "POST /mobius/ryeubi3/ss HTTP/1.1" 201 - "-" "Mozilla/5.0 (Windows NT 10.0; WOW64) AppleWebKit/537.36 (KHTML, like Gecko) Chrome/51.0.2704.103 Safari/537.36"
::1 - - [18/Jul/2016:05:26:41 +0000] "POST /mobius/ryeubi3/ss HTTP/1.1" 201 - "-" "Mozilla/5.0 (Windows NT 10.0; WOW64) AppleWebKit/537.36 (KHTML, like Gecko) Chrome/51.0.2704.103 Safari/537.36"
::1 - - [18/Jul/2016:05:26:41 +0000] "POST /mobius/ryeubi3/ss HTTP/1.1" 201 - "-" "Mozilla/5.0 (Windows NT 10.0; WOW64) AppleWebKit/537.36 (KHTML, like Gecko) Chrome/51.0.2704.103 Safari/537.36"
::1 - - [18/Jul/2016:05:26:42 +0000] "POST /mobius/ryeubi3/ss HTTP/1.1" 201 - "-" "Mozilla/5.0 (Windows NT 10.0; WOW64) AppleWebKit/537.36 (KHTML, like Gecko) Chrome/51.0.2704.103 Safari/537.36"
::1 - - [18/Jul/2016:05:26:42 +0000] "POST /mobius/ryeubi3/ss HTTP/1.1" 201 - "-" "Mozilla/5.0 (Windows NT 10.0; WOW64) AppleWebKit/537.36 (KHTML, like Gecko) Chrome/51.0.2704.103 Safari/537.36"
::1 - - [18/Jul/2016:05:26:42 +0000] "POST /mobius/ryeubi3/ss HTTP/1.1" 201 - "-" "Mozilla/5.0 (Windows NT 10.0; WOW64) AppleWebKit/537.36 (KHTML, like Gecko) Chrome/51.0.2704.103 Safari/537.36"
::1 - - [18/Jul/2016:05:26:42 +0000] "POST /mobius/ryeubi3/ss HTTP/1.1" 201 - "-" "Mozilla/5.0 (Windows NT 10.0; WOW64) AppleWebKit/537.36 (KHTML, like Gecko) Chrome/51.0.2704.103 Safari/537.36"
::1 - - [18/Jul/2016:05:26:43 +0000] "POST /mobius/ryeubi3/ss HTTP/1.1" 201 - "-" "Mozilla/5.0 (Windows NT 10.0; WOW64) AppleWebKit/537.36 (KHTML, like Gecko) Chrome/51.0.2704.103 Safari/537.36"
::1 - - [18/Jul/2016:05:26:43 +0000] "POST /mobius/ryeubi3/ss HTTP/1.1" 201 - "-" "Mozilla/5.0 (Windows NT 10.0; WOW64) AppleWebKit/537.36 (KHTML, like Gecko) Chrome/51.0.2704.103 Safari/537.36"
::1 - - [18/Jul/2016:05:26:43 +0000] "POST /mobius/ryeubi3/ss HTTP/1.1" 201 - "-" "Mozilla/5.0 (Windows NT 10.0; WOW64) AppleWebKit/537.36 (KHTML, like Gecko) Chrome/51.0.2704.103 Safari/537.36"
::1 - - [18/Jul/2016:05:26:43 +0000] "POST /mobius/ryeubi3/ss HTTP/1.1" 201 - "-" "Mozilla/5.0 (Windows NT 10.0; WOW64) AppleWebKit/537.36 (KHTML, like Gecko) Chrome/51.0.2704.103 Safari/537.36"
::1 - - [18/Jul/2016:05:26:43 +0000] "POST /mobius/ryeubi3/ss HTTP/1.1" 201 - "-" "Mozilla/5.0 (Windows NT 10.0; WOW64) AppleWebKit/537.36 (KHTML, like Gecko) Chrome/51.0.2704.103 Safari/537.36"
::1 - - [18/Jul/2016:05:26:44 +0000] "POST /mobius/ryeubi3/ss HTTP/1.1" 201 - "-" "Mozilla/5.0 (Windows NT 10.0; WOW64) AppleWebKit/537.36 (KHTML, like Gecko) Chrome/51.0.2704.103 Safari/537.36"
::1 - - [18/Jul/2016:05:26:44 +0000] "POST /mobius/ryeubi3/ss HTTP/1.1" 201 - "-" "Mozilla/5.0 (Windows NT 10.0; WOW64) AppleWebKit/537.36 (KHTML, like Gecko) Chrome/51.0.2704.103 Safari/537.36"
::1 - - [18/Jul/2016:05:26:44 +0000] "POST /mobius/ryeubi3/ss HTTP/1.1" 201 - "-" "Mozilla/5.0 (Windows NT 10.0; WOW64) AppleWebKit/537.36 (KHTML, like Gecko) Chrome/51.0.2704.103 Safari/537.36"
::1 - - [18/Jul/2016:05:26:44 +0000] "POST /mobius/ryeubi3/ss HTTP/1.1" 201 - "-" "Mozilla/5.0 (Windows NT 10.0; WOW64) AppleWebKit/537.36 (KHTML, like Gecko) Chrome/51.0.2704.103 Safari/537.36"
::1 - - [18/Jul/2016:05:26:44 +0000] "POST /mobius/ryeubi3/ss HTTP/1.1" 201 - "-" "Mozilla/5.0 (Windows NT 10.0; WOW64) AppleWebKit/537.36 (KHTML, like Gecko) Chrome/51.0.2704.103 Safari/537.36"
::1 - - [18/Jul/2016:05:26:45 +0000] "POST /mobius/ryeubi3/ss HTTP/1.1" 201 - "-" "Mozilla/5.0 (Windows NT 10.0; WOW64) AppleWebKit/537.36 (KHTML, like Gecko) Chrome/51.0.2704.103 Safari/537.36"
::1 - - [18/Jul/2016:05:26:45 +0000] "POST /mobius/ryeubi3/ss HTTP/1.1" 201 - "-" "Mozilla/5.0 (Windows NT 10.0; WOW64) AppleWebKit/537.36 (KHTML, like Gecko) Chrome/51.0.2704.103 Safari/537.36"
::1 - - [18/Jul/2016:05:26:45 +0000] "POST /mobius/ryeubi3/ss HTTP/1.1" 201 - "-" "Mozilla/5.0 (Windows NT 10.0; WOW64) AppleWebKit/537.36 (KHTML, like Gecko) Chrome/51.0.2704.103 Safari/537.36"
::1 - - [18/Jul/2016:05:26:45 +0000] "POST /mobius/ryeubi3/ss HTTP/1.1" 201 - "-" "Mozilla/5.0 (Windows NT 10.0; WOW64) AppleWebKit/537.36 (KHTML, like Gecko) Chrome/51.0.2704.103 Safari/537.36"
::1 - - [18/Jul/2016:05:26:46 +0000] "POST /mobius/ryeubi3/ss HTTP/1.1" 201 - "-" "Mozilla/5.0 (Windows NT 10.0; WOW64) AppleWebKit/537.36 (KHTML, like Gecko) Chrome/51.0.2704.103 Safari/537.36"
::1 - - [18/Jul/2016:05:26:46 +0000] "POST /mobius/ryeubi3/ss HTTP/1.1" 201 - "-" "Mozilla/5.0 (Windows NT 10.0; WOW64) AppleWebKit/537.36 (KHTML, like Gecko) Chrome/51.0.2704.103 Safari/537.36"
::1 - - [18/Jul/2016:05:26:47 +0000] "POST /mobius/ryeubi3/ss HTTP/1.1" 201 - "-" "Mozilla/5.0 (Windows NT 10.0; WOW64) AppleWebKit/537.36 (KHTML, like Gecko) Chrome/51.0.2704.103 Safari/537.36"
::1 - - [18/Jul/2016:05:26:47 +0000] "POST /mobius/ryeubi3/ss HTTP/1.1" 201 - "-" "Mozilla/5.0 (Windows NT 10.0; WOW64) AppleWebKit/537.36 (KHTML, like Gecko) Chrome/51.0.2704.103 Safari/537.36"
::1 - - [18/Jul/2016:05:26:47 +0000] "POST /mobius/ryeubi3/ss HTTP/1.1" 201 - "-" "Mozilla/5.0 (Windows NT 10.0; WOW64) AppleWebKit/537.36 (KHTML, like Gecko) Chrome/51.0.2704.103 Safari/537.36"
::1 - - [18/Jul/2016:05:26:48 +0000] "POST /mobius/ryeubi3/ss HTTP/1.1" 201 - "-" "Mozilla/5.0 (Windows NT 10.0; WOW64) AppleWebKit/537.36 (KHTML, like Gecko) Chrome/51.0.2704.103 Safari/537.36"
::1 - - [18/Jul/2016:05:26:48 +0000] "POST /mobius/ryeubi3/ss HTTP/1.1" 201 - "-" "Mozilla/5.0 (Windows NT 10.0; WOW64) AppleWebKit/537.36 (KHTML, like Gecko) Chrome/51.0.2704.103 Safari/537.36"
::1 - - [18/Jul/2016:05:26:48 +0000] "POST /mobius/ryeubi3/ss HTTP/1.1" 201 - "-" "Mozilla/5.0 (Windows NT 10.0; WOW64) AppleWebKit/537.36 (KHTML, like Gecko) Chrome/51.0.2704.103 Safari/537.36"
::1 - - [18/Jul/2016:05:26:49 +0000] "POST /mobius/ryeubi3/ss HTTP/1.1" 201 - "-" "Mozilla/5.0 (Windows NT 10.0; WOW64) AppleWebKit/537.36 (KHTML, like Gecko) Chrome/51.0.2704.103 Safari/537.36"
::1 - - [18/Jul/2016:05:26:49 +0000] "POST /mobius/ryeubi3/ss HTTP/1.1" 201 - "-" "Mozilla/5.0 (Windows NT 10.0; WOW64) AppleWebKit/537.36 (KHTML, like Gecko) Chrome/51.0.2704.103 Safari/537.36"
::1 - - [18/Jul/2016:05:26:50 +0000] "POST /mobius/ryeubi3/ss HTTP/1.1" 201 - "-" "Mozilla/5.0 (Windows NT 10.0; WOW64) AppleWebKit/537.36 (KHTML, like Gecko) Chrome/51.0.2704.103 Safari/537.36"
::1 - - [18/Jul/2016:05:26:50 +0000] "POST /mobius/ryeubi3/ss HTTP/1.1" 201 - "-" "Mozilla/5.0 (Windows NT 10.0; WOW64) AppleWebKit/537.36 (KHTML, like Gecko) Chrome/51.0.2704.103 Safari/537.36"
::1 - - [18/Jul/2016:05:26:50 +0000] "POST /mobius/ryeubi3/ss HTTP/1.1" 201 - "-" "Mozilla/5.0 (Windows NT 10.0; WOW64) AppleWebKit/537.36 (KHTML, like Gecko) Chrome/51.0.2704.103 Safari/537.36"
::1 - - [18/Jul/2016:05:26:50 +0000] "POST /mobius/ryeubi3/ss HTTP/1.1" 201 - "-" "Mozilla/5.0 (Windows NT 10.0; WOW64) AppleWebKit/537.36 (KHTML, like Gecko) Chrome/51.0.2704.103 Safari/537.36"
::1 - - [18/Jul/2016:05:26:50 +0000] "POST /mobius/ryeubi3/ss HTTP/1.1" 201 - "-" "Mozilla/5.0 (Windows NT 10.0; WOW64) AppleWebKit/537.36 (KHTML, like Gecko) Chrome/51.0.2704.103 Safari/537.36"
::ffff:127.0.0.1 - - [18/Jul/2016:06:04:16 +0000] "GET /mobius HTTP/1.1" 200 - "-" "-"
::ffff:127.0.0.1 - - [18/Jul/2016:06:04:16 +0000] "GET /mobius?fu=1&ty=25 HTTP/1.1" 404 - "-" "-"
::ffff:127.0.0.1 - - [18/Jul/2016:06:05:06 +0000] "GET /mobius HTTP/1.1" 200 - "-" "-"
::ffff:127.0.0.1 - - [18/Jul/2016:06:05:06 +0000] "GET /mobius?fu=1&ty=25 HTTP/1.1" 404 - "-" "-"
::ffff:127.0.0.1 - - [18/Jul/2016:08:25:06 +0000] "GET /mobius HTTP/1.1" 200 - "-" "-"
::ffff:127.0.0.1 - - [18/Jul/2016:08:25:07 +0000] "GET /mobius?fu=1&ty=25 HTTP/1.1" 404 - "-" "-"
::1 - - [18/Jul/2016:08:25:24 +0000] "GET /mobius HTTP/1.1" 200 - "-" "Mozilla/5.0 (Windows NT 10.0; WOW64) AppleWebKit/537.36 (KHTML, like Gecko) Chrome/51.0.2704.103 Safari/537.36"
::1 - - [18/Jul/2016:08:25:38 +0000] "GET /mobius?ty=3 HTTP/1.1" 200 - "-" "Mozilla/5.0 (Windows NT 10.0; WOW64) AppleWebKit/537.36 (KHTML, like Gecko) Chrome/51.0.2704.103 Safari/537.36"
::1 - - [18/Jul/2016:08:25:47 +0000] "GET /mobius?ty=3&fu=1 HTTP/1.1" 200 - "-" "Mozilla/5.0 (Windows NT 10.0; WOW64) AppleWebKit/537.36 (KHTML, like Gecko) Chrome/51.0.2704.103 Safari/537.36"
::1 - - [18/Jul/2016:08:27:15 +0000] "GET /mobius/c067 HTTP/1.1" 200 - "-" "Mozilla/5.0 (Windows NT 10.0; WOW64) AppleWebKit/537.36 (KHTML, like Gecko) Chrome/51.0.2704.103 Safari/537.36"
::1 - - [18/Jul/2016:08:27:26 +0000] "GET /mobius/c067/s HTTP/1.1" 200 - "-" "Mozilla/5.0 (Windows NT 10.0; WOW64) AppleWebKit/537.36 (KHTML, like Gecko) Chrome/51.0.2704.103 Safari/537.36"
::1 - - [18/Jul/2016:08:27:44 +0000] "GET /mobius/c067/s?ty=4&lim=5 HTTP/1.1" 200 - "-" "Mozilla/5.0 (Windows NT 10.0; WOW64) AppleWebKit/537.36 (KHTML, like Gecko) Chrome/51.0.2704.103 Safari/537.36"
::1 - - [18/Jul/2016:08:28:02 +0000] "GET /mobius/c067/s?ty=4&lim=5&fu=1 HTTP/1.1" 200 - "-" "Mozilla/5.0 (Windows NT 10.0; WOW64) AppleWebKit/537.36 (KHTML, like Gecko) Chrome/51.0.2704.103 Safari/537.36"
::ffff:127.0.0.1 - - [18/Jul/2016:08:28:27 +0000] "GET /mobius HTTP/1.1" 200 - "-" "-"
::ffff:127.0.0.1 - - [18/Jul/2016:08:28:27 +0000] "GET /mobius?fu=1&ty=25 HTTP/1.1" 404 - "-" "-"
::1 - - [18/Jul/2016:08:29:04 +0000] "GET /mobius/c067/s?ty=4&lim=5&fu=1 HTTP/1.1" 200 - "-" "Mozilla/5.0 (Windows NT 10.0; WOW64) AppleWebKit/537.36 (KHTML, like Gecko) Chrome/51.0.2704.103 Safari/537.36"
::ffff:127.0.0.1 - - [18/Jul/2016:08:29:45 +0000] "GET /mobius HTTP/1.1" 200 - "-" "-"
::ffff:127.0.0.1 - - [18/Jul/2016:08:29:51 +0000] "GET /mobius?fu=1&ty=25 HTTP/1.1" 404 - "-" "-"
::1 - - [18/Jul/2016:08:30:44 +0000] "GET /mobius/c067/s?ty=4&lim=5&fu=1 HTTP/1.1" 200 - "-" "Mozilla/5.0 (Windows NT 10.0; WOW64) AppleWebKit/537.36 (KHTML, like Gecko) Chrome/51.0.2704.103 Safari/537.36"
::ffff:127.0.0.1 - - [18/Jul/2016:08:31:15 +0000] "GET /mobius HTTP/1.1" 200 - "-" "-"
::ffff:127.0.0.1 - - [18/Jul/2016:08:32:44 +0000] "GET /mobius HTTP/1.1" 200 - "-" "-"
::ffff:127.0.0.1 - - [18/Jul/2016:08:32:56 +0000] "GET /mobius?fu=1&ty=25 HTTP/1.1" 404 - "-" "-"
::1 - - [18/Jul/2016:08:36:52 +0000] "GET /mobius/c067/s?ty=4&lim=5&fu=1 HTTP/1.1" - - "-" "Mozilla/5.0 (Windows NT 10.0; WOW64) AppleWebKit/537.36 (KHTML, like Gecko) Chrome/51.0.2704.103 Safari/537.36"
::1 - - [18/Jul/2016:08:37:00 +0000] "GET /mobius/c067/s?ty=4&lim=5&fu=1 HTTP/1.1" 200 - "-" "Mozilla/5.0 (Windows NT 10.0; WOW64) AppleWebKit/537.36 (KHTML, like Gecko) Chrome/51.0.2704.103 Safari/537.36"
::ffff:127.0.0.1 - - [18/Jul/2016:08:37:12 +0000] "GET /mobius HTTP/1.1" 200 - "-" "-"
::1 - - [18/Jul/2016:08:37:17 +0000] "GET /mobius/c067/s?ty=4&lim=5&fu=1 HTTP/1.1" 200 - "-" "Mozilla/5.0 (Windows NT 10.0; WOW64) AppleWebKit/537.36 (KHTML, like Gecko) Chrome/51.0.2704.103 Safari/537.36"
::1 - - [18/Jul/2016:08:37:18 +0000] "GET /mobius/c067/s?ty=4&lim=5&fu=1 HTTP/1.1" 200 - "-" "Mozilla/5.0 (Windows NT 10.0; WOW64) AppleWebKit/537.36 (KHTML, like Gecko) Chrome/51.0.2704.103 Safari/537.36"
::1 - - [18/Jul/2016:08:37:19 +0000] "GET /mobius/c067/s?ty=4&lim=5&fu=1 HTTP/1.1" 200 - "-" "Mozilla/5.0 (Windows NT 10.0; WOW64) AppleWebKit/537.36 (KHTML, like Gecko) Chrome/51.0.2704.103 Safari/537.36"
::ffff:127.0.0.1 - - [18/Jul/2016:08:37:21 +0000] "GET /mobius?fu=1&ty=25 HTTP/1.1" 404 - "-" "-"
::1 - - [18/Jul/2016:08:37:21 +0000] "GET /mobius/c067/s?ty=4&lim=5&fu=1 HTTP/1.1" 200 - "-" "Mozilla/5.0 (Windows NT 10.0; WOW64) AppleWebKit/537.36 (KHTML, like Gecko) Chrome/51.0.2704.103 Safari/537.36"
::1 - - [18/Jul/2016:08:37:23 +0000] "GET /mobius/c067/s?ty=4&lim=5&fu=1 HTTP/1.1" 200 - "-" "Mozilla/5.0 (Windows NT 10.0; WOW64) AppleWebKit/537.36 (KHTML, like Gecko) Chrome/51.0.2704.103 Safari/537.36"
::1 - - [18/Jul/2016:08:37:25 +0000] "GET /mobius/c067/s?ty=4&lim=5&fu=1 HTTP/1.1" 200 - "-" "Mozilla/5.0 (Windows NT 10.0; WOW64) AppleWebKit/537.36 (KHTML, like Gecko) Chrome/51.0.2704.103 Safari/537.36"
::1 - - [18/Jul/2016:08:38:09 +0000] "GET /mobius?ty=2&fu=1 HTTP/1.1" 200 - "-" "Mozilla/5.0 (Windows NT 10.0; WOW64) AppleWebKit/537.36 (KHTML, like Gecko) Chrome/51.0.2704.103 Safari/537.36"
::1 - - [18/Jul/2016:08:38:28 +0000] "GET /mobius?ty=2&fu=1 HTTP/1.1" 200 - "-" "Mozilla/5.0 (Windows NT 10.0; WOW64) AppleWebKit/537.36 (KHTML, like Gecko) Chrome/51.0.2704.103 Safari/537.36"
::1 - - [18/Jul/2016:08:39:13 +0000] "GET /mobius?ty=2 HTTP/1.1" 200 - "-" "Mozilla/5.0 (Windows NT 10.0; WOW64) AppleWebKit/537.36 (KHTML, like Gecko) Chrome/51.0.2704.103 Safari/537.36"
::1 - - [18/Jul/2016:08:39:48 +0000] "GET /mobius?fu=1&ty=2 HTTP/1.1" 200 - "-" "Mozilla/5.0 (Windows NT 10.0; WOW64) AppleWebKit/537.36 (KHTML, like Gecko) Chrome/51.0.2704.103 Safari/537.36"
::ffff:127.0.0.1 - - [18/Jul/2016:08:41:00 +0000] "GET /mobius HTTP/1.1" 200 - "-" "-"
::1 - - [18/Jul/2016:08:42:20 +0000] "GET /mobius?fu=1&ty=2 HTTP/1.1" 200 - "-" "Mozilla/5.0 (Windows NT 10.0; WOW64) AppleWebKit/537.36 (KHTML, like Gecko) Chrome/51.0.2704.103 Safari/537.36"
::1 - - [18/Jul/2016:08:44:03 +0000] "GET /mobius?fu=1&ty=2 HTTP/1.1" 200 - "-" "Mozilla/5.0 (Windows NT 10.0; WOW64) AppleWebKit/537.36 (KHTML, like Gecko) Chrome/51.0.2704.103 Safari/537.36"
::1 - - [18/Jul/2016:08:44:17 +0000] "GET /mobius?fu=1&ty=2 HTTP/1.1" 200 - "-" "Mozilla/5.0 (Windows NT 10.0; WOW64) AppleWebKit/537.36 (KHTML, like Gecko) Chrome/51.0.2704.103 Safari/537.36"
::1 - - [18/Jul/2016:08:44:27 +0000] "GET /mobius?fu=1&ty=2 HTTP/1.1" 200 - "-" "Mozilla/5.0 (Windows NT 10.0; WOW64) AppleWebKit/537.36 (KHTML, like Gecko) Chrome/51.0.2704.103 Safari/537.36"
::ffff:127.0.0.1 - - [18/Jul/2016:08:44:27 +0000] "GET /mobius HTTP/1.1" 200 - "-" "-"
::ffff:127.0.0.1 - - [18/Jul/2016:08:44:27 +0000] "GET /mobius?fu=1&ty=25 HTTP/1.1" 404 - "-" "-"
::1 - - [18/Jul/2016:08:44:28 +0000] "GET /mobius?fu=1&ty=2 HTTP/1.1" 200 - "-" "Mozilla/5.0 (Windows NT 10.0; WOW64) AppleWebKit/537.36 (KHTML, like Gecko) Chrome/51.0.2704.103 Safari/537.36"
::1 - - [18/Jul/2016:08:44:29 +0000] "GET /mobius?fu=1&ty=2 HTTP/1.1" 200 - "-" "Mozilla/5.0 (Windows NT 10.0; WOW64) AppleWebKit/537.36 (KHTML, like Gecko) Chrome/51.0.2704.103 Safari/537.36"
::1 - - [18/Jul/2016:08:44:30 +0000] "GET /mobius?fu=1&ty=2 HTTP/1.1" 200 - "-" "Mozilla/5.0 (Windows NT 10.0; WOW64) AppleWebKit/537.36 (KHTML, like Gecko) Chrome/51.0.2704.103 Safari/537.36"
::1 - - [18/Jul/2016:08:44:31 +0000] "GET /mobius?fu=1&ty=2 HTTP/1.1" 200 - "-" "Mozilla/5.0 (Windows NT 10.0; WOW64) AppleWebKit/537.36 (KHTML, like Gecko) Chrome/51.0.2704.103 Safari/537.36"
::1 - - [18/Jul/2016:08:44:31 +0000] "GET /mobius?fu=1&ty=2 HTTP/1.1" 200 - "-" "Mozilla/5.0 (Windows NT 10.0; WOW64) AppleWebKit/537.36 (KHTML, like Gecko) Chrome/51.0.2704.103 Safari/537.36"
::1 - - [18/Jul/2016:08:44:31 +0000] "GET /mobius?fu=1&ty=2 HTTP/1.1" 200 - "-" "Mozilla/5.0 (Windows NT 10.0; WOW64) AppleWebKit/537.36 (KHTML, like Gecko) Chrome/51.0.2704.103 Safari/537.36"
::1 - - [18/Jul/2016:08:44:32 +0000] "GET /mobius?fu=1&ty=2 HTTP/1.1" 200 - "-" "Mozilla/5.0 (Windows NT 10.0; WOW64) AppleWebKit/537.36 (KHTML, like Gecko) Chrome/51.0.2704.103 Safari/537.36"
::1 - - [18/Jul/2016:08:44:32 +0000] "GET /mobius?fu=1&ty=2 HTTP/1.1" 200 - "-" "Mozilla/5.0 (Windows NT 10.0; WOW64) AppleWebKit/537.36 (KHTML, like Gecko) Chrome/51.0.2704.103 Safari/537.36"
::1 - - [18/Jul/2016:08:44:32 +0000] "GET /mobius?fu=1&ty=2 HTTP/1.1" 200 - "-" "Mozilla/5.0 (Windows NT 10.0; WOW64) AppleWebKit/537.36 (KHTML, like Gecko) Chrome/51.0.2704.103 Safari/537.36"
::1 - - [18/Jul/2016:08:44:32 +0000] "GET /mobius?fu=1&ty=2 HTTP/1.1" 200 - "-" "Mozilla/5.0 (Windows NT 10.0; WOW64) AppleWebKit/537.36 (KHTML, like Gecko) Chrome/51.0.2704.103 Safari/537.36"
::1 - - [18/Jul/2016:08:44:32 +0000] "GET /mobius?fu=1&ty=2 HTTP/1.1" 200 - "-" "Mozilla/5.0 (Windows NT 10.0; WOW64) AppleWebKit/537.36 (KHTML, like Gecko) Chrome/51.0.2704.103 Safari/537.36"
::1 - - [18/Jul/2016:08:44:33 +0000] "GET /mobius?fu=1&ty=2 HTTP/1.1" 200 - "-" "Mozilla/5.0 (Windows NT 10.0; WOW64) AppleWebKit/537.36 (KHTML, like Gecko) Chrome/51.0.2704.103 Safari/537.36"
::1 - - [18/Jul/2016:08:44:33 +0000] "GET /mobius?fu=1&ty=2 HTTP/1.1" 200 - "-" "Mozilla/5.0 (Windows NT 10.0; WOW64) AppleWebKit/537.36 (KHTML, like Gecko) Chrome/51.0.2704.103 Safari/537.36"
::1 - - [18/Jul/2016:08:44:33 +0000] "GET /mobius?fu=1&ty=2 HTTP/1.1" 200 - "-" "Mozilla/5.0 (Windows NT 10.0; WOW64) AppleWebKit/537.36 (KHTML, like Gecko) Chrome/51.0.2704.103 Safari/537.36"
::1 - - [18/Jul/2016:08:44:33 +0000] "GET /mobius?fu=1&ty=2 HTTP/1.1" 200 - "-" "Mozilla/5.0 (Windows NT 10.0; WOW64) AppleWebKit/537.36 (KHTML, like Gecko) Chrome/51.0.2704.103 Safari/537.36"
::1 - - [18/Jul/2016:08:44:39 +0000] "GET /mobius/c067/s?ty=4&lim=5&fu=1 HTTP/1.1" 200 - "-" "Mozilla/5.0 (Windows NT 10.0; WOW64) AppleWebKit/537.36 (KHTML, like Gecko) Chrome/51.0.2704.103 Safari/537.36"
::1 - - [18/Jul/2016:08:44:44 +0000] "GET /mobius/c067/s?ty=4&lim=5&fu=1 HTTP/1.1" 200 - "-" "Mozilla/5.0 (Windows NT 10.0; WOW64) AppleWebKit/537.36 (KHTML, like Gecko) Chrome/51.0.2704.103 Safari/537.36"
::1 - - [18/Jul/2016:08:45:02 +0000] "GET /mobius/c067/s?ty=4&fu=1 HTTP/1.1" 200 - "-" "Mozilla/5.0 (Windows NT 10.0; WOW64) AppleWebKit/537.36 (KHTML, like Gecko) Chrome/51.0.2704.103 Safari/537.36"
::1 - - [18/Jul/2016:08:45:17 +0000] "GET /mobius/c067/s?ty=4&fu=1&lim=5 HTTP/1.1" 200 - "-" "Mozilla/5.0 (Windows NT 10.0; WOW64) AppleWebKit/537.36 (KHTML, like Gecko) Chrome/51.0.2704.103 Safari/537.36"
::1 - - [18/Jul/2016:08:48:57 +0000] "GET /mobius/c067/s?ty=4&fu=1&lim=5 HTTP/1.1" 200 - "-" "Mozilla/5.0 (Windows NT 10.0; WOW64) AppleWebKit/537.36 (KHTML, like Gecko) Chrome/51.0.2704.103 Safari/537.36"
