::1 - - [28/Mar/2016:01:25:07 +0000] "POST /mobius-yt HTTP/1.1" 400 - "-" "Mozilla/5.0 (Windows NT 10.0; WOW64) AppleWebKit/537.36 (KHTML, like Gecko) Chrome/49.0.2623.87 Safari/537.36"
::1 - - [28/Mar/2016:01:25:52 +0000] "POST /mobius-yt HTTP/1.1" 400 - "-" "Mozilla/5.0 (Windows NT 10.0; WOW64) AppleWebKit/537.36 (KHTML, like Gecko) Chrome/49.0.2623.87 Safari/537.36"
::1 - - [28/Mar/2016:01:26:18 +0000] "POST /mobius-yt HTTP/1.1" 400 - "-" "Mozilla/5.0 (Windows NT 10.0; WOW64) AppleWebKit/537.36 (KHTML, like Gecko) Chrome/49.0.2623.87 Safari/537.36"
::1 - - [28/Mar/2016:01:26:45 +0000] "POST /mobius-yt HTTP/1.1" 400 - "-" "Mozilla/5.0 (Windows NT 10.0; WOW64) AppleWebKit/537.36 (KHTML, like Gecko) Chrome/49.0.2623.87 Safari/537.36"
::1 - - [28/Mar/2016:01:27:00 +0000] "POST /mobius-yt HTTP/1.1" 400 - "-" "Mozilla/5.0 (Windows NT 10.0; WOW64) AppleWebKit/537.36 (KHTML, like Gecko) Chrome/49.0.2623.87 Safari/537.36"
::1 - - [28/Mar/2016:01:27:28 +0000] "POST /mobius-yt HTTP/1.1" 400 - "-" "Mozilla/5.0 (Windows NT 10.0; WOW64) AppleWebKit/537.36 (KHTML, like Gecko) Chrome/49.0.2623.87 Safari/537.36"
::1 - - [28/Mar/2016:01:29:12 +0000] "POST /mobius-yt HTTP/1.1" 201 - "-" "Mozilla/5.0 (Windows NT 10.0; WOW64) AppleWebKit/537.36 (KHTML, like Gecko) Chrome/49.0.2623.87 Safari/537.36"
::1 - - [28/Mar/2016:01:49:25 +0000] "POST /mobius-yt HTTP/1.1" 400 - "-" "Mozilla/5.0 (Windows NT 10.0; WOW64) AppleWebKit/537.36 (KHTML, like Gecko) Chrome/49.0.2623.87 Safari/537.36"
::1 - - [28/Mar/2016:02:35:38 +0000] "POST /mobius-yt HTTP/1.1" - - "-" "Mozilla/5.0 (Windows NT 10.0; WOW64) AppleWebKit/537.36 (KHTML, like Gecko) Chrome/49.0.2623.87 Safari/537.36"
::ffff:203.254.173.163 - - [28/Mar/2016:02:36:10 +0000] "POST /mobius-yt HTTP/1.1" 409 - "-" "Mozilla/5.0 (Windows NT 10.0; WOW64) AppleWebKit/537.36 (KHTML, like Gecko) Chrome/49.0.2623.87 Safari/537.36"
::ffff:203.254.173.163 - - [28/Mar/2016:02:36:33 +0000] "POST /mobius-yt HTTP/1.1" 201 - "-" "Mozilla/5.0 (Windows NT 10.0; WOW64) AppleWebKit/537.36 (KHTML, like Gecko) Chrome/49.0.2623.87 Safari/537.36"
::1 - - [28/Mar/2016:03:20:26 +0000] "POST /mobius-yt/ryeubi HTTP/1.1" 201 - "-" "Mozilla/5.0 (Windows NT 10.0; WOW64) AppleWebKit/537.36 (KHTML, like Gecko) Chrome/49.0.2623.87 Safari/537.36"
::1 - - [28/Mar/2016:03:21:11 +0000] "POST /mobius-yt/ryeubi?rcn=0 HTTP/1.1" 409 - "-" "Mozilla/5.0 (Windows NT 10.0; WOW64) AppleWebKit/537.36 (KHTML, like Gecko) Chrome/49.0.2623.87 Safari/537.36"
::1 - - [28/Mar/2016:05:06:43 +0000] "POST /mobius-yt HTTP/1.1" 201 - "-" "Mozilla/5.0 (Windows NT 10.0; WOW64) AppleWebKit/537.36 (KHTML, like Gecko) Chrome/49.0.2623.87 Safari/537.36"
::1 - - [28/Mar/2016:05:17:12 +0000] "POST /mobius-yt HTTP/1.1" 201 - "-" "Mozilla/5.0 (Windows NT 10.0; WOW64) AppleWebKit/537.36 (KHTML, like Gecko) Chrome/49.0.2623.87 Safari/537.36"
::1 - - [28/Mar/2016:05:19:24 +0000] "POST /mobius-yt HTTP/1.1" 201 - "-" "Mozilla/5.0 (Windows NT 10.0; WOW64) AppleWebKit/537.36 (KHTML, like Gecko) Chrome/49.0.2623.87 Safari/537.36"
::1 - - [28/Mar/2016:05:19:37 +0000] "POST /mobius-yt HTTP/1.1" 201 - "-" "Mozilla/5.0 (Windows NT 10.0; WOW64) AppleWebKit/537.36 (KHTML, like Gecko) Chrome/49.0.2623.87 Safari/537.36"
::1 - - [28/Mar/2016:05:20:41 +0000] "POST /mobius-yt HTTP/1.1" 409 - "-" "Mozilla/5.0 (Windows NT 10.0; WOW64) AppleWebKit/537.36 (KHTML, like Gecko) Chrome/49.0.2623.87 Safari/537.36"
::1 - - [28/Mar/2016:05:20:58 +0000] "POST /mobius-yt HTTP/1.1" 201 - "-" "Mozilla/5.0 (Windows NT 10.0; WOW64) AppleWebKit/537.36 (KHTML, like Gecko) Chrome/49.0.2623.87 Safari/537.36"
::1 - - [28/Mar/2016:05:21:37 +0000] "POST /mobius-yt HTTP/1.1" 201 - "-" "Mozilla/5.0 (Windows NT 10.0; WOW64) AppleWebKit/537.36 (KHTML, like Gecko) Chrome/49.0.2623.87 Safari/537.36"
::1 - - [28/Mar/2016:05:27:31 +0000] "GET /mobius-yt/acp1 HTTP/1.1" 200 - "-" "Mozilla/5.0 (Windows NT 10.0; WOW64) AppleWebKit/537.36 (KHTML, like Gecko) Chrome/49.0.2623.87 Safari/537.36"
::1 - - [28/Mar/2016:05:33:38 +0000] "GET /mobius-yt/acp1 HTTP/1.1" 200 - "-" "Mozilla/5.0 (Windows NT 10.0; WOW64) AppleWebKit/537.36 (KHTML, like Gecko) Chrome/49.0.2623.87 Safari/537.36"
::1 - - [28/Mar/2016:05:59:22 +0000] "GET /mobius-yt/acp1 HTTP/1.1" 200 - "-" "Mozilla/5.0 (Windows NT 10.0; WOW64) AppleWebKit/537.36 (KHTML, like Gecko) Chrome/49.0.2623.87 Safari/537.36"
::1 - - [28/Mar/2016:05:59:56 +0000] "GET /mobius-yt/acp1 HTTP/1.1" 200 - "-" "Mozilla/5.0 (Windows NT 10.0; WOW64) AppleWebKit/537.36 (KHTML, like Gecko) Chrome/49.0.2623.87 Safari/537.36"
::1 - - [28/Mar/2016:06:00:07 +0000] "GET /mobius-yt/acp1 HTTP/1.1" 200 - "-" "Mozilla/5.0 (Windows NT 10.0; WOW64) AppleWebKit/537.36 (KHTML, like Gecko) Chrome/49.0.2623.87 Safari/537.36"
::1 - - [28/Mar/2016:06:00:20 +0000] "GET /mobius-yt/acp1 HTTP/1.1" 200 - "-" "Mozilla/5.0 (Windows NT 10.0; WOW64) AppleWebKit/537.36 (KHTML, like Gecko) Chrome/49.0.2623.87 Safari/537.36"
::1 - - [28/Mar/2016:06:13:35 +0000] "PUT /mobius-yt/acp1 HTTP/1.1" 400 - "-" "Mozilla/5.0 (Windows NT 10.0; WOW64) AppleWebKit/537.36 (KHTML, like Gecko) Chrome/49.0.2623.87 Safari/537.36"
::1 - - [28/Mar/2016:06:21:53 +0000] "PUT /mobius-yt/acp1 HTTP/1.1" 200 - "-" "Mozilla/5.0 (Windows NT 10.0; WOW64) AppleWebKit/537.36 (KHTML, like Gecko) Chrome/49.0.2623.87 Safari/537.36"
::1 - - [28/Mar/2016:06:24:40 +0000] "PUT /mobius-yt/acp1 HTTP/1.1" 200 - "-" "Mozilla/5.0 (Windows NT 10.0; WOW64) AppleWebKit/537.36 (KHTML, like Gecko) Chrome/49.0.2623.87 Safari/537.36"
::1 - - [28/Mar/2016:06:24:44 +0000] "PUT /mobius-yt/acp1 HTTP/1.1" 200 - "-" "Mozilla/5.0 (Windows NT 10.0; WOW64) AppleWebKit/537.36 (KHTML, like Gecko) Chrome/49.0.2623.87 Safari/537.36"
::1 - - [28/Mar/2016:06:24:45 +0000] "PUT /mobius-yt/acp1 HTTP/1.1" 200 - "-" "Mozilla/5.0 (Windows NT 10.0; WOW64) AppleWebKit/537.36 (KHTML, like Gecko) Chrome/49.0.2623.87 Safari/537.36"
::1 - - [28/Mar/2016:06:24:46 +0000] "PUT /mobius-yt/acp1 HTTP/1.1" 200 - "-" "Mozilla/5.0 (Windows NT 10.0; WOW64) AppleWebKit/537.36 (KHTML, like Gecko) Chrome/49.0.2623.87 Safari/537.36"
::1 - - [28/Mar/2016:06:26:31 +0000] "POST /mobius-yt/ryeubi HTTP/1.1" 409 - "-" "Mozilla/5.0 (Windows NT 10.0; WOW64) AppleWebKit/537.36 (KHTML, like Gecko) Chrome/49.0.2623.87 Safari/537.36"
::1 - - [28/Mar/2016:06:26:53 +0000] "POST /mobius-yt/ryeubi HTTP/1.1" 409 - "-" "Mozilla/5.0 (Windows NT 10.0; WOW64) AppleWebKit/537.36 (KHTML, like Gecko) Chrome/49.0.2623.87 Safari/537.36"
::1 - - [28/Mar/2016:06:27:05 +0000] "POST /mobius-yt/onem2mcar/light HTTP/1.1" 404 - "-" "Mozilla/5.0 (Windows NT 10.0; WOW64) AppleWebKit/537.36 (KHTML, like Gecko) Chrome/49.0.2623.87 Safari/537.36"
::1 - - [28/Mar/2016:06:29:40 +0000] "POST /mobius-yt/ryeubi/ss_11_ctrl HTTP/1.1" 201 - "-" "Mozilla/5.0 (Windows NT 10.0; WOW64) AppleWebKit/537.36 (KHTML, like Gecko) Chrome/49.0.2623.87 Safari/537.36"
::1 - - [28/Mar/2016:06:34:32 +0000] "DELETE /mobius-yt/acp1 HTTP/1.1" 200 - "-" "Mozilla/5.0 (Windows NT 10.0; WOW64) AppleWebKit/537.36 (KHTML, like Gecko) Chrome/49.0.2623.87 Safari/537.36"
::1 - - [28/Mar/2016:07:27:22 +0000] "GET /mobius-yt/AE_1 HTTP/1.1" 200 - "-" "Mozilla/5.0 (Windows NT 10.0; WOW64) AppleWebKit/537.36 (KHTML, like Gecko) Chrome/49.0.2623.87 Safari/537.36"
::1 - - [28/Mar/2016:07:27:50 +0000] "GET /mobius-yt/AE_1 HTTP/1.1" 200 - "-" "Mozilla/5.0 (Windows NT 10.0; WOW64) AppleWebKit/537.36 (KHTML, like Gecko) Chrome/49.0.2623.87 Safari/537.36"
::1 - - [28/Mar/2016:07:34:45 +0000] "GET /mobius-yt/AE_1 HTTP/1.1" 200 - "-" "Mozilla/5.0 (Windows NT 10.0; WOW64) AppleWebKit/537.36 (KHTML, like Gecko) Chrome/49.0.2623.87 Safari/537.36"
::1 - - [28/Mar/2016:07:47:18 +0000] "POST /mobius-yt HTTP/1.1" 409 - "-" "Mozilla/5.0 (Windows NT 10.0; WOW64) AppleWebKit/537.36 (KHTML, like Gecko) Chrome/49.0.2623.87 Safari/537.36"
::1 - - [28/Mar/2016:07:47:40 +0000] "POST /mobius-yt HTTP/1.1" 201 - "-" "Mozilla/5.0 (Windows NT 10.0; WOW64) AppleWebKit/537.36 (KHTML, like Gecko) Chrome/49.0.2623.87 Safari/537.36"
::1 - - [28/Mar/2016:07:52:58 +0000] "POST /mobius-yt HTTP/1.1" 201 - "-" "Mozilla/5.0 (Windows NT 10.0; WOW64) AppleWebKit/537.36 (KHTML, like Gecko) Chrome/49.0.2623.87 Safari/537.36"
::1 - - [28/Mar/2016:07:55:16 +0000] "POST /mobius-yt HTTP/1.1" - - "-" "Mozilla/5.0 (Windows NT 10.0; WOW64) AppleWebKit/537.36 (KHTML, like Gecko) Chrome/49.0.2623.87 Safari/537.36"
::1 - - [28/Mar/2016:07:55:50 +0000] "POST /mobius-yt HTTP/1.1" 500 - "-" "Mozilla/5.0 (Windows NT 10.0; WOW64) AppleWebKit/537.36 (KHTML, like Gecko) Chrome/49.0.2623.87 Safari/537.36"
::1 - - [28/Mar/2016:07:58:02 +0000] "POST /mobius-yt HTTP/1.1" 201 - "-" "Mozilla/5.0 (Windows NT 10.0; WOW64) AppleWebKit/537.36 (KHTML, like Gecko) Chrome/49.0.2623.87 Safari/537.36"
::1 - - [28/Mar/2016:08:06:19 +0000] "GET /mobius-yt/ryeubi990 HTTP/1.1" 404 - "-" "Mozilla/5.0 (Windows NT 10.0; WOW64) AppleWebKit/537.36 (KHTML, like Gecko) Chrome/49.0.2623.87 Safari/537.36"
::1 - - [28/Mar/2016:08:06:53 +0000] "GET /mobius-yt/ryeubi900 HTTP/1.1" 200 - "-" "Mozilla/5.0 (Windows NT 10.0; WOW64) AppleWebKit/537.36 (KHTML, like Gecko) Chrome/49.0.2623.87 Safari/537.36"
::1 - - [28/Mar/2016:08:07:24 +0000] "GET /mobius-yt/ryeubi900 HTTP/1.1" 200 - "-" "Mozilla/5.0 (Windows NT 10.0; WOW64) AppleWebKit/537.36 (KHTML, like Gecko) Chrome/49.0.2623.87 Safari/537.36"
::1 - - [28/Mar/2016:08:11:32 +0000] "POST /mobius-yt HTTP/1.1" 409 - "-" "Mozilla/5.0 (Windows NT 10.0; WOW64) AppleWebKit/537.36 (KHTML, like Gecko) Chrome/49.0.2623.87 Safari/537.36"
::1 - - [28/Mar/2016:08:11:53 +0000] "POST /mobius-yt HTTP/1.1" 201 - "-" "Mozilla/5.0 (Windows NT 10.0; WOW64) AppleWebKit/537.36 (KHTML, like Gecko) Chrome/49.0.2623.87 Safari/537.36"
::1 - - [28/Mar/2016:09:33:01 +0000] "GET /mobius-yt HTTP/1.1" 200 - "-" "Mozilla/5.0 (Windows NT 10.0; WOW64) AppleWebKit/537.36 (KHTML, like Gecko) Chrome/49.0.2623.87 Safari/537.36"
::1 - - [28/Mar/2016:09:34:43 +0000] "GET /mobius-yt HTTP/1.1" 200 - "-" "Mozilla/5.0 (Windows NT 10.0; WOW64) AppleWebKit/537.36 (KHTML, like Gecko) Chrome/49.0.2623.87 Safari/537.36"
::1 - - [28/Mar/2016:09:35:09 +0000] "GET /mobius-yt HTTP/1.1" 200 - "-" "Mozilla/5.0 (Windows NT 10.0; WOW64) AppleWebKit/537.36 (KHTML, like Gecko) Chrome/49.0.2623.87 Safari/537.36"
::1 - - [28/Mar/2016:09:40:48 +0000] "GET /mobius-yt HTTP/1.1" 200 - "-" "Mozilla/5.0 (Windows NT 10.0; WOW64) AppleWebKit/537.36 (KHTML, like Gecko) Chrome/49.0.2623.87 Safari/537.36"
::1 - - [28/Mar/2016:09:41:05 +0000] "GET /mobius-yt HTTP/1.1" 200 - "-" "Mozilla/5.0 (Windows NT 10.0; WOW64) AppleWebKit/537.36 (KHTML, like Gecko) Chrome/49.0.2623.87 Safari/537.36"
::1 - - [28/Mar/2016:09:44:16 +0000] "GET /mobius-yt HTTP/1.1" 200 - "-" "Mozilla/5.0 (Windows NT 10.0; WOW64) AppleWebKit/537.36 (KHTML, like Gecko) Chrome/49.0.2623.87 Safari/537.36"
::1 - - [28/Mar/2016:09:47:23 +0000] "GET /mobius-yt HTTP/1.1" 200 - "-" "Mozilla/5.0 (Windows NT 10.0; WOW64) AppleWebKit/537.36 (KHTML, like Gecko) Chrome/49.0.2623.87 Safari/537.36"
::1 - - [28/Mar/2016:09:48:15 +0000] "GET /mobius-yt HTTP/1.1" 200 - "-" "Mozilla/5.0 (Windows NT 10.0; WOW64) AppleWebKit/537.36 (KHTML, like Gecko) Chrome/49.0.2623.87 Safari/537.36"
::1 - - [28/Mar/2016:09:56:10 +0000] "GET /mobius-yt HTTP/1.1" 200 - "-" "Mozilla/5.0 (Windows NT 10.0; WOW64) AppleWebKit/537.36 (KHTML, like Gecko) Chrome/49.0.2623.87 Safari/537.36"
::1 - - [28/Mar/2016:10:02:27 +0000] "GET /mobius-yt HTTP/1.1" 200 - "-" "Mozilla/5.0 (Windows NT 10.0; WOW64) AppleWebKit/537.36 (KHTML, like Gecko) Chrome/49.0.2623.87 Safari/537.36"
::1 - - [28/Mar/2016:10:04:08 +0000] "GET /mobius-yt HTTP/1.1" 200 - "-" "Mozilla/5.0 (Windows NT 10.0; WOW64) AppleWebKit/537.36 (KHTML, like Gecko) Chrome/49.0.2623.87 Safari/537.36"
::1 - - [28/Mar/2016:10:05:11 +0000] "GET /mobius-yt HTTP/1.1" 200 - "-" "Mozilla/5.0 (Windows NT 10.0; WOW64) AppleWebKit/537.36 (KHTML, like Gecko) Chrome/49.0.2623.87 Safari/537.36"
::1 - - [28/Mar/2016:10:09:13 +0000] "POST /mobius-yt HTTP/1.1" 409 - "-" "Mozilla/5.0 (Windows NT 10.0; WOW64) AppleWebKit/537.36 (KHTML, like Gecko) Chrome/49.0.2623.87 Safari/537.36"
::1 - - [28/Mar/2016:10:09:38 +0000] "POST /mobius-yt HTTP/1.1" 201 - "-" "Mozilla/5.0 (Windows NT 10.0; WOW64) AppleWebKit/537.36 (KHTML, like Gecko) Chrome/49.0.2623.87 Safari/537.36"
::1 - - [28/Mar/2016:10:10:44 +0000] "GET /mobius-yt/ryeubi901 HTTP/1.1" 200 - "-" "Mozilla/5.0 (Windows NT 10.0; WOW64) AppleWebKit/537.36 (KHTML, like Gecko) Chrome/49.0.2623.87 Safari/537.36"
::1 - - [28/Mar/2016:10:10:59 +0000] "GET /mobius-yt/ryeubi901 HTTP/1.1" 200 - "-" "Mozilla/5.0 (Windows NT 10.0; WOW64) AppleWebKit/537.36 (KHTML, like Gecko) Chrome/49.0.2623.87 Safari/537.36"
::1 - - [28/Mar/2016:10:11:29 +0000] "GET /mobius-yt/ryeubi900 HTTP/1.1" 200 - "-" "Mozilla/5.0 (Windows NT 10.0; WOW64) AppleWebKit/537.36 (KHTML, like Gecko) Chrome/49.0.2623.87 Safari/537.36"
::1 - - [28/Mar/2016:10:15:57 +0000] "GET /mobius-yt HTTP/1.1" 200 - "-" "Mozilla/5.0 (Windows NT 10.0; WOW64) AppleWebKit/537.36 (KHTML, like Gecko) Chrome/49.0.2623.87 Safari/537.36"
::1 - - [28/Mar/2016:10:16:41 +0000] "GET /mobius-yt HTTP/1.1" 200 - "-" "Mozilla/5.0 (Windows NT 10.0; WOW64) AppleWebKit/537.36 (KHTML, like Gecko) Chrome/49.0.2623.87 Safari/537.36"
::1 - - [28/Mar/2016:10:17:32 +0000] "GET /mobius-yt HTTP/1.1" 404 - "-" "Mozilla/5.0 (Windows NT 10.0; WOW64) AppleWebKit/537.36 (KHTML, like Gecko) Chrome/49.0.2623.87 Safari/537.36"
::1 - - [28/Mar/2016:10:18:04 +0000] "GET /mobius-yt HTTP/1.1" 404 - "-" "Mozilla/5.0 (Windows NT 10.0; WOW64) AppleWebKit/537.36 (KHTML, like Gecko) Chrome/49.0.2623.87 Safari/537.36"
::1 - - [28/Mar/2016:10:21:16 +0000] "GET /mobius-yt HTTP/1.1" 404 - "-" "Mozilla/5.0 (Windows NT 10.0; WOW64) AppleWebKit/537.36 (KHTML, like Gecko) Chrome/49.0.2623.87 Safari/537.36"
::1 - - [28/Mar/2016:10:22:12 +0000] "GET /mobius-yt HTTP/1.1" 200 - "-" "Mozilla/5.0 (Windows NT 10.0; WOW64) AppleWebKit/537.36 (KHTML, like Gecko) Chrome/49.0.2623.87 Safari/537.36"
