::1 - - [06/Apr/2016:01:20:19 +0000] "GET /mobius-yt/ryeubi/ts1/latest HTTP/1.1" 404 - "-" "Mozilla/5.0 (Windows NT 10.0; WOW64) AppleWebKit/537.36 (KHTML, like Gecko) Chrome/49.0.2623.110 Safari/537.36"
::1 - - [06/Apr/2016:01:20:27 +0000] "POST /mobius-yt/ryeubi HTTP/1.1" 409 - "-" "Mozilla/5.0 (Windows NT 10.0; WOW64) AppleWebKit/537.36 (KHTML, like Gecko) Chrome/49.0.2623.110 Safari/537.36"
::1 - - [06/Apr/2016:01:20:57 +0000] "POST /mobius-yt/ryeubi HTTP/1.1" 409 - "-" "Mozilla/5.0 (Windows NT 10.0; WOW64) AppleWebKit/537.36 (KHTML, like Gecko) Chrome/49.0.2623.110 Safari/537.36"
::1 - - [06/Apr/2016:01:21:07 +0000] "POST /mobius-yt/ryeubi/ts1 HTTP/1.1" 403 - "-" "Mozilla/5.0 (Windows NT 10.0; WOW64) AppleWebKit/537.36 (KHTML, like Gecko) Chrome/49.0.2623.110 Safari/537.36"
::1 - - [06/Apr/2016:01:21:34 +0000] "GET /mobius-yt HTTP/1.1" 200 - "-" "Mozilla/5.0 (Windows NT 10.0; WOW64) AppleWebKit/537.36 (KHTML, like Gecko) Chrome/49.0.2623.110 Safari/537.36"
::1 - - [06/Apr/2016:01:21:59 +0000] "GET /mobius-yt/ryeubi/ts1/latest HTTP/1.1" 404 - "-" "Mozilla/5.0 (Windows NT 10.0; WOW64) AppleWebKit/537.36 (KHTML, like Gecko) Chrome/49.0.2623.110 Safari/537.36"
::1 - - [06/Apr/2016:01:22:05 +0000] "GET /mobius-yt/ryeubi/ts1/latest HTTP/1.1" 404 - "-" "Mozilla/5.0 (Windows NT 10.0; WOW64) AppleWebKit/537.36 (KHTML, like Gecko) Chrome/49.0.2623.110 Safari/537.36"
::1 - - [06/Apr/2016:01:22:06 +0000] "GET /mobius-yt/ryeubi/ts1/latest HTTP/1.1" 404 - "-" "Mozilla/5.0 (Windows NT 10.0; WOW64) AppleWebKit/537.36 (KHTML, like Gecko) Chrome/49.0.2623.110 Safari/537.36"
::1 - - [06/Apr/2016:01:22:26 +0000] "GET /mobius-yt/ryeubi/ts1/latest HTTP/1.1" 404 - "-" "Mozilla/5.0 (Windows NT 10.0; WOW64) AppleWebKit/537.36 (KHTML, like Gecko) Chrome/49.0.2623.110 Safari/537.36"
::1 - - [06/Apr/2016:01:24:38 +0000] "GET /mobius-yt/ryeubi/ts1/latest HTTP/1.1" 404 - "-" "Mozilla/5.0 (Windows NT 10.0; WOW64) AppleWebKit/537.36 (KHTML, like Gecko) Chrome/49.0.2623.110 Safari/537.36"
::1 - - [06/Apr/2016:01:24:48 +0000] "POST /mobius-yt/ryeubi/ts1 HTTP/1.1" 403 - "-" "Mozilla/5.0 (Windows NT 10.0; WOW64) AppleWebKit/537.36 (KHTML, like Gecko) Chrome/49.0.2623.110 Safari/537.36"
::1 - - [06/Apr/2016:01:25:03 +0000] "POST /mobius-yt/ryeubi/ts1 HTTP/1.1" 201 - "-" "Mozilla/5.0 (Windows NT 10.0; WOW64) AppleWebKit/537.36 (KHTML, like Gecko) Chrome/49.0.2623.110 Safari/537.36"
::1 - - [06/Apr/2016:01:25:11 +0000] "POST /mobius-yt/ryeubi/ts1 HTTP/1.1" 201 - "-" "Mozilla/5.0 (Windows NT 10.0; WOW64) AppleWebKit/537.36 (KHTML, like Gecko) Chrome/49.0.2623.110 Safari/537.36"
::1 - - [06/Apr/2016:01:25:11 +0000] "POST /mobius-yt/ryeubi/ts1 HTTP/1.1" 201 - "-" "Mozilla/5.0 (Windows NT 10.0; WOW64) AppleWebKit/537.36 (KHTML, like Gecko) Chrome/49.0.2623.110 Safari/537.36"
::1 - - [06/Apr/2016:01:25:11 +0000] "POST /mobius-yt/ryeubi/ts1 HTTP/1.1" 201 - "-" "Mozilla/5.0 (Windows NT 10.0; WOW64) AppleWebKit/537.36 (KHTML, like Gecko) Chrome/49.0.2623.110 Safari/537.36"
::1 - - [06/Apr/2016:01:25:11 +0000] "POST /mobius-yt/ryeubi/ts1 HTTP/1.1" 201 - "-" "Mozilla/5.0 (Windows NT 10.0; WOW64) AppleWebKit/537.36 (KHTML, like Gecko) Chrome/49.0.2623.110 Safari/537.36"
::1 - - [06/Apr/2016:01:25:11 +0000] "POST /mobius-yt/ryeubi/ts1 HTTP/1.1" 201 - "-" "Mozilla/5.0 (Windows NT 10.0; WOW64) AppleWebKit/537.36 (KHTML, like Gecko) Chrome/49.0.2623.110 Safari/537.36"
::1 - - [06/Apr/2016:01:25:12 +0000] "POST /mobius-yt/ryeubi/ts1 HTTP/1.1" 201 - "-" "Mozilla/5.0 (Windows NT 10.0; WOW64) AppleWebKit/537.36 (KHTML, like Gecko) Chrome/49.0.2623.110 Safari/537.36"
::1 - - [06/Apr/2016:01:25:12 +0000] "POST /mobius-yt/ryeubi/ts1 HTTP/1.1" 201 - "-" "Mozilla/5.0 (Windows NT 10.0; WOW64) AppleWebKit/537.36 (KHTML, like Gecko) Chrome/49.0.2623.110 Safari/537.36"
::1 - - [06/Apr/2016:01:25:12 +0000] "POST /mobius-yt/ryeubi/ts1 HTTP/1.1" 201 - "-" "Mozilla/5.0 (Windows NT 10.0; WOW64) AppleWebKit/537.36 (KHTML, like Gecko) Chrome/49.0.2623.110 Safari/537.36"
::1 - - [06/Apr/2016:01:25:12 +0000] "POST /mobius-yt/ryeubi/ts1 HTTP/1.1" 201 - "-" "Mozilla/5.0 (Windows NT 10.0; WOW64) AppleWebKit/537.36 (KHTML, like Gecko) Chrome/49.0.2623.110 Safari/537.36"
::1 - - [06/Apr/2016:01:25:12 +0000] "POST /mobius-yt/ryeubi/ts1 HTTP/1.1" 201 - "-" "Mozilla/5.0 (Windows NT 10.0; WOW64) AppleWebKit/537.36 (KHTML, like Gecko) Chrome/49.0.2623.110 Safari/537.36"
::1 - - [06/Apr/2016:01:25:13 +0000] "POST /mobius-yt/ryeubi/ts1 HTTP/1.1" 201 - "-" "Mozilla/5.0 (Windows NT 10.0; WOW64) AppleWebKit/537.36 (KHTML, like Gecko) Chrome/49.0.2623.110 Safari/537.36"
::1 - - [06/Apr/2016:01:25:13 +0000] "POST /mobius-yt/ryeubi/ts1 HTTP/1.1" 201 - "-" "Mozilla/5.0 (Windows NT 10.0; WOW64) AppleWebKit/537.36 (KHTML, like Gecko) Chrome/49.0.2623.110 Safari/537.36"
::1 - - [06/Apr/2016:01:46:09 +0000] "POST /mobius-yt/ryeubi/ts1 HTTP/1.1" 201 - "-" "Mozilla/5.0 (Windows NT 10.0; WOW64) AppleWebKit/537.36 (KHTML, like Gecko) Chrome/49.0.2623.110 Safari/537.36"
::1 - - [06/Apr/2016:01:46:14 +0000] "POST /mobius-yt/onem2mcar/light HTTP/1.1" 404 - "-" "Mozilla/5.0 (Windows NT 10.0; WOW64) AppleWebKit/537.36 (KHTML, like Gecko) Chrome/49.0.2623.110 Safari/537.36"
::1 - - [06/Apr/2016:01:46:26 +0000] "POST /mobius-yt/ryeubi/temp2 HTTP/1.1" 404 - "-" "Mozilla/5.0 (Windows NT 10.0; WOW64) AppleWebKit/537.36 (KHTML, like Gecko) Chrome/49.0.2623.110 Safari/537.36"
::1 - - [06/Apr/2016:01:46:29 +0000] "POST /mobius-yt/ryeubi/temp HTTP/1.1" 404 - "-" "Mozilla/5.0 (Windows NT 10.0; WOW64) AppleWebKit/537.36 (KHTML, like Gecko) Chrome/49.0.2623.110 Safari/537.36"
::1 - - [06/Apr/2016:01:46:36 +0000] "POST /mobius-yt/ryeubi HTTP/1.1" 403 - "-" "Mozilla/5.0 (Windows NT 10.0; WOW64) AppleWebKit/537.36 (KHTML, like Gecko) Chrome/49.0.2623.110 Safari/537.36"
::1 - - [06/Apr/2016:01:46:59 +0000] "POST /mobius-yt/ryeubi HTTP/1.1" 403 - "-" "Mozilla/5.0 (Windows NT 10.0; WOW64) AppleWebKit/537.36 (KHTML, like Gecko) Chrome/49.0.2623.110 Safari/537.36"
::1 - - [06/Apr/2016:01:47:08 +0000] "POST /mobius-yt/ryeubi2 HTTP/1.1" 201 - "-" "Mozilla/5.0 (Windows NT 10.0; WOW64) AppleWebKit/537.36 (KHTML, like Gecko) Chrome/49.0.2623.110 Safari/537.36"
::1 - - [06/Apr/2016:01:48:50 +0000] "POST /mobius-yt/ryeubi2/temp2 HTTP/1.1" 201 - "-" "Mozilla/5.0 (Windows NT 10.0; WOW64) AppleWebKit/537.36 (KHTML, like Gecko) Chrome/49.0.2623.110 Safari/537.36"
::1 - - [06/Apr/2016:02:14:15 +0000] "PUT /mobius-yt/ryeubi/ts1 HTTP/1.1" 200 - "-" "Mozilla/5.0 (Windows NT 10.0; WOW64) AppleWebKit/537.36 (KHTML, like Gecko) Chrome/49.0.2623.110 Safari/537.36"
::1 - - [06/Apr/2016:02:14:44 +0000] "POST /mobius-yt/ryeubi/ts1 HTTP/1.1" 201 - "-" "Mozilla/5.0 (Windows NT 10.0; WOW64) AppleWebKit/537.36 (KHTML, like Gecko) Chrome/49.0.2623.110 Safari/537.36"
::1 - - [06/Apr/2016:02:14:47 +0000] "POST /mobius-yt/ryeubi/ts1 HTTP/1.1" 201 - "-" "Mozilla/5.0 (Windows NT 10.0; WOW64) AppleWebKit/537.36 (KHTML, like Gecko) Chrome/49.0.2623.110 Safari/537.36"
::1 - - [06/Apr/2016:02:14:48 +0000] "POST /mobius-yt/ryeubi/ts1 HTTP/1.1" 201 - "-" "Mozilla/5.0 (Windows NT 10.0; WOW64) AppleWebKit/537.36 (KHTML, like Gecko) Chrome/49.0.2623.110 Safari/537.36"
::1 - - [06/Apr/2016:02:14:48 +0000] "POST /mobius-yt/ryeubi/ts1 HTTP/1.1" 201 - "-" "Mozilla/5.0 (Windows NT 10.0; WOW64) AppleWebKit/537.36 (KHTML, like Gecko) Chrome/49.0.2623.110 Safari/537.36"
::1 - - [06/Apr/2016:02:14:48 +0000] "POST /mobius-yt/ryeubi/ts1 HTTP/1.1" 201 - "-" "Mozilla/5.0 (Windows NT 10.0; WOW64) AppleWebKit/537.36 (KHTML, like Gecko) Chrome/49.0.2623.110 Safari/537.36"
::1 - - [06/Apr/2016:02:14:48 +0000] "POST /mobius-yt/ryeubi/ts1 HTTP/1.1" 201 - "-" "Mozilla/5.0 (Windows NT 10.0; WOW64) AppleWebKit/537.36 (KHTML, like Gecko) Chrome/49.0.2623.110 Safari/537.36"
::1 - - [06/Apr/2016:02:14:48 +0000] "POST /mobius-yt/ryeubi/ts1 HTTP/1.1" 201 - "-" "Mozilla/5.0 (Windows NT 10.0; WOW64) AppleWebKit/537.36 (KHTML, like Gecko) Chrome/49.0.2623.110 Safari/537.36"
::1 - - [06/Apr/2016:02:14:49 +0000] "POST /mobius-yt/ryeubi/ts1 HTTP/1.1" 201 - "-" "Mozilla/5.0 (Windows NT 10.0; WOW64) AppleWebKit/537.36 (KHTML, like Gecko) Chrome/49.0.2623.110 Safari/537.36"
::1 - - [06/Apr/2016:02:14:49 +0000] "POST /mobius-yt/ryeubi/ts1 HTTP/1.1" 201 - "-" "Mozilla/5.0 (Windows NT 10.0; WOW64) AppleWebKit/537.36 (KHTML, like Gecko) Chrome/49.0.2623.110 Safari/537.36"
::1 - - [06/Apr/2016:02:14:49 +0000] "POST /mobius-yt/ryeubi/ts1 HTTP/1.1" 201 - "-" "Mozilla/5.0 (Windows NT 10.0; WOW64) AppleWebKit/537.36 (KHTML, like Gecko) Chrome/49.0.2623.110 Safari/537.36"
::1 - - [06/Apr/2016:02:14:49 +0000] "POST /mobius-yt/ryeubi/ts1 HTTP/1.1" 201 - "-" "Mozilla/5.0 (Windows NT 10.0; WOW64) AppleWebKit/537.36 (KHTML, like Gecko) Chrome/49.0.2623.110 Safari/537.36"
::1 - - [06/Apr/2016:02:14:49 +0000] "POST /mobius-yt/ryeubi/ts1 HTTP/1.1" 201 - "-" "Mozilla/5.0 (Windows NT 10.0; WOW64) AppleWebKit/537.36 (KHTML, like Gecko) Chrome/49.0.2623.110 Safari/537.36"
::1 - - [06/Apr/2016:02:14:50 +0000] "POST /mobius-yt/ryeubi/ts1 HTTP/1.1" 201 - "-" "Mozilla/5.0 (Windows NT 10.0; WOW64) AppleWebKit/537.36 (KHTML, like Gecko) Chrome/49.0.2623.110 Safari/537.36"
::1 - - [06/Apr/2016:02:14:50 +0000] "POST /mobius-yt/ryeubi/ts1 HTTP/1.1" 201 - "-" "Mozilla/5.0 (Windows NT 10.0; WOW64) AppleWebKit/537.36 (KHTML, like Gecko) Chrome/49.0.2623.110 Safari/537.36"
::1 - - [06/Apr/2016:02:14:50 +0000] "POST /mobius-yt/ryeubi/ts1 HTTP/1.1" 201 - "-" "Mozilla/5.0 (Windows NT 10.0; WOW64) AppleWebKit/537.36 (KHTML, like Gecko) Chrome/49.0.2623.110 Safari/537.36"
::1 - - [06/Apr/2016:02:14:50 +0000] "POST /mobius-yt/ryeubi/ts1 HTTP/1.1" 201 - "-" "Mozilla/5.0 (Windows NT 10.0; WOW64) AppleWebKit/537.36 (KHTML, like Gecko) Chrome/49.0.2623.110 Safari/537.36"
::1 - - [06/Apr/2016:02:15:04 +0000] "GET /mobius-yt/ryeubi/ts1/latest HTTP/1.1" 200 - "-" "Mozilla/5.0 (Windows NT 10.0; WOW64) AppleWebKit/537.36 (KHTML, like Gecko) Chrome/49.0.2623.110 Safari/537.36"
::1 - - [06/Apr/2016:02:15:06 +0000] "GET /mobius-yt/ryeubi/ts1/latest HTTP/1.1" 200 - "-" "Mozilla/5.0 (Windows NT 10.0; WOW64) AppleWebKit/537.36 (KHTML, like Gecko) Chrome/49.0.2623.110 Safari/537.36"
::1 - - [06/Apr/2016:02:15:06 +0000] "GET /mobius-yt/ryeubi/ts1/latest HTTP/1.1" 200 - "-" "Mozilla/5.0 (Windows NT 10.0; WOW64) AppleWebKit/537.36 (KHTML, like Gecko) Chrome/49.0.2623.110 Safari/537.36"
::1 - - [06/Apr/2016:02:15:06 +0000] "GET /mobius-yt/ryeubi/ts1/latest HTTP/1.1" 200 - "-" "Mozilla/5.0 (Windows NT 10.0; WOW64) AppleWebKit/537.36 (KHTML, like Gecko) Chrome/49.0.2623.110 Safari/537.36"
::1 - - [06/Apr/2016:02:15:07 +0000] "GET /mobius-yt/ryeubi/ts1/latest HTTP/1.1" 200 - "-" "Mozilla/5.0 (Windows NT 10.0; WOW64) AppleWebKit/537.36 (KHTML, like Gecko) Chrome/49.0.2623.110 Safari/537.36"
::1 - - [06/Apr/2016:02:15:07 +0000] "GET /mobius-yt/ryeubi/ts1/latest HTTP/1.1" 200 - "-" "Mozilla/5.0 (Windows NT 10.0; WOW64) AppleWebKit/537.36 (KHTML, like Gecko) Chrome/49.0.2623.110 Safari/537.36"
::1 - - [06/Apr/2016:02:15:07 +0000] "GET /mobius-yt/ryeubi/ts1/latest HTTP/1.1" 200 - "-" "Mozilla/5.0 (Windows NT 10.0; WOW64) AppleWebKit/537.36 (KHTML, like Gecko) Chrome/49.0.2623.110 Safari/537.36"
::1 - - [06/Apr/2016:02:15:07 +0000] "GET /mobius-yt/ryeubi/ts1/latest HTTP/1.1" 200 - "-" "Mozilla/5.0 (Windows NT 10.0; WOW64) AppleWebKit/537.36 (KHTML, like Gecko) Chrome/49.0.2623.110 Safari/537.36"
::1 - - [06/Apr/2016:02:15:07 +0000] "GET /mobius-yt/ryeubi/ts1/latest HTTP/1.1" 200 - "-" "Mozilla/5.0 (Windows NT 10.0; WOW64) AppleWebKit/537.36 (KHTML, like Gecko) Chrome/49.0.2623.110 Safari/537.36"
::1 - - [06/Apr/2016:02:15:08 +0000] "GET /mobius-yt/ryeubi/ts1/latest HTTP/1.1" 200 - "-" "Mozilla/5.0 (Windows NT 10.0; WOW64) AppleWebKit/537.36 (KHTML, like Gecko) Chrome/49.0.2623.110 Safari/537.36"
::1 - - [06/Apr/2016:02:15:08 +0000] "GET /mobius-yt/ryeubi/ts1/latest HTTP/1.1" 200 - "-" "Mozilla/5.0 (Windows NT 10.0; WOW64) AppleWebKit/537.36 (KHTML, like Gecko) Chrome/49.0.2623.110 Safari/537.36"
::1 - - [06/Apr/2016:02:15:08 +0000] "GET /mobius-yt/ryeubi/ts1/latest HTTP/1.1" 200 - "-" "Mozilla/5.0 (Windows NT 10.0; WOW64) AppleWebKit/537.36 (KHTML, like Gecko) Chrome/49.0.2623.110 Safari/537.36"
::1 - - [06/Apr/2016:02:15:08 +0000] "GET /mobius-yt/ryeubi/ts1/latest HTTP/1.1" 200 - "-" "Mozilla/5.0 (Windows NT 10.0; WOW64) AppleWebKit/537.36 (KHTML, like Gecko) Chrome/49.0.2623.110 Safari/537.36"
::1 - - [06/Apr/2016:02:15:08 +0000] "GET /mobius-yt/ryeubi/ts1/latest HTTP/1.1" 200 - "-" "Mozilla/5.0 (Windows NT 10.0; WOW64) AppleWebKit/537.36 (KHTML, like Gecko) Chrome/49.0.2623.110 Safari/537.36"
::1 - - [06/Apr/2016:02:15:09 +0000] "GET /mobius-yt/ryeubi/ts1/latest HTTP/1.1" 200 - "-" "Mozilla/5.0 (Windows NT 10.0; WOW64) AppleWebKit/537.36 (KHTML, like Gecko) Chrome/49.0.2623.110 Safari/537.36"
::1 - - [06/Apr/2016:02:15:09 +0000] "GET /mobius-yt/ryeubi/ts1/latest HTTP/1.1" 200 - "-" "Mozilla/5.0 (Windows NT 10.0; WOW64) AppleWebKit/537.36 (KHTML, like Gecko) Chrome/49.0.2623.110 Safari/537.36"
::1 - - [06/Apr/2016:02:15:09 +0000] "GET /mobius-yt/ryeubi/ts1/latest HTTP/1.1" 200 - "-" "Mozilla/5.0 (Windows NT 10.0; WOW64) AppleWebKit/537.36 (KHTML, like Gecko) Chrome/49.0.2623.110 Safari/537.36"
::1 - - [06/Apr/2016:02:15:09 +0000] "GET /mobius-yt/ryeubi/ts1/latest HTTP/1.1" 200 - "-" "Mozilla/5.0 (Windows NT 10.0; WOW64) AppleWebKit/537.36 (KHTML, like Gecko) Chrome/49.0.2623.110 Safari/537.36"
::1 - - [06/Apr/2016:02:15:10 +0000] "GET /mobius-yt/ryeubi/ts1/latest HTTP/1.1" 200 - "-" "Mozilla/5.0 (Windows NT 10.0; WOW64) AppleWebKit/537.36 (KHTML, like Gecko) Chrome/49.0.2623.110 Safari/537.36"
::1 - - [06/Apr/2016:02:15:11 +0000] "GET /mobius-yt/ryeubi/ts1/latest HTTP/1.1" 200 - "-" "Mozilla/5.0 (Windows NT 10.0; WOW64) AppleWebKit/537.36 (KHTML, like Gecko) Chrome/49.0.2623.110 Safari/537.36"
::1 - - [06/Apr/2016:02:49:06 +0000] "GET /mobius-yt/ryeubi/ts1/latest HTTP/1.1" 200 - "-" "Mozilla/5.0 (Windows NT 10.0; WOW64) AppleWebKit/537.36 (KHTML, like Gecko) Chrome/49.0.2623.110 Safari/537.36"
::1 - - [06/Apr/2016:02:49:06 +0000] "GET /mobius-yt/ryeubi/ts1/latest HTTP/1.1" 200 - "-" "Mozilla/5.0 (Windows NT 10.0; WOW64) AppleWebKit/537.36 (KHTML, like Gecko) Chrome/49.0.2623.110 Safari/537.36"
::1 - - [06/Apr/2016:02:49:06 +0000] "GET /mobius-yt/ryeubi/ts1/latest HTTP/1.1" 200 - "-" "Mozilla/5.0 (Windows NT 10.0; WOW64) AppleWebKit/537.36 (KHTML, like Gecko) Chrome/49.0.2623.110 Safari/537.36"
::1 - - [06/Apr/2016:02:49:07 +0000] "GET /mobius-yt/ryeubi/ts1/latest HTTP/1.1" 200 - "-" "Mozilla/5.0 (Windows NT 10.0; WOW64) AppleWebKit/537.36 (KHTML, like Gecko) Chrome/49.0.2623.110 Safari/537.36"
::1 - - [06/Apr/2016:02:49:07 +0000] "GET /mobius-yt/ryeubi/ts1/latest HTTP/1.1" 200 - "-" "Mozilla/5.0 (Windows NT 10.0; WOW64) AppleWebKit/537.36 (KHTML, like Gecko) Chrome/49.0.2623.110 Safari/537.36"
::1 - - [06/Apr/2016:02:49:07 +0000] "GET /mobius-yt/ryeubi/ts1/latest HTTP/1.1" 200 - "-" "Mozilla/5.0 (Windows NT 10.0; WOW64) AppleWebKit/537.36 (KHTML, like Gecko) Chrome/49.0.2623.110 Safari/537.36"
::1 - - [06/Apr/2016:02:49:07 +0000] "GET /mobius-yt/ryeubi/ts1/latest HTTP/1.1" 200 - "-" "Mozilla/5.0 (Windows NT 10.0; WOW64) AppleWebKit/537.36 (KHTML, like Gecko) Chrome/49.0.2623.110 Safari/537.36"
::1 - - [06/Apr/2016:02:49:07 +0000] "GET /mobius-yt/ryeubi/ts1/latest HTTP/1.1" 200 - "-" "Mozilla/5.0 (Windows NT 10.0; WOW64) AppleWebKit/537.36 (KHTML, like Gecko) Chrome/49.0.2623.110 Safari/537.36"
::1 - - [06/Apr/2016:02:49:07 +0000] "GET /mobius-yt/ryeubi/ts1/latest HTTP/1.1" 200 - "-" "Mozilla/5.0 (Windows NT 10.0; WOW64) AppleWebKit/537.36 (KHTML, like Gecko) Chrome/49.0.2623.110 Safari/537.36"
::1 - - [06/Apr/2016:02:49:08 +0000] "GET /mobius-yt/ryeubi/ts1/latest HTTP/1.1" 200 - "-" "Mozilla/5.0 (Windows NT 10.0; WOW64) AppleWebKit/537.36 (KHTML, like Gecko) Chrome/49.0.2623.110 Safari/537.36"
::1 - - [06/Apr/2016:02:49:08 +0000] "GET /mobius-yt/ryeubi/ts1/latest HTTP/1.1" 200 - "-" "Mozilla/5.0 (Windows NT 10.0; WOW64) AppleWebKit/537.36 (KHTML, like Gecko) Chrome/49.0.2623.110 Safari/537.36"
::1 - - [06/Apr/2016:02:49:08 +0000] "GET /mobius-yt/ryeubi/ts1/latest HTTP/1.1" 200 - "-" "Mozilla/5.0 (Windows NT 10.0; WOW64) AppleWebKit/537.36 (KHTML, like Gecko) Chrome/49.0.2623.110 Safari/537.36"
::1 - - [06/Apr/2016:02:49:08 +0000] "GET /mobius-yt/ryeubi/ts1/latest HTTP/1.1" 200 - "-" "Mozilla/5.0 (Windows NT 10.0; WOW64) AppleWebKit/537.36 (KHTML, like Gecko) Chrome/49.0.2623.110 Safari/537.36"
::1 - - [06/Apr/2016:02:49:08 +0000] "GET /mobius-yt/ryeubi/ts1/latest HTTP/1.1" 200 - "-" "Mozilla/5.0 (Windows NT 10.0; WOW64) AppleWebKit/537.36 (KHTML, like Gecko) Chrome/49.0.2623.110 Safari/537.36"
::1 - - [06/Apr/2016:02:49:09 +0000] "GET /mobius-yt/ryeubi/ts1/latest HTTP/1.1" 200 - "-" "Mozilla/5.0 (Windows NT 10.0; WOW64) AppleWebKit/537.36 (KHTML, like Gecko) Chrome/49.0.2623.110 Safari/537.36"
::1 - - [06/Apr/2016:02:49:09 +0000] "GET /mobius-yt/ryeubi/ts1/latest HTTP/1.1" 200 - "-" "Mozilla/5.0 (Windows NT 10.0; WOW64) AppleWebKit/537.36 (KHTML, like Gecko) Chrome/49.0.2623.110 Safari/537.36"
::1 - - [06/Apr/2016:02:49:09 +0000] "GET /mobius-yt/ryeubi/ts1/latest HTTP/1.1" 200 - "-" "Mozilla/5.0 (Windows NT 10.0; WOW64) AppleWebKit/537.36 (KHTML, like Gecko) Chrome/49.0.2623.110 Safari/537.36"
::1 - - [06/Apr/2016:02:49:09 +0000] "GET /mobius-yt/ryeubi/ts1/latest HTTP/1.1" 200 - "-" "Mozilla/5.0 (Windows NT 10.0; WOW64) AppleWebKit/537.36 (KHTML, like Gecko) Chrome/49.0.2623.110 Safari/537.36"
::1 - - [06/Apr/2016:02:49:09 +0000] "GET /mobius-yt/ryeubi/ts1/latest HTTP/1.1" 200 - "-" "Mozilla/5.0 (Windows NT 10.0; WOW64) AppleWebKit/537.36 (KHTML, like Gecko) Chrome/49.0.2623.110 Safari/537.36"
::1 - - [06/Apr/2016:06:54:06 +0000] "GET /mobius-yt/ryeubi/ts1/latest HTTP/1.1" 200 - "-" "Mozilla/5.0 (Windows NT 10.0; WOW64) AppleWebKit/537.36 (KHTML, like Gecko) Chrome/49.0.2623.110 Safari/537.36"
::1 - - [06/Apr/2016:06:54:06 +0000] "GET /mobius-yt/ryeubi/ts1/latest HTTP/1.1" 200 - "-" "Mozilla/5.0 (Windows NT 10.0; WOW64) AppleWebKit/537.36 (KHTML, like Gecko) Chrome/49.0.2623.110 Safari/537.36"
::1 - - [06/Apr/2016:06:54:06 +0000] "GET /mobius-yt/ryeubi/ts1/latest HTTP/1.1" 200 - "-" "Mozilla/5.0 (Windows NT 10.0; WOW64) AppleWebKit/537.36 (KHTML, like Gecko) Chrome/49.0.2623.110 Safari/537.36"
::1 - - [06/Apr/2016:06:54:06 +0000] "GET /mobius-yt/ryeubi/ts1/latest HTTP/1.1" 200 - "-" "Mozilla/5.0 (Windows NT 10.0; WOW64) AppleWebKit/537.36 (KHTML, like Gecko) Chrome/49.0.2623.110 Safari/537.36"
::1 - - [06/Apr/2016:06:54:06 +0000] "GET /mobius-yt/ryeubi/ts1/latest HTTP/1.1" 200 - "-" "Mozilla/5.0 (Windows NT 10.0; WOW64) AppleWebKit/537.36 (KHTML, like Gecko) Chrome/49.0.2623.110 Safari/537.36"
::1 - - [06/Apr/2016:06:54:07 +0000] "GET /mobius-yt/ryeubi/ts1/latest HTTP/1.1" 200 - "-" "Mozilla/5.0 (Windows NT 10.0; WOW64) AppleWebKit/537.36 (KHTML, like Gecko) Chrome/49.0.2623.110 Safari/537.36"
::1 - - [06/Apr/2016:06:54:07 +0000] "GET /mobius-yt/ryeubi/ts1/latest HTTP/1.1" 200 - "-" "Mozilla/5.0 (Windows NT 10.0; WOW64) AppleWebKit/537.36 (KHTML, like Gecko) Chrome/49.0.2623.110 Safari/537.36"
::1 - - [06/Apr/2016:06:54:07 +0000] "GET /mobius-yt/ryeubi/ts1/latest HTTP/1.1" 200 - "-" "Mozilla/5.0 (Windows NT 10.0; WOW64) AppleWebKit/537.36 (KHTML, like Gecko) Chrome/49.0.2623.110 Safari/537.36"
::1 - - [06/Apr/2016:06:54:07 +0000] "GET /mobius-yt/ryeubi/ts1/latest HTTP/1.1" 200 - "-" "Mozilla/5.0 (Windows NT 10.0; WOW64) AppleWebKit/537.36 (KHTML, like Gecko) Chrome/49.0.2623.110 Safari/537.36"
::1 - - [06/Apr/2016:06:54:07 +0000] "GET /mobius-yt/ryeubi/ts1/latest HTTP/1.1" 200 - "-" "Mozilla/5.0 (Windows NT 10.0; WOW64) AppleWebKit/537.36 (KHTML, like Gecko) Chrome/49.0.2623.110 Safari/537.36"
::1 - - [06/Apr/2016:06:54:08 +0000] "GET /mobius-yt/ryeubi/ts1/latest HTTP/1.1" 200 - "-" "Mozilla/5.0 (Windows NT 10.0; WOW64) AppleWebKit/537.36 (KHTML, like Gecko) Chrome/49.0.2623.110 Safari/537.36"
::1 - - [06/Apr/2016:07:45:48 +0000] "GET /mobius-yt/ryeubi/ts1/latest HTTP/1.1" 200 - "-" "Mozilla/5.0 (Windows NT 10.0; WOW64) AppleWebKit/537.36 (KHTML, like Gecko) Chrome/49.0.2623.110 Safari/537.36"
::1 - - [06/Apr/2016:07:46:52 +0000] "GET /mobius-yt/ryeubi/ts1/latest HTTP/1.1" 200 - "-" "Mozilla/5.0 (Windows NT 10.0; WOW64) AppleWebKit/537.36 (KHTML, like Gecko) Chrome/49.0.2623.110 Safari/537.36"
::1 - - [06/Apr/2016:07:46:55 +0000] "GET /mobius-yt/ryeubi/ts1/latest HTTP/1.1" 200 - "-" "Mozilla/5.0 (Windows NT 10.0; WOW64) AppleWebKit/537.36 (KHTML, like Gecko) Chrome/49.0.2623.110 Safari/537.36"
::1 - - [06/Apr/2016:07:46:55 +0000] "GET /mobius-yt/ryeubi/ts1/latest HTTP/1.1" 200 - "-" "Mozilla/5.0 (Windows NT 10.0; WOW64) AppleWebKit/537.36 (KHTML, like Gecko) Chrome/49.0.2623.110 Safari/537.36"
::1 - - [06/Apr/2016:07:46:56 +0000] "GET /mobius-yt/ryeubi/ts1/latest HTTP/1.1" 200 - "-" "Mozilla/5.0 (Windows NT 10.0; WOW64) AppleWebKit/537.36 (KHTML, like Gecko) Chrome/49.0.2623.110 Safari/537.36"
::1 - - [06/Apr/2016:07:46:56 +0000] "GET /mobius-yt/ryeubi/ts1/latest HTTP/1.1" 200 - "-" "Mozilla/5.0 (Windows NT 10.0; WOW64) AppleWebKit/537.36 (KHTML, like Gecko) Chrome/49.0.2623.110 Safari/537.36"
::1 - - [06/Apr/2016:07:46:56 +0000] "GET /mobius-yt/ryeubi/ts1/latest HTTP/1.1" 200 - "-" "Mozilla/5.0 (Windows NT 10.0; WOW64) AppleWebKit/537.36 (KHTML, like Gecko) Chrome/49.0.2623.110 Safari/537.36"
::1 - - [06/Apr/2016:07:46:56 +0000] "GET /mobius-yt/ryeubi/ts1/latest HTTP/1.1" 200 - "-" "Mozilla/5.0 (Windows NT 10.0; WOW64) AppleWebKit/537.36 (KHTML, like Gecko) Chrome/49.0.2623.110 Safari/537.36"
::1 - - [06/Apr/2016:07:46:56 +0000] "GET /mobius-yt/ryeubi/ts1/latest HTTP/1.1" 200 - "-" "Mozilla/5.0 (Windows NT 10.0; WOW64) AppleWebKit/537.36 (KHTML, like Gecko) Chrome/49.0.2623.110 Safari/537.36"
::1 - - [06/Apr/2016:07:46:56 +0000] "GET /mobius-yt/ryeubi/ts1/latest HTTP/1.1" 200 - "-" "Mozilla/5.0 (Windows NT 10.0; WOW64) AppleWebKit/537.36 (KHTML, like Gecko) Chrome/49.0.2623.110 Safari/537.36"
::1 - - [06/Apr/2016:07:46:57 +0000] "GET /mobius-yt/ryeubi/ts1/latest HTTP/1.1" 200 - "-" "Mozilla/5.0 (Windows NT 10.0; WOW64) AppleWebKit/537.36 (KHTML, like Gecko) Chrome/49.0.2623.110 Safari/537.36"
::1 - - [06/Apr/2016:07:46:57 +0000] "GET /mobius-yt/ryeubi/ts1/latest HTTP/1.1" 200 - "-" "Mozilla/5.0 (Windows NT 10.0; WOW64) AppleWebKit/537.36 (KHTML, like Gecko) Chrome/49.0.2623.110 Safari/537.36"
::1 - - [06/Apr/2016:07:46:57 +0000] "GET /mobius-yt/ryeubi/ts1/latest HTTP/1.1" 200 - "-" "Mozilla/5.0 (Windows NT 10.0; WOW64) AppleWebKit/537.36 (KHTML, like Gecko) Chrome/49.0.2623.110 Safari/537.36"
::1 - - [06/Apr/2016:07:46:57 +0000] "GET /mobius-yt/ryeubi/ts1/latest HTTP/1.1" 200 - "-" "Mozilla/5.0 (Windows NT 10.0; WOW64) AppleWebKit/537.36 (KHTML, like Gecko) Chrome/49.0.2623.110 Safari/537.36"
::1 - - [06/Apr/2016:07:46:57 +0000] "GET /mobius-yt/ryeubi/ts1/latest HTTP/1.1" 200 - "-" "Mozilla/5.0 (Windows NT 10.0; WOW64) AppleWebKit/537.36 (KHTML, like Gecko) Chrome/49.0.2623.110 Safari/537.36"
::1 - - [06/Apr/2016:07:46:58 +0000] "GET /mobius-yt/ryeubi/ts1/latest HTTP/1.1" 200 - "-" "Mozilla/5.0 (Windows NT 10.0; WOW64) AppleWebKit/537.36 (KHTML, like Gecko) Chrome/49.0.2623.110 Safari/537.36"
::1 - - [06/Apr/2016:07:47:10 +0000] "POST /mobius-yt/ryeubi/ts1 HTTP/1.1" 201 - "-" "Mozilla/5.0 (Windows NT 10.0; WOW64) AppleWebKit/537.36 (KHTML, like Gecko) Chrome/49.0.2623.110 Safari/537.36"
::1 - - [06/Apr/2016:07:47:11 +0000] "POST /mobius-yt/ryeubi/ts1 HTTP/1.1" 201 - "-" "Mozilla/5.0 (Windows NT 10.0; WOW64) AppleWebKit/537.36 (KHTML, like Gecko) Chrome/49.0.2623.110 Safari/537.36"
::1 - - [06/Apr/2016:07:47:11 +0000] "POST /mobius-yt/ryeubi/ts1 HTTP/1.1" 201 - "-" "Mozilla/5.0 (Windows NT 10.0; WOW64) AppleWebKit/537.36 (KHTML, like Gecko) Chrome/49.0.2623.110 Safari/537.36"
::1 - - [06/Apr/2016:07:47:11 +0000] "POST /mobius-yt/ryeubi/ts1 HTTP/1.1" 201 - "-" "Mozilla/5.0 (Windows NT 10.0; WOW64) AppleWebKit/537.36 (KHTML, like Gecko) Chrome/49.0.2623.110 Safari/537.36"
::1 - - [06/Apr/2016:07:47:11 +0000] "POST /mobius-yt/ryeubi/ts1 HTTP/1.1" 201 - "-" "Mozilla/5.0 (Windows NT 10.0; WOW64) AppleWebKit/537.36 (KHTML, like Gecko) Chrome/49.0.2623.110 Safari/537.36"
::1 - - [06/Apr/2016:07:47:12 +0000] "POST /mobius-yt/ryeubi/ts1 HTTP/1.1" 201 - "-" "Mozilla/5.0 (Windows NT 10.0; WOW64) AppleWebKit/537.36 (KHTML, like Gecko) Chrome/49.0.2623.110 Safari/537.36"
::1 - - [06/Apr/2016:07:47:12 +0000] "POST /mobius-yt/ryeubi/ts1 HTTP/1.1" 201 - "-" "Mozilla/5.0 (Windows NT 10.0; WOW64) AppleWebKit/537.36 (KHTML, like Gecko) Chrome/49.0.2623.110 Safari/537.36"
::1 - - [06/Apr/2016:07:52:30 +0000] "GET /mobius-yt/ryeubi/ts1/latest HTTP/1.1" 200 - "-" "Mozilla/5.0 (Windows NT 10.0; WOW64) AppleWebKit/537.36 (KHTML, like Gecko) Chrome/49.0.2623.110 Safari/537.36"
::1 - - [06/Apr/2016:07:52:31 +0000] "GET /mobius-yt/ryeubi/ts1/latest HTTP/1.1" 200 - "-" "Mozilla/5.0 (Windows NT 10.0; WOW64) AppleWebKit/537.36 (KHTML, like Gecko) Chrome/49.0.2623.110 Safari/537.36"
::1 - - [06/Apr/2016:07:52:31 +0000] "GET /mobius-yt/ryeubi/ts1/latest HTTP/1.1" 200 - "-" "Mozilla/5.0 (Windows NT 10.0; WOW64) AppleWebKit/537.36 (KHTML, like Gecko) Chrome/49.0.2623.110 Safari/537.36"
::1 - - [06/Apr/2016:07:52:31 +0000] "GET /mobius-yt/ryeubi/ts1/latest HTTP/1.1" 200 - "-" "Mozilla/5.0 (Windows NT 10.0; WOW64) AppleWebKit/537.36 (KHTML, like Gecko) Chrome/49.0.2623.110 Safari/537.36"
::1 - - [06/Apr/2016:07:52:32 +0000] "GET /mobius-yt/ryeubi/ts1/latest HTTP/1.1" 200 - "-" "Mozilla/5.0 (Windows NT 10.0; WOW64) AppleWebKit/537.36 (KHTML, like Gecko) Chrome/49.0.2623.110 Safari/537.36"
::1 - - [06/Apr/2016:07:52:32 +0000] "GET /mobius-yt/ryeubi/ts1/latest HTTP/1.1" 200 - "-" "Mozilla/5.0 (Windows NT 10.0; WOW64) AppleWebKit/537.36 (KHTML, like Gecko) Chrome/49.0.2623.110 Safari/537.36"
::1 - - [06/Apr/2016:07:52:32 +0000] "GET /mobius-yt/ryeubi/ts1/latest HTTP/1.1" 200 - "-" "Mozilla/5.0 (Windows NT 10.0; WOW64) AppleWebKit/537.36 (KHTML, like Gecko) Chrome/49.0.2623.110 Safari/537.36"
::1 - - [06/Apr/2016:07:52:32 +0000] "GET /mobius-yt/ryeubi/ts1/latest HTTP/1.1" 200 - "-" "Mozilla/5.0 (Windows NT 10.0; WOW64) AppleWebKit/537.36 (KHTML, like Gecko) Chrome/49.0.2623.110 Safari/537.36"
::1 - - [06/Apr/2016:07:52:32 +0000] "GET /mobius-yt/ryeubi/ts1/latest HTTP/1.1" 200 - "-" "Mozilla/5.0 (Windows NT 10.0; WOW64) AppleWebKit/537.36 (KHTML, like Gecko) Chrome/49.0.2623.110 Safari/537.36"
::1 - - [06/Apr/2016:07:52:33 +0000] "GET /mobius-yt/ryeubi/ts1/latest HTTP/1.1" 200 - "-" "Mozilla/5.0 (Windows NT 10.0; WOW64) AppleWebKit/537.36 (KHTML, like Gecko) Chrome/49.0.2623.110 Safari/537.36"
::1 - - [06/Apr/2016:07:52:33 +0000] "GET /mobius-yt/ryeubi/ts1/latest HTTP/1.1" 200 - "-" "Mozilla/5.0 (Windows NT 10.0; WOW64) AppleWebKit/537.36 (KHTML, like Gecko) Chrome/49.0.2623.110 Safari/537.36"
::1 - - [06/Apr/2016:07:52:35 +0000] "POST /mobius-yt/ryeubi/ts1 HTTP/1.1" 201 - "-" "Mozilla/5.0 (Windows NT 10.0; WOW64) AppleWebKit/537.36 (KHTML, like Gecko) Chrome/49.0.2623.110 Safari/537.36"
::1 - - [06/Apr/2016:07:52:35 +0000] "POST /mobius-yt/ryeubi/ts1 HTTP/1.1" 201 - "-" "Mozilla/5.0 (Windows NT 10.0; WOW64) AppleWebKit/537.36 (KHTML, like Gecko) Chrome/49.0.2623.110 Safari/537.36"
::1 - - [06/Apr/2016:07:52:35 +0000] "POST /mobius-yt/ryeubi/ts1 HTTP/1.1" 201 - "-" "Mozilla/5.0 (Windows NT 10.0; WOW64) AppleWebKit/537.36 (KHTML, like Gecko) Chrome/49.0.2623.110 Safari/537.36"
::1 - - [06/Apr/2016:07:52:35 +0000] "POST /mobius-yt/ryeubi/ts1 HTTP/1.1" 201 - "-" "Mozilla/5.0 (Windows NT 10.0; WOW64) AppleWebKit/537.36 (KHTML, like Gecko) Chrome/49.0.2623.110 Safari/537.36"
::1 - - [06/Apr/2016:07:52:36 +0000] "POST /mobius-yt/ryeubi/ts1 HTTP/1.1" 201 - "-" "Mozilla/5.0 (Windows NT 10.0; WOW64) AppleWebKit/537.36 (KHTML, like Gecko) Chrome/49.0.2623.110 Safari/537.36"
::1 - - [06/Apr/2016:07:52:36 +0000] "POST /mobius-yt/ryeubi/ts1 HTTP/1.1" 201 - "-" "Mozilla/5.0 (Windows NT 10.0; WOW64) AppleWebKit/537.36 (KHTML, like Gecko) Chrome/49.0.2623.110 Safari/537.36"
::1 - - [06/Apr/2016:07:52:36 +0000] "POST /mobius-yt/ryeubi/ts1 HTTP/1.1" 201 - "-" "Mozilla/5.0 (Windows NT 10.0; WOW64) AppleWebKit/537.36 (KHTML, like Gecko) Chrome/49.0.2623.110 Safari/537.36"
::1 - - [06/Apr/2016:07:52:36 +0000] "POST /mobius-yt/ryeubi/ts1 HTTP/1.1" 201 - "-" "Mozilla/5.0 (Windows NT 10.0; WOW64) AppleWebKit/537.36 (KHTML, like Gecko) Chrome/49.0.2623.110 Safari/537.36"
::1 - - [06/Apr/2016:07:52:36 +0000] "POST /mobius-yt/ryeubi/ts1 HTTP/1.1" 201 - "-" "Mozilla/5.0 (Windows NT 10.0; WOW64) AppleWebKit/537.36 (KHTML, like Gecko) Chrome/49.0.2623.110 Safari/537.36"
::1 - - [06/Apr/2016:07:52:37 +0000] "POST /mobius-yt/ryeubi/ts1 HTTP/1.1" 201 - "-" "Mozilla/5.0 (Windows NT 10.0; WOW64) AppleWebKit/537.36 (KHTML, like Gecko) Chrome/49.0.2623.110 Safari/537.36"
::1 - - [06/Apr/2016:07:52:37 +0000] "POST /mobius-yt/ryeubi/ts1 HTTP/1.1" 201 - "-" "Mozilla/5.0 (Windows NT 10.0; WOW64) AppleWebKit/537.36 (KHTML, like Gecko) Chrome/49.0.2623.110 Safari/537.36"
::1 - - [06/Apr/2016:07:52:37 +0000] "POST /mobius-yt/ryeubi/ts1 HTTP/1.1" 201 - "-" "Mozilla/5.0 (Windows NT 10.0; WOW64) AppleWebKit/537.36 (KHTML, like Gecko) Chrome/49.0.2623.110 Safari/537.36"
::1 - - [06/Apr/2016:07:52:40 +0000] "GET /mobius-yt/ryeubi/ts1/latest HTTP/1.1" 200 - "-" "Mozilla/5.0 (Windows NT 10.0; WOW64) AppleWebKit/537.36 (KHTML, like Gecko) Chrome/49.0.2623.110 Safari/537.36"
::1 - - [06/Apr/2016:07:52:40 +0000] "GET /mobius-yt/ryeubi/ts1/latest HTTP/1.1" 200 - "-" "Mozilla/5.0 (Windows NT 10.0; WOW64) AppleWebKit/537.36 (KHTML, like Gecko) Chrome/49.0.2623.110 Safari/537.36"
::1 - - [06/Apr/2016:07:52:40 +0000] "GET /mobius-yt/ryeubi/ts1/latest HTTP/1.1" 200 - "-" "Mozilla/5.0 (Windows NT 10.0; WOW64) AppleWebKit/537.36 (KHTML, like Gecko) Chrome/49.0.2623.110 Safari/537.36"
::1 - - [06/Apr/2016:07:52:40 +0000] "GET /mobius-yt/ryeubi/ts1/latest HTTP/1.1" 200 - "-" "Mozilla/5.0 (Windows NT 10.0; WOW64) AppleWebKit/537.36 (KHTML, like Gecko) Chrome/49.0.2623.110 Safari/537.36"
::1 - - [06/Apr/2016:07:52:40 +0000] "GET /mobius-yt/ryeubi/ts1/latest HTTP/1.1" 200 - "-" "Mozilla/5.0 (Windows NT 10.0; WOW64) AppleWebKit/537.36 (KHTML, like Gecko) Chrome/49.0.2623.110 Safari/537.36"
::1 - - [06/Apr/2016:07:52:40 +0000] "GET /mobius-yt/ryeubi/ts1/latest HTTP/1.1" 200 - "-" "Mozilla/5.0 (Windows NT 10.0; WOW64) AppleWebKit/537.36 (KHTML, like Gecko) Chrome/49.0.2623.110 Safari/537.36"
::1 - - [06/Apr/2016:07:52:41 +0000] "GET /mobius-yt/ryeubi/ts1/latest HTTP/1.1" 200 - "-" "Mozilla/5.0 (Windows NT 10.0; WOW64) AppleWebKit/537.36 (KHTML, like Gecko) Chrome/49.0.2623.110 Safari/537.36"
::1 - - [06/Apr/2016:07:52:41 +0000] "GET /mobius-yt/ryeubi/ts1/latest HTTP/1.1" 200 - "-" "Mozilla/5.0 (Windows NT 10.0; WOW64) AppleWebKit/537.36 (KHTML, like Gecko) Chrome/49.0.2623.110 Safari/537.36"
::1 - - [06/Apr/2016:07:52:41 +0000] "GET /mobius-yt/ryeubi/ts1/latest HTTP/1.1" 200 - "-" "Mozilla/5.0 (Windows NT 10.0; WOW64) AppleWebKit/537.36 (KHTML, like Gecko) Chrome/49.0.2623.110 Safari/537.36"
::1 - - [06/Apr/2016:07:52:41 +0000] "GET /mobius-yt/ryeubi/ts1/latest HTTP/1.1" 200 - "-" "Mozilla/5.0 (Windows NT 10.0; WOW64) AppleWebKit/537.36 (KHTML, like Gecko) Chrome/49.0.2623.110 Safari/537.36"
::1 - - [06/Apr/2016:07:52:41 +0000] "GET /mobius-yt/ryeubi/ts1/latest HTTP/1.1" 200 - "-" "Mozilla/5.0 (Windows NT 10.0; WOW64) AppleWebKit/537.36 (KHTML, like Gecko) Chrome/49.0.2623.110 Safari/537.36"
