::1 - - [11/Mar/2016:15:08:56 +0000] "GET /mobius-yt?rc=4 HTTP/1.1" - - "-" "Mozilla/5.0 (Windows NT 10.0; WOW64) AppleWebKit/537.36 (KHTML, like Gecko) Chrome/48.0.2564.116 Safari/537.36"
::1 - - [11/Mar/2016:15:13:16 +0000] "GET /mobius-yt?rc=4 HTTP/1.1" 200 977 "-" "Mozilla/5.0 (Windows NT 10.0; WOW64) AppleWebKit/537.36 (KHTML, like Gecko) Chrome/48.0.2564.116 Safari/537.36"
::1 - - [11/Mar/2016:16:07:05 +0000] "GET /mobius-yt HTTP/1.1" 200 633 "-" "Mozilla/5.0 (Windows NT 10.0; WOW64) AppleWebKit/537.36 (KHTML, like Gecko) Chrome/48.0.2564.116 Safari/537.36"
::1 - - [11/Mar/2016:16:07:08 +0000] "GET /mobius-yt HTTP/1.1" 200 633 "-" "Mozilla/5.0 (Windows NT 10.0; WOW64) AppleWebKit/537.36 (KHTML, like Gecko) Chrome/48.0.2564.116 Safari/537.36"
::1 - - [11/Mar/2016:16:07:09 +0000] "GET /mobius-yt HTTP/1.1" 200 633 "-" "Mozilla/5.0 (Windows NT 10.0; WOW64) AppleWebKit/537.36 (KHTML, like Gecko) Chrome/48.0.2564.116 Safari/537.36"
::1 - - [11/Mar/2016:16:08:28 +0000] "GET /mobius-yt?fu=1 HTTP/1.1" 200 321 "-" "Mozilla/5.0 (Windows NT 10.0; WOW64) AppleWebKit/537.36 (KHTML, like Gecko) Chrome/48.0.2564.116 Safari/537.36"
::1 - - [11/Mar/2016:16:15:50 +0000] "GET /mobius-yt?fu=1 HTTP/1.1" 200 321 "-" "Mozilla/5.0 (Windows NT 10.0; WOW64) AppleWebKit/537.36 (KHTML, like Gecko) Chrome/48.0.2564.116 Safari/537.36"
::1 - - [11/Mar/2016:16:15:59 +0000] "GET /mobius-yt?rc=4 HTTP/1.1" 200 1403 "-" "Mozilla/5.0 (Windows NT 10.0; WOW64) AppleWebKit/537.36 (KHTML, like Gecko) Chrome/48.0.2564.116 Safari/537.36"
::1 - - [12/Mar/2016:01:04:55 +0000] "POST /mobius-yt HTTP/1.1" 409 - "-" "Mozilla/5.0 (Windows NT 10.0; WOW64) AppleWebKit/537.36 (KHTML, like Gecko) Chrome/48.0.2564.116 Safari/537.36"
::1 - - [12/Mar/2016:01:04:57 +0000] "POST /mobius-yt HTTP/1.1" 409 - "-" "Mozilla/5.0 (Windows NT 10.0; WOW64) AppleWebKit/537.36 (KHTML, like Gecko) Chrome/48.0.2564.116 Safari/537.36"
::1 - - [12/Mar/2016:01:04:57 +0000] "POST /mobius-yt HTTP/1.1" 409 - "-" "Mozilla/5.0 (Windows NT 10.0; WOW64) AppleWebKit/537.36 (KHTML, like Gecko) Chrome/48.0.2564.116 Safari/537.36"
::1 - - [12/Mar/2016:01:04:58 +0000] "POST /mobius-yt HTTP/1.1" 409 - "-" "Mozilla/5.0 (Windows NT 10.0; WOW64) AppleWebKit/537.36 (KHTML, like Gecko) Chrome/48.0.2564.116 Safari/537.36"
::1 - - [12/Mar/2016:01:04:59 +0000] "POST /mobius-yt HTTP/1.1" 409 - "-" "Mozilla/5.0 (Windows NT 10.0; WOW64) AppleWebKit/537.36 (KHTML, like Gecko) Chrome/48.0.2564.116 Safari/537.36"
::1 - - [12/Mar/2016:01:04:59 +0000] "POST /mobius-yt HTTP/1.1" 409 - "-" "Mozilla/5.0 (Windows NT 10.0; WOW64) AppleWebKit/537.36 (KHTML, like Gecko) Chrome/48.0.2564.116 Safari/537.36"
::1 - - [12/Mar/2016:01:04:59 +0000] "POST /mobius-yt HTTP/1.1" 409 - "-" "Mozilla/5.0 (Windows NT 10.0; WOW64) AppleWebKit/537.36 (KHTML, like Gecko) Chrome/48.0.2564.116 Safari/537.36"
::1 - - [12/Mar/2016:01:05:00 +0000] "POST /mobius-yt HTTP/1.1" 409 - "-" "Mozilla/5.0 (Windows NT 10.0; WOW64) AppleWebKit/537.36 (KHTML, like Gecko) Chrome/48.0.2564.116 Safari/537.36"
::1 - - [12/Mar/2016:01:05:00 +0000] "POST /mobius-yt HTTP/1.1" 409 - "-" "Mozilla/5.0 (Windows NT 10.0; WOW64) AppleWebKit/537.36 (KHTML, like Gecko) Chrome/48.0.2564.116 Safari/537.36"
::1 - - [12/Mar/2016:01:05:00 +0000] "POST /mobius-yt HTTP/1.1" 409 - "-" "Mozilla/5.0 (Windows NT 10.0; WOW64) AppleWebKit/537.36 (KHTML, like Gecko) Chrome/48.0.2564.116 Safari/537.36"
::1 - - [12/Mar/2016:01:05:00 +0000] "POST /mobius-yt HTTP/1.1" 409 - "-" "Mozilla/5.0 (Windows NT 10.0; WOW64) AppleWebKit/537.36 (KHTML, like Gecko) Chrome/48.0.2564.116 Safari/537.36"
::1 - - [12/Mar/2016:01:05:00 +0000] "POST /mobius-yt HTTP/1.1" 409 - "-" "Mozilla/5.0 (Windows NT 10.0; WOW64) AppleWebKit/537.36 (KHTML, like Gecko) Chrome/48.0.2564.116 Safari/537.36"
::1 - - [12/Mar/2016:01:05:01 +0000] "POST /mobius-yt HTTP/1.1" 409 - "-" "Mozilla/5.0 (Windows NT 10.0; WOW64) AppleWebKit/537.36 (KHTML, like Gecko) Chrome/48.0.2564.116 Safari/537.36"
::1 - - [12/Mar/2016:01:05:01 +0000] "POST /mobius-yt HTTP/1.1" 409 - "-" "Mozilla/5.0 (Windows NT 10.0; WOW64) AppleWebKit/537.36 (KHTML, like Gecko) Chrome/48.0.2564.116 Safari/537.36"
::1 - - [12/Mar/2016:01:05:01 +0000] "POST /mobius-yt HTTP/1.1" 409 - "-" "Mozilla/5.0 (Windows NT 10.0; WOW64) AppleWebKit/537.36 (KHTML, like Gecko) Chrome/48.0.2564.116 Safari/537.36"
::1 - - [12/Mar/2016:01:05:01 +0000] "POST /mobius-yt HTTP/1.1" 409 - "-" "Mozilla/5.0 (Windows NT 10.0; WOW64) AppleWebKit/537.36 (KHTML, like Gecko) Chrome/48.0.2564.116 Safari/537.36"
::1 - - [12/Mar/2016:01:05:01 +0000] "POST /mobius-yt HTTP/1.1" 409 - "-" "Mozilla/5.0 (Windows NT 10.0; WOW64) AppleWebKit/537.36 (KHTML, like Gecko) Chrome/48.0.2564.116 Safari/537.36"
::1 - - [12/Mar/2016:01:05:02 +0000] "POST /mobius-yt HTTP/1.1" 409 - "-" "Mozilla/5.0 (Windows NT 10.0; WOW64) AppleWebKit/537.36 (KHTML, like Gecko) Chrome/48.0.2564.116 Safari/537.36"
::1 - - [12/Mar/2016:01:05:02 +0000] "POST /mobius-yt HTTP/1.1" 409 - "-" "Mozilla/5.0 (Windows NT 10.0; WOW64) AppleWebKit/537.36 (KHTML, like Gecko) Chrome/48.0.2564.116 Safari/537.36"
::1 - - [12/Mar/2016:01:05:02 +0000] "POST /mobius-yt HTTP/1.1" 409 - "-" "Mozilla/5.0 (Windows NT 10.0; WOW64) AppleWebKit/537.36 (KHTML, like Gecko) Chrome/48.0.2564.116 Safari/537.36"
::1 - - [12/Mar/2016:01:05:02 +0000] "POST /mobius-yt HTTP/1.1" 409 - "-" "Mozilla/5.0 (Windows NT 10.0; WOW64) AppleWebKit/537.36 (KHTML, like Gecko) Chrome/48.0.2564.116 Safari/537.36"
::1 - - [12/Mar/2016:01:05:02 +0000] "POST /mobius-yt HTTP/1.1" 409 - "-" "Mozilla/5.0 (Windows NT 10.0; WOW64) AppleWebKit/537.36 (KHTML, like Gecko) Chrome/48.0.2564.116 Safari/537.36"
::1 - - [12/Mar/2016:01:05:03 +0000] "POST /mobius-yt HTTP/1.1" 409 - "-" "Mozilla/5.0 (Windows NT 10.0; WOW64) AppleWebKit/537.36 (KHTML, like Gecko) Chrome/48.0.2564.116 Safari/537.36"
::1 - - [12/Mar/2016:01:05:03 +0000] "POST /mobius-yt HTTP/1.1" 409 - "-" "Mozilla/5.0 (Windows NT 10.0; WOW64) AppleWebKit/537.36 (KHTML, like Gecko) Chrome/48.0.2564.116 Safari/537.36"
::1 - - [12/Mar/2016:01:05:03 +0000] "POST /mobius-yt HTTP/1.1" 409 - "-" "Mozilla/5.0 (Windows NT 10.0; WOW64) AppleWebKit/537.36 (KHTML, like Gecko) Chrome/48.0.2564.116 Safari/537.36"
::1 - - [12/Mar/2016:01:05:03 +0000] "POST /mobius-yt HTTP/1.1" 409 - "-" "Mozilla/5.0 (Windows NT 10.0; WOW64) AppleWebKit/537.36 (KHTML, like Gecko) Chrome/48.0.2564.116 Safari/537.36"
::1 - - [12/Mar/2016:01:05:03 +0000] "POST /mobius-yt HTTP/1.1" 409 - "-" "Mozilla/5.0 (Windows NT 10.0; WOW64) AppleWebKit/537.36 (KHTML, like Gecko) Chrome/48.0.2564.116 Safari/537.36"
::1 - - [12/Mar/2016:01:05:04 +0000] "POST /mobius-yt HTTP/1.1" 409 - "-" "Mozilla/5.0 (Windows NT 10.0; WOW64) AppleWebKit/537.36 (KHTML, like Gecko) Chrome/48.0.2564.116 Safari/537.36"
::1 - - [12/Mar/2016:01:05:04 +0000] "POST /mobius-yt HTTP/1.1" 409 - "-" "Mozilla/5.0 (Windows NT 10.0; WOW64) AppleWebKit/537.36 (KHTML, like Gecko) Chrome/48.0.2564.116 Safari/537.36"
::1 - - [12/Mar/2016:01:05:04 +0000] "POST /mobius-yt HTTP/1.1" 409 - "-" "Mozilla/5.0 (Windows NT 10.0; WOW64) AppleWebKit/537.36 (KHTML, like Gecko) Chrome/48.0.2564.116 Safari/537.36"
::1 - - [12/Mar/2016:01:05:04 +0000] "POST /mobius-yt HTTP/1.1" 409 - "-" "Mozilla/5.0 (Windows NT 10.0; WOW64) AppleWebKit/537.36 (KHTML, like Gecko) Chrome/48.0.2564.116 Safari/537.36"
::1 - - [12/Mar/2016:01:05:04 +0000] "POST /mobius-yt HTTP/1.1" 409 - "-" "Mozilla/5.0 (Windows NT 10.0; WOW64) AppleWebKit/537.36 (KHTML, like Gecko) Chrome/48.0.2564.116 Safari/537.36"
::1 - - [12/Mar/2016:01:05:05 +0000] "POST /mobius-yt HTTP/1.1" 409 - "-" "Mozilla/5.0 (Windows NT 10.0; WOW64) AppleWebKit/537.36 (KHTML, like Gecko) Chrome/48.0.2564.116 Safari/537.36"
::1 - - [12/Mar/2016:01:05:05 +0000] "POST /mobius-yt HTTP/1.1" 409 - "-" "Mozilla/5.0 (Windows NT 10.0; WOW64) AppleWebKit/537.36 (KHTML, like Gecko) Chrome/48.0.2564.116 Safari/537.36"
::1 - - [12/Mar/2016:01:05:05 +0000] "POST /mobius-yt HTTP/1.1" 409 - "-" "Mozilla/5.0 (Windows NT 10.0; WOW64) AppleWebKit/537.36 (KHTML, like Gecko) Chrome/48.0.2564.116 Safari/537.36"
::1 - - [12/Mar/2016:01:05:05 +0000] "POST /mobius-yt HTTP/1.1" 409 - "-" "Mozilla/5.0 (Windows NT 10.0; WOW64) AppleWebKit/537.36 (KHTML, like Gecko) Chrome/48.0.2564.116 Safari/537.36"
::1 - - [12/Mar/2016:01:05:05 +0000] "POST /mobius-yt HTTP/1.1" 409 - "-" "Mozilla/5.0 (Windows NT 10.0; WOW64) AppleWebKit/537.36 (KHTML, like Gecko) Chrome/48.0.2564.116 Safari/537.36"
::1 - - [12/Mar/2016:01:05:06 +0000] "POST /mobius-yt HTTP/1.1" 409 - "-" "Mozilla/5.0 (Windows NT 10.0; WOW64) AppleWebKit/537.36 (KHTML, like Gecko) Chrome/48.0.2564.116 Safari/537.36"
::1 - - [12/Mar/2016:01:05:06 +0000] "POST /mobius-yt HTTP/1.1" 409 - "-" "Mozilla/5.0 (Windows NT 10.0; WOW64) AppleWebKit/537.36 (KHTML, like Gecko) Chrome/48.0.2564.116 Safari/537.36"
::1 - - [12/Mar/2016:01:05:06 +0000] "POST /mobius-yt HTTP/1.1" 409 - "-" "Mozilla/5.0 (Windows NT 10.0; WOW64) AppleWebKit/537.36 (KHTML, like Gecko) Chrome/48.0.2564.116 Safari/537.36"
::1 - - [12/Mar/2016:01:05:06 +0000] "POST /mobius-yt HTTP/1.1" 409 - "-" "Mozilla/5.0 (Windows NT 10.0; WOW64) AppleWebKit/537.36 (KHTML, like Gecko) Chrome/48.0.2564.116 Safari/537.36"
::1 - - [12/Mar/2016:01:05:06 +0000] "POST /mobius-yt HTTP/1.1" 409 - "-" "Mozilla/5.0 (Windows NT 10.0; WOW64) AppleWebKit/537.36 (KHTML, like Gecko) Chrome/48.0.2564.116 Safari/537.36"
::1 - - [12/Mar/2016:01:05:07 +0000] "POST /mobius-yt HTTP/1.1" 409 - "-" "Mozilla/5.0 (Windows NT 10.0; WOW64) AppleWebKit/537.36 (KHTML, like Gecko) Chrome/48.0.2564.116 Safari/537.36"
::1 - - [12/Mar/2016:01:05:07 +0000] "POST /mobius-yt HTTP/1.1" 409 - "-" "Mozilla/5.0 (Windows NT 10.0; WOW64) AppleWebKit/537.36 (KHTML, like Gecko) Chrome/48.0.2564.116 Safari/537.36"
::1 - - [12/Mar/2016:01:05:07 +0000] "POST /mobius-yt HTTP/1.1" 409 - "-" "Mozilla/5.0 (Windows NT 10.0; WOW64) AppleWebKit/537.36 (KHTML, like Gecko) Chrome/48.0.2564.116 Safari/537.36"
::1 - - [12/Mar/2016:01:05:07 +0000] "POST /mobius-yt HTTP/1.1" 409 - "-" "Mozilla/5.0 (Windows NT 10.0; WOW64) AppleWebKit/537.36 (KHTML, like Gecko) Chrome/48.0.2564.116 Safari/537.36"
::1 - - [12/Mar/2016:01:05:07 +0000] "POST /mobius-yt HTTP/1.1" 409 - "-" "Mozilla/5.0 (Windows NT 10.0; WOW64) AppleWebKit/537.36 (KHTML, like Gecko) Chrome/48.0.2564.116 Safari/537.36"
::1 - - [12/Mar/2016:01:05:08 +0000] "POST /mobius-yt HTTP/1.1" 409 - "-" "Mozilla/5.0 (Windows NT 10.0; WOW64) AppleWebKit/537.36 (KHTML, like Gecko) Chrome/48.0.2564.116 Safari/537.36"
::1 - - [12/Mar/2016:01:05:08 +0000] "POST /mobius-yt HTTP/1.1" 409 - "-" "Mozilla/5.0 (Windows NT 10.0; WOW64) AppleWebKit/537.36 (KHTML, like Gecko) Chrome/48.0.2564.116 Safari/537.36"
::1 - - [12/Mar/2016:01:05:08 +0000] "POST /mobius-yt HTTP/1.1" 409 - "-" "Mozilla/5.0 (Windows NT 10.0; WOW64) AppleWebKit/537.36 (KHTML, like Gecko) Chrome/48.0.2564.116 Safari/537.36"
::1 - - [12/Mar/2016:01:05:08 +0000] "POST /mobius-yt HTTP/1.1" 409 - "-" "Mozilla/5.0 (Windows NT 10.0; WOW64) AppleWebKit/537.36 (KHTML, like Gecko) Chrome/48.0.2564.116 Safari/537.36"
::1 - - [12/Mar/2016:01:05:08 +0000] "POST /mobius-yt HTTP/1.1" 409 - "-" "Mozilla/5.0 (Windows NT 10.0; WOW64) AppleWebKit/537.36 (KHTML, like Gecko) Chrome/48.0.2564.116 Safari/537.36"
::1 - - [12/Mar/2016:01:05:09 +0000] "POST /mobius-yt HTTP/1.1" 409 - "-" "Mozilla/5.0 (Windows NT 10.0; WOW64) AppleWebKit/537.36 (KHTML, like Gecko) Chrome/48.0.2564.116 Safari/537.36"
::1 - - [12/Mar/2016:01:05:09 +0000] "POST /mobius-yt HTTP/1.1" 409 - "-" "Mozilla/5.0 (Windows NT 10.0; WOW64) AppleWebKit/537.36 (KHTML, like Gecko) Chrome/48.0.2564.116 Safari/537.36"
::1 - - [12/Mar/2016:01:05:09 +0000] "POST /mobius-yt HTTP/1.1" 409 - "-" "Mozilla/5.0 (Windows NT 10.0; WOW64) AppleWebKit/537.36 (KHTML, like Gecko) Chrome/48.0.2564.116 Safari/537.36"
::1 - - [12/Mar/2016:01:05:09 +0000] "POST /mobius-yt HTTP/1.1" 409 - "-" "Mozilla/5.0 (Windows NT 10.0; WOW64) AppleWebKit/537.36 (KHTML, like Gecko) Chrome/48.0.2564.116 Safari/537.36"
::1 - - [12/Mar/2016:01:05:09 +0000] "POST /mobius-yt HTTP/1.1" 409 - "-" "Mozilla/5.0 (Windows NT 10.0; WOW64) AppleWebKit/537.36 (KHTML, like Gecko) Chrome/48.0.2564.116 Safari/537.36"
::1 - - [12/Mar/2016:01:05:10 +0000] "POST /mobius-yt HTTP/1.1" 409 - "-" "Mozilla/5.0 (Windows NT 10.0; WOW64) AppleWebKit/537.36 (KHTML, like Gecko) Chrome/48.0.2564.116 Safari/537.36"
::1 - - [12/Mar/2016:01:05:10 +0000] "POST /mobius-yt HTTP/1.1" 409 - "-" "Mozilla/5.0 (Windows NT 10.0; WOW64) AppleWebKit/537.36 (KHTML, like Gecko) Chrome/48.0.2564.116 Safari/537.36"
::1 - - [12/Mar/2016:01:05:10 +0000] "POST /mobius-yt HTTP/1.1" 409 - "-" "Mozilla/5.0 (Windows NT 10.0; WOW64) AppleWebKit/537.36 (KHTML, like Gecko) Chrome/48.0.2564.116 Safari/537.36"
::1 - - [12/Mar/2016:01:05:10 +0000] "POST /mobius-yt HTTP/1.1" 409 - "-" "Mozilla/5.0 (Windows NT 10.0; WOW64) AppleWebKit/537.36 (KHTML, like Gecko) Chrome/48.0.2564.116 Safari/537.36"
::1 - - [12/Mar/2016:01:05:10 +0000] "POST /mobius-yt HTTP/1.1" 409 - "-" "Mozilla/5.0 (Windows NT 10.0; WOW64) AppleWebKit/537.36 (KHTML, like Gecko) Chrome/48.0.2564.116 Safari/537.36"
::1 - - [12/Mar/2016:01:05:11 +0000] "POST /mobius-yt HTTP/1.1" 409 - "-" "Mozilla/5.0 (Windows NT 10.0; WOW64) AppleWebKit/537.36 (KHTML, like Gecko) Chrome/48.0.2564.116 Safari/537.36"
::1 - - [12/Mar/2016:01:05:18 +0000] "POST /mobius-yt HTTP/1.1" 201 286 "-" "Mozilla/5.0 (Windows NT 10.0; WOW64) AppleWebKit/537.36 (KHTML, like Gecko) Chrome/48.0.2564.116 Safari/537.36"
::1 - - [12/Mar/2016:01:05:18 +0000] "POST /mobius-yt HTTP/1.1" 409 - "-" "Mozilla/5.0 (Windows NT 10.0; WOW64) AppleWebKit/537.36 (KHTML, like Gecko) Chrome/48.0.2564.116 Safari/537.36"
::1 - - [12/Mar/2016:01:05:18 +0000] "POST /mobius-yt HTTP/1.1" 409 - "-" "Mozilla/5.0 (Windows NT 10.0; WOW64) AppleWebKit/537.36 (KHTML, like Gecko) Chrome/48.0.2564.116 Safari/537.36"
::1 - - [12/Mar/2016:01:05:19 +0000] "POST /mobius-yt HTTP/1.1" 409 - "-" "Mozilla/5.0 (Windows NT 10.0; WOW64) AppleWebKit/537.36 (KHTML, like Gecko) Chrome/48.0.2564.116 Safari/537.36"
::1 - - [12/Mar/2016:01:05:19 +0000] "POST /mobius-yt HTTP/1.1" 409 - "-" "Mozilla/5.0 (Windows NT 10.0; WOW64) AppleWebKit/537.36 (KHTML, like Gecko) Chrome/48.0.2564.116 Safari/537.36"
::1 - - [12/Mar/2016:01:05:19 +0000] "POST /mobius-yt HTTP/1.1" 409 - "-" "Mozilla/5.0 (Windows NT 10.0; WOW64) AppleWebKit/537.36 (KHTML, like Gecko) Chrome/48.0.2564.116 Safari/537.36"
::1 - - [12/Mar/2016:01:05:20 +0000] "POST /mobius-yt HTTP/1.1" 409 - "-" "Mozilla/5.0 (Windows NT 10.0; WOW64) AppleWebKit/537.36 (KHTML, like Gecko) Chrome/48.0.2564.116 Safari/537.36"
::1 - - [12/Mar/2016:01:05:20 +0000] "POST /mobius-yt HTTP/1.1" 409 - "-" "Mozilla/5.0 (Windows NT 10.0; WOW64) AppleWebKit/537.36 (KHTML, like Gecko) Chrome/48.0.2564.116 Safari/537.36"
::1 - - [12/Mar/2016:01:05:20 +0000] "POST /mobius-yt HTTP/1.1" 409 - "-" "Mozilla/5.0 (Windows NT 10.0; WOW64) AppleWebKit/537.36 (KHTML, like Gecko) Chrome/48.0.2564.116 Safari/537.36"
::1 - - [12/Mar/2016:01:05:20 +0000] "POST /mobius-yt HTTP/1.1" 409 - "-" "Mozilla/5.0 (Windows NT 10.0; WOW64) AppleWebKit/537.36 (KHTML, like Gecko) Chrome/48.0.2564.116 Safari/537.36"
::1 - - [12/Mar/2016:01:05:21 +0000] "POST /mobius-yt HTTP/1.1" 409 - "-" "Mozilla/5.0 (Windows NT 10.0; WOW64) AppleWebKit/537.36 (KHTML, like Gecko) Chrome/48.0.2564.116 Safari/537.36"
::1 - - [12/Mar/2016:01:05:21 +0000] "POST /mobius-yt HTTP/1.1" 409 - "-" "Mozilla/5.0 (Windows NT 10.0; WOW64) AppleWebKit/537.36 (KHTML, like Gecko) Chrome/48.0.2564.116 Safari/537.36"
::1 - - [12/Mar/2016:01:05:22 +0000] "POST /mobius-yt HTTP/1.1" 409 - "-" "Mozilla/5.0 (Windows NT 10.0; WOW64) AppleWebKit/537.36 (KHTML, like Gecko) Chrome/48.0.2564.116 Safari/537.36"
::1 - - [12/Mar/2016:01:05:22 +0000] "POST /mobius-yt HTTP/1.1" 409 - "-" "Mozilla/5.0 (Windows NT 10.0; WOW64) AppleWebKit/537.36 (KHTML, like Gecko) Chrome/48.0.2564.116 Safari/537.36"
::1 - - [12/Mar/2016:01:05:22 +0000] "POST /mobius-yt HTTP/1.1" 409 - "-" "Mozilla/5.0 (Windows NT 10.0; WOW64) AppleWebKit/537.36 (KHTML, like Gecko) Chrome/48.0.2564.116 Safari/537.36"
::1 - - [12/Mar/2016:01:05:22 +0000] "POST /mobius-yt HTTP/1.1" 409 - "-" "Mozilla/5.0 (Windows NT 10.0; WOW64) AppleWebKit/537.36 (KHTML, like Gecko) Chrome/48.0.2564.116 Safari/537.36"
::1 - - [12/Mar/2016:01:05:22 +0000] "POST /mobius-yt HTTP/1.1" 409 - "-" "Mozilla/5.0 (Windows NT 10.0; WOW64) AppleWebKit/537.36 (KHTML, like Gecko) Chrome/48.0.2564.116 Safari/537.36"
::1 - - [12/Mar/2016:01:05:22 +0000] "POST /mobius-yt HTTP/1.1" 409 - "-" "Mozilla/5.0 (Windows NT 10.0; WOW64) AppleWebKit/537.36 (KHTML, like Gecko) Chrome/48.0.2564.116 Safari/537.36"
::1 - - [12/Mar/2016:01:05:23 +0000] "POST /mobius-yt HTTP/1.1" 409 - "-" "Mozilla/5.0 (Windows NT 10.0; WOW64) AppleWebKit/537.36 (KHTML, like Gecko) Chrome/48.0.2564.116 Safari/537.36"
::1 - - [12/Mar/2016:01:05:23 +0000] "POST /mobius-yt HTTP/1.1" 409 - "-" "Mozilla/5.0 (Windows NT 10.0; WOW64) AppleWebKit/537.36 (KHTML, like Gecko) Chrome/48.0.2564.116 Safari/537.36"
::1 - - [12/Mar/2016:01:05:31 +0000] "GET /mobius-yt/AE_1 HTTP/1.1" 404 - "-" "Mozilla/5.0 (Windows NT 10.0; WOW64) AppleWebKit/537.36 (KHTML, like Gecko) Chrome/48.0.2564.116 Safari/537.36"
::1 - - [12/Mar/2016:01:59:03 +0000] "GET /mobius-yt/AE_1 HTTP/1.1" 404 - "-" "Mozilla/5.0 (Windows NT 10.0; WOW64) AppleWebKit/537.36 (KHTML, like Gecko) Chrome/48.0.2564.116 Safari/537.36"
::1 - - [12/Mar/2016:01:59:04 +0000] "GET /mobius-yt/AE_1 HTTP/1.1" 404 - "-" "Mozilla/5.0 (Windows NT 10.0; WOW64) AppleWebKit/537.36 (KHTML, like Gecko) Chrome/48.0.2564.116 Safari/537.36"
::1 - - [12/Mar/2016:01:59:04 +0000] "GET /mobius-yt/AE_1 HTTP/1.1" 404 - "-" "Mozilla/5.0 (Windows NT 10.0; WOW64) AppleWebKit/537.36 (KHTML, like Gecko) Chrome/48.0.2564.116 Safari/537.36"
::1 - - [12/Mar/2016:01:59:04 +0000] "GET /mobius-yt/AE_1 HTTP/1.1" 404 - "-" "Mozilla/5.0 (Windows NT 10.0; WOW64) AppleWebKit/537.36 (KHTML, like Gecko) Chrome/48.0.2564.116 Safari/537.36"
::1 - - [12/Mar/2016:01:59:04 +0000] "GET /mobius-yt/AE_1 HTTP/1.1" 404 - "-" "Mozilla/5.0 (Windows NT 10.0; WOW64) AppleWebKit/537.36 (KHTML, like Gecko) Chrome/48.0.2564.116 Safari/537.36"
::1 - - [12/Mar/2016:01:59:04 +0000] "GET /mobius-yt/AE_1 HTTP/1.1" 404 - "-" "Mozilla/5.0 (Windows NT 10.0; WOW64) AppleWebKit/537.36 (KHTML, like Gecko) Chrome/48.0.2564.116 Safari/537.36"
::1 - - [12/Mar/2016:01:59:05 +0000] "GET /mobius-yt/AE_1 HTTP/1.1" 404 - "-" "Mozilla/5.0 (Windows NT 10.0; WOW64) AppleWebKit/537.36 (KHTML, like Gecko) Chrome/48.0.2564.116 Safari/537.36"
::1 - - [12/Mar/2016:01:59:05 +0000] "GET /mobius-yt/AE_1 HTTP/1.1" 404 - "-" "Mozilla/5.0 (Windows NT 10.0; WOW64) AppleWebKit/537.36 (KHTML, like Gecko) Chrome/48.0.2564.116 Safari/537.36"
::1 - - [12/Mar/2016:01:59:05 +0000] "GET /mobius-yt/AE_1 HTTP/1.1" 404 - "-" "Mozilla/5.0 (Windows NT 10.0; WOW64) AppleWebKit/537.36 (KHTML, like Gecko) Chrome/48.0.2564.116 Safari/537.36"
::1 - - [12/Mar/2016:01:59:05 +0000] "GET /mobius-yt/AE_1 HTTP/1.1" 404 - "-" "Mozilla/5.0 (Windows NT 10.0; WOW64) AppleWebKit/537.36 (KHTML, like Gecko) Chrome/48.0.2564.116 Safari/537.36"
::1 - - [12/Mar/2016:01:59:05 +0000] "GET /mobius-yt/AE_1 HTTP/1.1" 404 - "-" "Mozilla/5.0 (Windows NT 10.0; WOW64) AppleWebKit/537.36 (KHTML, like Gecko) Chrome/48.0.2564.116 Safari/537.36"
::1 - - [12/Mar/2016:01:59:06 +0000] "GET /mobius-yt/AE_1 HTTP/1.1" 404 - "-" "Mozilla/5.0 (Windows NT 10.0; WOW64) AppleWebKit/537.36 (KHTML, like Gecko) Chrome/48.0.2564.116 Safari/537.36"
::1 - - [12/Mar/2016:01:59:06 +0000] "GET /mobius-yt/AE_1 HTTP/1.1" 404 - "-" "Mozilla/5.0 (Windows NT 10.0; WOW64) AppleWebKit/537.36 (KHTML, like Gecko) Chrome/48.0.2564.116 Safari/537.36"
::1 - - [12/Mar/2016:01:59:06 +0000] "GET /mobius-yt/AE_1 HTTP/1.1" 404 - "-" "Mozilla/5.0 (Windows NT 10.0; WOW64) AppleWebKit/537.36 (KHTML, like Gecko) Chrome/48.0.2564.116 Safari/537.36"
::1 - - [12/Mar/2016:01:59:06 +0000] "GET /mobius-yt/AE_1 HTTP/1.1" 404 - "-" "Mozilla/5.0 (Windows NT 10.0; WOW64) AppleWebKit/537.36 (KHTML, like Gecko) Chrome/48.0.2564.116 Safari/537.36"
::1 - - [12/Mar/2016:01:59:06 +0000] "GET /mobius-yt/AE_1 HTTP/1.1" 404 - "-" "Mozilla/5.0 (Windows NT 10.0; WOW64) AppleWebKit/537.36 (KHTML, like Gecko) Chrome/48.0.2564.116 Safari/537.36"
::1 - - [12/Mar/2016:01:59:07 +0000] "GET /mobius-yt/AE_1 HTTP/1.1" 404 - "-" "Mozilla/5.0 (Windows NT 10.0; WOW64) AppleWebKit/537.36 (KHTML, like Gecko) Chrome/48.0.2564.116 Safari/537.36"
::1 - - [12/Mar/2016:01:59:07 +0000] "GET /mobius-yt/AE_1 HTTP/1.1" 404 - "-" "Mozilla/5.0 (Windows NT 10.0; WOW64) AppleWebKit/537.36 (KHTML, like Gecko) Chrome/48.0.2564.116 Safari/537.36"
::1 - - [12/Mar/2016:01:59:07 +0000] "GET /mobius-yt/AE_1 HTTP/1.1" 404 - "-" "Mozilla/5.0 (Windows NT 10.0; WOW64) AppleWebKit/537.36 (KHTML, like Gecko) Chrome/48.0.2564.116 Safari/537.36"
::1 - - [12/Mar/2016:01:59:07 +0000] "GET /mobius-yt/AE_1 HTTP/1.1" 404 - "-" "Mozilla/5.0 (Windows NT 10.0; WOW64) AppleWebKit/537.36 (KHTML, like Gecko) Chrome/48.0.2564.116 Safari/537.36"
::1 - - [12/Mar/2016:01:59:07 +0000] "GET /mobius-yt/AE_1 HTTP/1.1" 404 - "-" "Mozilla/5.0 (Windows NT 10.0; WOW64) AppleWebKit/537.36 (KHTML, like Gecko) Chrome/48.0.2564.116 Safari/537.36"
::1 - - [12/Mar/2016:01:59:08 +0000] "GET /mobius-yt/AE_1 HTTP/1.1" 404 - "-" "Mozilla/5.0 (Windows NT 10.0; WOW64) AppleWebKit/537.36 (KHTML, like Gecko) Chrome/48.0.2564.116 Safari/537.36"
::1 - - [12/Mar/2016:01:59:08 +0000] "GET /mobius-yt/AE_1 HTTP/1.1" 404 - "-" "Mozilla/5.0 (Windows NT 10.0; WOW64) AppleWebKit/537.36 (KHTML, like Gecko) Chrome/48.0.2564.116 Safari/537.36"
::1 - - [12/Mar/2016:01:59:08 +0000] "GET /mobius-yt/AE_1 HTTP/1.1" 404 - "-" "Mozilla/5.0 (Windows NT 10.0; WOW64) AppleWebKit/537.36 (KHTML, like Gecko) Chrome/48.0.2564.116 Safari/537.36"
::1 - - [12/Mar/2016:01:59:08 +0000] "GET /mobius-yt/AE_1 HTTP/1.1" 404 - "-" "Mozilla/5.0 (Windows NT 10.0; WOW64) AppleWebKit/537.36 (KHTML, like Gecko) Chrome/48.0.2564.116 Safari/537.36"
::1 - - [12/Mar/2016:01:59:08 +0000] "GET /mobius-yt/AE_1 HTTP/1.1" 404 - "-" "Mozilla/5.0 (Windows NT 10.0; WOW64) AppleWebKit/537.36 (KHTML, like Gecko) Chrome/48.0.2564.116 Safari/537.36"
::1 - - [12/Mar/2016:01:59:09 +0000] "GET /mobius-yt/AE_1 HTTP/1.1" 404 - "-" "Mozilla/5.0 (Windows NT 10.0; WOW64) AppleWebKit/537.36 (KHTML, like Gecko) Chrome/48.0.2564.116 Safari/537.36"
::1 - - [12/Mar/2016:02:46:34 +0000] "PUT /mobius-yt/rs_ae HTTP/1.1" 404 - "-" "Mozilla/5.0 (Windows NT 10.0; WOW64) AppleWebKit/537.36 (KHTML, like Gecko) Chrome/48.0.2564.116 Safari/537.36"
::1 - - [12/Mar/2016:02:46:40 +0000] "PUT /mobius-yt/rs_ae HTTP/1.1" 404 - "-" "Mozilla/5.0 (Windows NT 10.0; WOW64) AppleWebKit/537.36 (KHTML, like Gecko) Chrome/48.0.2564.116 Safari/537.36"
::1 - - [12/Mar/2016:02:46:40 +0000] "PUT /mobius-yt/rs_ae HTTP/1.1" 404 - "-" "Mozilla/5.0 (Windows NT 10.0; WOW64) AppleWebKit/537.36 (KHTML, like Gecko) Chrome/48.0.2564.116 Safari/537.36"
::1 - - [12/Mar/2016:02:46:41 +0000] "PUT /mobius-yt/rs_ae HTTP/1.1" 404 - "-" "Mozilla/5.0 (Windows NT 10.0; WOW64) AppleWebKit/537.36 (KHTML, like Gecko) Chrome/48.0.2564.116 Safari/537.36"
::1 - - [12/Mar/2016:02:46:41 +0000] "PUT /mobius-yt/rs_ae HTTP/1.1" 404 - "-" "Mozilla/5.0 (Windows NT 10.0; WOW64) AppleWebKit/537.36 (KHTML, like Gecko) Chrome/48.0.2564.116 Safari/537.36"
::1 - - [12/Mar/2016:02:46:41 +0000] "PUT /mobius-yt/rs_ae HTTP/1.1" 404 - "-" "Mozilla/5.0 (Windows NT 10.0; WOW64) AppleWebKit/537.36 (KHTML, like Gecko) Chrome/48.0.2564.116 Safari/537.36"
::1 - - [12/Mar/2016:02:46:41 +0000] "PUT /mobius-yt/rs_ae HTTP/1.1" 404 - "-" "Mozilla/5.0 (Windows NT 10.0; WOW64) AppleWebKit/537.36 (KHTML, like Gecko) Chrome/48.0.2564.116 Safari/537.36"
::1 - - [12/Mar/2016:02:46:41 +0000] "PUT /mobius-yt/rs_ae HTTP/1.1" 404 - "-" "Mozilla/5.0 (Windows NT 10.0; WOW64) AppleWebKit/537.36 (KHTML, like Gecko) Chrome/48.0.2564.116 Safari/537.36"
::1 - - [12/Mar/2016:02:46:42 +0000] "PUT /mobius-yt/rs_ae HTTP/1.1" 404 - "-" "Mozilla/5.0 (Windows NT 10.0; WOW64) AppleWebKit/537.36 (KHTML, like Gecko) Chrome/48.0.2564.116 Safari/537.36"
::1 - - [12/Mar/2016:02:46:42 +0000] "PUT /mobius-yt/rs_ae HTTP/1.1" 404 - "-" "Mozilla/5.0 (Windows NT 10.0; WOW64) AppleWebKit/537.36 (KHTML, like Gecko) Chrome/48.0.2564.116 Safari/537.36"
::1 - - [12/Mar/2016:02:46:42 +0000] "PUT /mobius-yt/rs_ae HTTP/1.1" 404 - "-" "Mozilla/5.0 (Windows NT 10.0; WOW64) AppleWebKit/537.36 (KHTML, like Gecko) Chrome/48.0.2564.116 Safari/537.36"
::1 - - [12/Mar/2016:02:46:42 +0000] "PUT /mobius-yt/rs_ae HTTP/1.1" 404 - "-" "Mozilla/5.0 (Windows NT 10.0; WOW64) AppleWebKit/537.36 (KHTML, like Gecko) Chrome/48.0.2564.116 Safari/537.36"
::1 - - [12/Mar/2016:02:46:42 +0000] "PUT /mobius-yt/rs_ae HTTP/1.1" 404 - "-" "Mozilla/5.0 (Windows NT 10.0; WOW64) AppleWebKit/537.36 (KHTML, like Gecko) Chrome/48.0.2564.116 Safari/537.36"
::1 - - [12/Mar/2016:02:46:43 +0000] "PUT /mobius-yt/rs_ae HTTP/1.1" 404 - "-" "Mozilla/5.0 (Windows NT 10.0; WOW64) AppleWebKit/537.36 (KHTML, like Gecko) Chrome/48.0.2564.116 Safari/537.36"
::1 - - [12/Mar/2016:02:46:43 +0000] "PUT /mobius-yt/rs_ae HTTP/1.1" 404 - "-" "Mozilla/5.0 (Windows NT 10.0; WOW64) AppleWebKit/537.36 (KHTML, like Gecko) Chrome/48.0.2564.116 Safari/537.36"
::1 - - [12/Mar/2016:02:46:43 +0000] "PUT /mobius-yt/rs_ae HTTP/1.1" 404 - "-" "Mozilla/5.0 (Windows NT 10.0; WOW64) AppleWebKit/537.36 (KHTML, like Gecko) Chrome/48.0.2564.116 Safari/537.36"
::1 - - [12/Mar/2016:02:46:43 +0000] "PUT /mobius-yt/rs_ae HTTP/1.1" 404 - "-" "Mozilla/5.0 (Windows NT 10.0; WOW64) AppleWebKit/537.36 (KHTML, like Gecko) Chrome/48.0.2564.116 Safari/537.36"
::1 - - [12/Mar/2016:02:53:18 +0000] "PUT /mobius-yt/ryeubi HTTP/1.1" 400 - "-" "Mozilla/5.0 (Windows NT 10.0; WOW64) AppleWebKit/537.36 (KHTML, like Gecko) Chrome/48.0.2564.116 Safari/537.36"
::1 - - [12/Mar/2016:02:53:37 +0000] "PUT /mobius-yt/ryeubi HTTP/1.1" 400 - "-" "Mozilla/5.0 (Windows NT 10.0; WOW64) AppleWebKit/537.36 (KHTML, like Gecko) Chrome/48.0.2564.116 Safari/537.36"
::ffff:127.0.0.1 - - [12/Mar/2016:02:54:23 +0000] "PUT /mobius-yt/ryeubi HTTP/1.1" 400 - "-" "Mozilla/5.0 (Windows NT 10.0; WOW64) AppleWebKit/537.36 (KHTML, like Gecko) Chrome/48.0.2564.116 Safari/537.36"
::ffff:127.0.0.1 - - [12/Mar/2016:02:54:29 +0000] "PUT /mobius-yt/ryeubi HTTP/1.1" 400 - "-" "Mozilla/5.0 (Windows NT 10.0; WOW64) AppleWebKit/537.36 (KHTML, like Gecko) Chrome/48.0.2564.116 Safari/537.36"
::1 - - [12/Mar/2016:02:58:25 +0000] "PUT /mobius-yt/rs_ae HTTP/1.1" 404 - "-" "Mozilla/5.0 (Windows NT 10.0; WOW64) AppleWebKit/537.36 (KHTML, like Gecko) Chrome/48.0.2564.116 Safari/537.36"
::1 - - [12/Mar/2016:02:58:32 +0000] "PUT /mobius-yt/ryeubi HTTP/1.1" 400 - "-" "Mozilla/5.0 (Windows NT 10.0; WOW64) AppleWebKit/537.36 (KHTML, like Gecko) Chrome/48.0.2564.116 Safari/537.36"
::1 - - [12/Mar/2016:03:01:05 +0000] "PUT /mobius-yt/ryeubi HTTP/1.1" 200 546 "-" "Mozilla/5.0 (Windows NT 10.0; WOW64) AppleWebKit/537.36 (KHTML, like Gecko) Chrome/48.0.2564.116 Safari/537.36"
::1 - - [12/Mar/2016:03:01:11 +0000] "PUT /mobius-yt/ryeubi HTTP/1.1" 200 546 "-" "Mozilla/5.0 (Windows NT 10.0; WOW64) AppleWebKit/537.36 (KHTML, like Gecko) Chrome/48.0.2564.116 Safari/537.36"
::1 - - [12/Mar/2016:03:48:23 +0000] "PUT /mobius-yt/ryeubi HTTP/1.1" 204 - "-" "Mozilla/5.0 (Windows NT 10.0; WOW64) AppleWebKit/537.36 (KHTML, like Gecko) Chrome/48.0.2564.116 Safari/537.36"
::1 - - [12/Mar/2016:03:51:04 +0000] "PUT /mobius-yt/ryeubi HTTP/1.1" 200 549 "-" "Mozilla/5.0 (Windows NT 10.0; WOW64) AppleWebKit/537.36 (KHTML, like Gecko) Chrome/48.0.2564.116 Safari/537.36"
::1 - - [12/Mar/2016:03:51:08 +0000] "PUT /mobius-yt/ryeubi HTTP/1.1" 200 549 "-" "Mozilla/5.0 (Windows NT 10.0; WOW64) AppleWebKit/537.36 (KHTML, like Gecko) Chrome/48.0.2564.116 Safari/537.36"
::1 - - [12/Mar/2016:03:51:08 +0000] "PUT /mobius-yt/ryeubi HTTP/1.1" 200 549 "-" "Mozilla/5.0 (Windows NT 10.0; WOW64) AppleWebKit/537.36 (KHTML, like Gecko) Chrome/48.0.2564.116 Safari/537.36"
::1 - - [12/Mar/2016:03:51:09 +0000] "PUT /mobius-yt/ryeubi HTTP/1.1" 200 549 "-" "Mozilla/5.0 (Windows NT 10.0; WOW64) AppleWebKit/537.36 (KHTML, like Gecko) Chrome/48.0.2564.116 Safari/537.36"
::1 - - [12/Mar/2016:03:51:10 +0000] "PUT /mobius-yt/ryeubi HTTP/1.1" 200 549 "-" "Mozilla/5.0 (Windows NT 10.0; WOW64) AppleWebKit/537.36 (KHTML, like Gecko) Chrome/48.0.2564.116 Safari/537.36"
::1 - - [12/Mar/2016:03:51:10 +0000] "PUT /mobius-yt/ryeubi HTTP/1.1" 200 549 "-" "Mozilla/5.0 (Windows NT 10.0; WOW64) AppleWebKit/537.36 (KHTML, like Gecko) Chrome/48.0.2564.116 Safari/537.36"
::1 - - [12/Mar/2016:03:51:10 +0000] "PUT /mobius-yt/ryeubi HTTP/1.1" 200 549 "-" "Mozilla/5.0 (Windows NT 10.0; WOW64) AppleWebKit/537.36 (KHTML, like Gecko) Chrome/48.0.2564.116 Safari/537.36"
::1 - - [12/Mar/2016:03:51:11 +0000] "PUT /mobius-yt/ryeubi HTTP/1.1" 200 549 "-" "Mozilla/5.0 (Windows NT 10.0; WOW64) AppleWebKit/537.36 (KHTML, like Gecko) Chrome/48.0.2564.116 Safari/537.36"
::1 - - [12/Mar/2016:03:51:11 +0000] "PUT /mobius-yt/ryeubi HTTP/1.1" 200 549 "-" "Mozilla/5.0 (Windows NT 10.0; WOW64) AppleWebKit/537.36 (KHTML, like Gecko) Chrome/48.0.2564.116 Safari/537.36"
::1 - - [12/Mar/2016:03:51:12 +0000] "PUT /mobius-yt/ryeubi HTTP/1.1" 200 549 "-" "Mozilla/5.0 (Windows NT 10.0; WOW64) AppleWebKit/537.36 (KHTML, like Gecko) Chrome/48.0.2564.116 Safari/537.36"
::1 - - [12/Mar/2016:03:51:12 +0000] "PUT /mobius-yt/ryeubi HTTP/1.1" 200 549 "-" "Mozilla/5.0 (Windows NT 10.0; WOW64) AppleWebKit/537.36 (KHTML, like Gecko) Chrome/48.0.2564.116 Safari/537.36"
::1 - - [12/Mar/2016:03:51:12 +0000] "PUT /mobius-yt/ryeubi HTTP/1.1" 200 549 "-" "Mozilla/5.0 (Windows NT 10.0; WOW64) AppleWebKit/537.36 (KHTML, like Gecko) Chrome/48.0.2564.116 Safari/537.36"
::1 - - [12/Mar/2016:03:51:13 +0000] "PUT /mobius-yt/ryeubi HTTP/1.1" 200 549 "-" "Mozilla/5.0 (Windows NT 10.0; WOW64) AppleWebKit/537.36 (KHTML, like Gecko) Chrome/48.0.2564.116 Safari/537.36"
::1 - - [12/Mar/2016:03:51:13 +0000] "PUT /mobius-yt/ryeubi HTTP/1.1" 200 549 "-" "Mozilla/5.0 (Windows NT 10.0; WOW64) AppleWebKit/537.36 (KHTML, like Gecko) Chrome/48.0.2564.116 Safari/537.36"
::1 - - [12/Mar/2016:03:51:13 +0000] "PUT /mobius-yt/ryeubi HTTP/1.1" 200 549 "-" "Mozilla/5.0 (Windows NT 10.0; WOW64) AppleWebKit/537.36 (KHTML, like Gecko) Chrome/48.0.2564.116 Safari/537.36"
::1 - - [12/Mar/2016:03:51:13 +0000] "PUT /mobius-yt/ryeubi HTTP/1.1" 200 549 "-" "Mozilla/5.0 (Windows NT 10.0; WOW64) AppleWebKit/537.36 (KHTML, like Gecko) Chrome/48.0.2564.116 Safari/537.36"
::ffff:127.0.0.1 - - [12/Mar/2016:03:51:13 +0000] "DELETE /mobius-yt/ryeubi/8dj0ehz343_sub HTTP/1.1" 200 - "-" "-"
::1 - - [12/Mar/2016:03:51:13 +0000] "PUT /mobius-yt/ryeubi HTTP/1.1" 200 549 "-" "Mozilla/5.0 (Windows NT 10.0; WOW64) AppleWebKit/537.36 (KHTML, like Gecko) Chrome/48.0.2564.116 Safari/537.36"
::1 - - [12/Mar/2016:03:51:14 +0000] "PUT /mobius-yt/ryeubi HTTP/1.1" 200 549 "-" "Mozilla/5.0 (Windows NT 10.0; WOW64) AppleWebKit/537.36 (KHTML, like Gecko) Chrome/48.0.2564.116 Safari/537.36"
::1 - - [12/Mar/2016:03:51:14 +0000] "PUT /mobius-yt/ryeubi HTTP/1.1" 200 549 "-" "Mozilla/5.0 (Windows NT 10.0; WOW64) AppleWebKit/537.36 (KHTML, like Gecko) Chrome/48.0.2564.116 Safari/537.36"
::1 - - [12/Mar/2016:03:51:14 +0000] "PUT /mobius-yt/ryeubi HTTP/1.1" 200 549 "-" "Mozilla/5.0 (Windows NT 10.0; WOW64) AppleWebKit/537.36 (KHTML, like Gecko) Chrome/48.0.2564.116 Safari/537.36"
::1 - - [12/Mar/2016:03:51:14 +0000] "PUT /mobius-yt/ryeubi HTTP/1.1" 200 549 "-" "Mozilla/5.0 (Windows NT 10.0; WOW64) AppleWebKit/537.36 (KHTML, like Gecko) Chrome/48.0.2564.116 Safari/537.36"
::1 - - [12/Mar/2016:03:51:14 +0000] "PUT /mobius-yt/ryeubi HTTP/1.1" 200 549 "-" "Mozilla/5.0 (Windows NT 10.0; WOW64) AppleWebKit/537.36 (KHTML, like Gecko) Chrome/48.0.2564.116 Safari/537.36"
::1 - - [12/Mar/2016:03:51:15 +0000] "PUT /mobius-yt/ryeubi HTTP/1.1" 200 549 "-" "Mozilla/5.0 (Windows NT 10.0; WOW64) AppleWebKit/537.36 (KHTML, like Gecko) Chrome/48.0.2564.116 Safari/537.36"
::1 - - [12/Mar/2016:03:51:15 +0000] "PUT /mobius-yt/ryeubi HTTP/1.1" 200 549 "-" "Mozilla/5.0 (Windows NT 10.0; WOW64) AppleWebKit/537.36 (KHTML, like Gecko) Chrome/48.0.2564.116 Safari/537.36"
::1 - - [12/Mar/2016:03:51:15 +0000] "PUT /mobius-yt/ryeubi HTTP/1.1" 200 549 "-" "Mozilla/5.0 (Windows NT 10.0; WOW64) AppleWebKit/537.36 (KHTML, like Gecko) Chrome/48.0.2564.116 Safari/537.36"
::1 - - [12/Mar/2016:03:51:15 +0000] "PUT /mobius-yt/ryeubi HTTP/1.1" 200 549 "-" "Mozilla/5.0 (Windows NT 10.0; WOW64) AppleWebKit/537.36 (KHTML, like Gecko) Chrome/48.0.2564.116 Safari/537.36"
::1 - - [12/Mar/2016:03:51:16 +0000] "PUT /mobius-yt/ryeubi HTTP/1.1" 200 549 "-" "Mozilla/5.0 (Windows NT 10.0; WOW64) AppleWebKit/537.36 (KHTML, like Gecko) Chrome/48.0.2564.116 Safari/537.36"
::1 - - [12/Mar/2016:03:51:16 +0000] "PUT /mobius-yt/ryeubi HTTP/1.1" 200 549 "-" "Mozilla/5.0 (Windows NT 10.0; WOW64) AppleWebKit/537.36 (KHTML, like Gecko) Chrome/48.0.2564.116 Safari/537.36"
::1 - - [12/Mar/2016:03:51:16 +0000] "PUT /mobius-yt/ryeubi HTTP/1.1" 200 549 "-" "Mozilla/5.0 (Windows NT 10.0; WOW64) AppleWebKit/537.36 (KHTML, like Gecko) Chrome/48.0.2564.116 Safari/537.36"
::1 - - [12/Mar/2016:03:51:16 +0000] "PUT /mobius-yt/ryeubi HTTP/1.1" 200 549 "-" "Mozilla/5.0 (Windows NT 10.0; WOW64) AppleWebKit/537.36 (KHTML, like Gecko) Chrome/48.0.2564.116 Safari/537.36"
::1 - - [12/Mar/2016:03:51:16 +0000] "PUT /mobius-yt/ryeubi HTTP/1.1" 200 549 "-" "Mozilla/5.0 (Windows NT 10.0; WOW64) AppleWebKit/537.36 (KHTML, like Gecko) Chrome/48.0.2564.116 Safari/537.36"
::1 - - [12/Mar/2016:03:51:17 +0000] "PUT /mobius-yt/ryeubi HTTP/1.1" 200 549 "-" "Mozilla/5.0 (Windows NT 10.0; WOW64) AppleWebKit/537.36 (KHTML, like Gecko) Chrome/48.0.2564.116 Safari/537.36"
::1 - - [12/Mar/2016:03:51:17 +0000] "PUT /mobius-yt/ryeubi HTTP/1.1" 200 549 "-" "Mozilla/5.0 (Windows NT 10.0; WOW64) AppleWebKit/537.36 (KHTML, like Gecko) Chrome/48.0.2564.116 Safari/537.36"
::1 - - [12/Mar/2016:03:51:17 +0000] "PUT /mobius-yt/ryeubi HTTP/1.1" 200 549 "-" "Mozilla/5.0 (Windows NT 10.0; WOW64) AppleWebKit/537.36 (KHTML, like Gecko) Chrome/48.0.2564.116 Safari/537.36"
::1 - - [12/Mar/2016:03:51:17 +0000] "PUT /mobius-yt/ryeubi HTTP/1.1" 200 549 "-" "Mozilla/5.0 (Windows NT 10.0; WOW64) AppleWebKit/537.36 (KHTML, like Gecko) Chrome/48.0.2564.116 Safari/537.36"
::1 - - [12/Mar/2016:03:51:17 +0000] "PUT /mobius-yt/ryeubi HTTP/1.1" 200 549 "-" "Mozilla/5.0 (Windows NT 10.0; WOW64) AppleWebKit/537.36 (KHTML, like Gecko) Chrome/48.0.2564.116 Safari/537.36"
::1 - - [12/Mar/2016:03:51:18 +0000] "PUT /mobius-yt/ryeubi HTTP/1.1" 200 549 "-" "Mozilla/5.0 (Windows NT 10.0; WOW64) AppleWebKit/537.36 (KHTML, like Gecko) Chrome/48.0.2564.116 Safari/537.36"
::1 - - [12/Mar/2016:03:51:18 +0000] "PUT /mobius-yt/ryeubi HTTP/1.1" 200 549 "-" "Mozilla/5.0 (Windows NT 10.0; WOW64) AppleWebKit/537.36 (KHTML, like Gecko) Chrome/48.0.2564.116 Safari/537.36"
::1 - - [12/Mar/2016:03:51:18 +0000] "PUT /mobius-yt/ryeubi HTTP/1.1" 200 549 "-" "Mozilla/5.0 (Windows NT 10.0; WOW64) AppleWebKit/537.36 (KHTML, like Gecko) Chrome/48.0.2564.116 Safari/537.36"
::1 - - [12/Mar/2016:03:51:18 +0000] "PUT /mobius-yt/ryeubi HTTP/1.1" 200 549 "-" "Mozilla/5.0 (Windows NT 10.0; WOW64) AppleWebKit/537.36 (KHTML, like Gecko) Chrome/48.0.2564.116 Safari/537.36"
::1 - - [12/Mar/2016:03:51:18 +0000] "PUT /mobius-yt/ryeubi HTTP/1.1" 200 549 "-" "Mozilla/5.0 (Windows NT 10.0; WOW64) AppleWebKit/537.36 (KHTML, like Gecko) Chrome/48.0.2564.116 Safari/537.36"
::1 - - [12/Mar/2016:03:51:22 +0000] "PUT /mobius-yt/ryeubi HTTP/1.1" 200 550 "-" "Mozilla/5.0 (Windows NT 10.0; WOW64) AppleWebKit/537.36 (KHTML, like Gecko) Chrome/48.0.2564.116 Safari/537.36"
::1 - - [12/Mar/2016:03:51:41 +0000] "PUT /mobius-yt/ryeubi HTTP/1.1" 200 550 "-" "Mozilla/5.0 (Windows NT 10.0; WOW64) AppleWebKit/537.36 (KHTML, like Gecko) Chrome/48.0.2564.116 Safari/537.36"
::1 - - [12/Mar/2016:03:51:53 +0000] "PUT /mobius-yt/ryeubi HTTP/1.1" 200 550 "-" "Mozilla/5.0 (Windows NT 10.0; WOW64) AppleWebKit/537.36 (KHTML, like Gecko) Chrome/48.0.2564.116 Safari/537.36"
::1 - - [12/Mar/2016:03:52:00 +0000] "PUT /mobius-yt/ryeubi HTTP/1.1" 400 - "-" "Mozilla/5.0 (Windows NT 10.0; WOW64) AppleWebKit/537.36 (KHTML, like Gecko) Chrome/48.0.2564.116 Safari/537.36"
::ffff:127.0.0.1 - - [12/Mar/2016:03:54:49 +0000] "PUT /mobius-yt/ryeubi HTTP/1.1" 400 - "-" "Mozilla/5.0 (Windows NT 10.0; WOW64) AppleWebKit/537.36 (KHTML, like Gecko) Chrome/48.0.2564.116 Safari/537.36"
::ffff:127.0.0.1 - - [12/Mar/2016:03:54:50 +0000] "PUT /mobius-yt/ryeubi HTTP/1.1" 400 - "-" "Mozilla/5.0 (Windows NT 10.0; WOW64) AppleWebKit/537.36 (KHTML, like Gecko) Chrome/48.0.2564.116 Safari/537.36"
::ffff:127.0.0.1 - - [12/Mar/2016:03:54:55 +0000] "GET /mobius-yt/AE_1 HTTP/1.1" 404 - "-" "Mozilla/5.0 (Windows NT 10.0; WOW64) AppleWebKit/537.36 (KHTML, like Gecko) Chrome/48.0.2564.116 Safari/537.36"
::ffff:127.0.0.1 - - [12/Mar/2016:03:55:02 +0000] "GET /mobius-yt/ryeubi HTTP/1.1" 200 547 "-" "Mozilla/5.0 (Windows NT 10.0; WOW64) AppleWebKit/537.36 (KHTML, like Gecko) Chrome/48.0.2564.116 Safari/537.36"
::1 - - [12/Mar/2016:04:00:25 +0000] "GET /mobius-yt/ryeubi HTTP/1.1" 200 550 "-" "Mozilla/5.0 (Windows NT 10.0; WOW64) AppleWebKit/537.36 (KHTML, like Gecko) Chrome/48.0.2564.116 Safari/537.36"
::1 - - [12/Mar/2016:04:00:27 +0000] "GET /mobius-yt/ryeubi HTTP/1.1" 200 550 "-" "Mozilla/5.0 (Windows NT 10.0; WOW64) AppleWebKit/537.36 (KHTML, like Gecko) Chrome/48.0.2564.116 Safari/537.36"
::1 - - [12/Mar/2016:04:00:27 +0000] "GET /mobius-yt/ryeubi HTTP/1.1" 200 550 "-" "Mozilla/5.0 (Windows NT 10.0; WOW64) AppleWebKit/537.36 (KHTML, like Gecko) Chrome/48.0.2564.116 Safari/537.36"
::1 - - [12/Mar/2016:04:00:28 +0000] "GET /mobius-yt/ryeubi HTTP/1.1" 200 550 "-" "Mozilla/5.0 (Windows NT 10.0; WOW64) AppleWebKit/537.36 (KHTML, like Gecko) Chrome/48.0.2564.116 Safari/537.36"
::1 - - [12/Mar/2016:04:00:28 +0000] "GET /mobius-yt/ryeubi HTTP/1.1" 200 550 "-" "Mozilla/5.0 (Windows NT 10.0; WOW64) AppleWebKit/537.36 (KHTML, like Gecko) Chrome/48.0.2564.116 Safari/537.36"
::1 - - [12/Mar/2016:04:00:29 +0000] "GET /mobius-yt/ryeubi HTTP/1.1" 200 550 "-" "Mozilla/5.0 (Windows NT 10.0; WOW64) AppleWebKit/537.36 (KHTML, like Gecko) Chrome/48.0.2564.116 Safari/537.36"
::1 - - [12/Mar/2016:04:00:29 +0000] "GET /mobius-yt/ryeubi HTTP/1.1" 200 550 "-" "Mozilla/5.0 (Windows NT 10.0; WOW64) AppleWebKit/537.36 (KHTML, like Gecko) Chrome/48.0.2564.116 Safari/537.36"
::1 - - [12/Mar/2016:04:02:22 +0000] "GET /mobius-yt/ryeubi HTTP/1.1" 200 550 "-" "Mozilla/5.0 (Windows NT 10.0; WOW64) AppleWebKit/537.36 (KHTML, like Gecko) Chrome/48.0.2564.116 Safari/537.36"
::1 - - [12/Mar/2016:04:02:23 +0000] "GET /mobius-yt/ryeubi HTTP/1.1" 200 550 "-" "Mozilla/5.0 (Windows NT 10.0; WOW64) AppleWebKit/537.36 (KHTML, like Gecko) Chrome/48.0.2564.116 Safari/537.36"
::1 - - [12/Mar/2016:04:02:23 +0000] "GET /mobius-yt/ryeubi HTTP/1.1" 200 550 "-" "Mozilla/5.0 (Windows NT 10.0; WOW64) AppleWebKit/537.36 (KHTML, like Gecko) Chrome/48.0.2564.116 Safari/537.36"
::1 - - [12/Mar/2016:04:02:23 +0000] "GET /mobius-yt/ryeubi HTTP/1.1" 200 550 "-" "Mozilla/5.0 (Windows NT 10.0; WOW64) AppleWebKit/537.36 (KHTML, like Gecko) Chrome/48.0.2564.116 Safari/537.36"
::1 - - [12/Mar/2016:04:02:24 +0000] "GET /mobius-yt/ryeubi HTTP/1.1" 200 550 "-" "Mozilla/5.0 (Windows NT 10.0; WOW64) AppleWebKit/537.36 (KHTML, like Gecko) Chrome/48.0.2564.116 Safari/537.36"
::1 - - [12/Mar/2016:04:02:31 +0000] "POST /mobius-yt HTTP/1.1" 201 523 "-" "Mozilla/5.0 (Windows NT 10.0; WOW64) AppleWebKit/537.36 (KHTML, like Gecko) Chrome/48.0.2564.116 Safari/537.36"
::1 - - [12/Mar/2016:04:02:32 +0000] "POST /mobius-yt HTTP/1.1" 409 - "-" "Mozilla/5.0 (Windows NT 10.0; WOW64) AppleWebKit/537.36 (KHTML, like Gecko) Chrome/48.0.2564.116 Safari/537.36"
::1 - - [12/Mar/2016:04:02:34 +0000] "POST /mobius-yt HTTP/1.1" 409 - "-" "Mozilla/5.0 (Windows NT 10.0; WOW64) AppleWebKit/537.36 (KHTML, like Gecko) Chrome/48.0.2564.116 Safari/537.36"
::1 - - [12/Mar/2016:04:02:40 +0000] "POST /mobius-yt HTTP/1.1" 409 - "-" "Mozilla/5.0 (Windows NT 10.0; WOW64) AppleWebKit/537.36 (KHTML, like Gecko) Chrome/48.0.2564.116 Safari/537.36"
::1 - - [12/Mar/2016:04:02:45 +0000] "POST /mobius-yt HTTP/1.1" 201 284 "-" "Mozilla/5.0 (Windows NT 10.0; WOW64) AppleWebKit/537.36 (KHTML, like Gecko) Chrome/48.0.2564.116 Safari/537.36"
::1 - - [12/Mar/2016:04:03:50 +0000] "GET /mobius-yt/ryeubi HTTP/1.1" 200 550 "-" "Mozilla/5.0 (Windows NT 10.0; WOW64) AppleWebKit/537.36 (KHTML, like Gecko) Chrome/48.0.2564.116 Safari/537.36"
::1 - - [12/Mar/2016:04:14:02 +0000] "GET /mobius-yt/ryeubi HTTP/1.1" 200 550 "-" "Mozilla/5.0 (Windows NT 10.0; WOW64) AppleWebKit/537.36 (KHTML, like Gecko) Chrome/48.0.2564.116 Safari/537.36"
::1 - - [12/Mar/2016:04:14:03 +0000] "GET /mobius-yt/ryeubi HTTP/1.1" 200 550 "-" "Mozilla/5.0 (Windows NT 10.0; WOW64) AppleWebKit/537.36 (KHTML, like Gecko) Chrome/48.0.2564.116 Safari/537.36"
::1 - - [12/Mar/2016:11:02:15 +0000] "POST /mobius-yt HTTP/1.1" 400 46 "-" "Mozilla/5.0 (Windows NT 10.0; WOW64) AppleWebKit/537.36 (KHTML, like Gecko) Chrome/48.0.2564.116 Safari/537.36"
::1 - - [12/Mar/2016:11:02:59 +0000] "POST /mobius-yt HTTP/1.1" 400 46 "-" "Mozilla/5.0 (Windows NT 10.0; WOW64) AppleWebKit/537.36 (KHTML, like Gecko) Chrome/48.0.2564.116 Safari/537.36"
::1 - - [12/Mar/2016:11:03:04 +0000] "POST /mobius-yt HTTP/1.1" 400 46 "-" "Mozilla/5.0 (Windows NT 10.0; WOW64) AppleWebKit/537.36 (KHTML, like Gecko) Chrome/48.0.2564.116 Safari/537.36"
::1 - - [12/Mar/2016:11:03:11 +0000] "POST /mobius-yt HTTP/1.1" 400 124 "-" "Mozilla/5.0 (Windows NT 10.0; WOW64) AppleWebKit/537.36 (KHTML, like Gecko) Chrome/48.0.2564.116 Safari/537.36"
::1 - - [12/Mar/2016:11:05:58 +0000] "POST /mobius-yt HTTP/1.1" 400 124 "-" "Mozilla/5.0 (Windows NT 10.0; WOW64) AppleWebKit/537.36 (KHTML, like Gecko) Chrome/48.0.2564.116 Safari/537.36"
::1 - - [12/Mar/2016:11:06:02 +0000] "POST /mobius-yt HTTP/1.1" 400 124 "-" "Mozilla/5.0 (Windows NT 10.0; WOW64) AppleWebKit/537.36 (KHTML, like Gecko) Chrome/48.0.2564.116 Safari/537.36"
::1 - - [12/Mar/2016:11:06:03 +0000] "POST /mobius-yt HTTP/1.1" 400 124 "-" "Mozilla/5.0 (Windows NT 10.0; WOW64) AppleWebKit/537.36 (KHTML, like Gecko) Chrome/48.0.2564.116 Safari/537.36"
::1 - - [12/Mar/2016:11:06:39 +0000] "POST /mobius-yt HTTP/1.1" 400 115 "-" "Mozilla/5.0 (Windows NT 10.0; WOW64) AppleWebKit/537.36 (KHTML, like Gecko) Chrome/48.0.2564.116 Safari/537.36"
::1 - - [12/Mar/2016:11:06:44 +0000] "POST /mobius-yt HTTP/1.1" 400 115 "-" "Mozilla/5.0 (Windows NT 10.0; WOW64) AppleWebKit/537.36 (KHTML, like Gecko) Chrome/48.0.2564.116 Safari/537.36"
::1 - - [12/Mar/2016:11:06:47 +0000] "POST /mobius-yt HTTP/1.1" 400 115 "-" "Mozilla/5.0 (Windows NT 10.0; WOW64) AppleWebKit/537.36 (KHTML, like Gecko) Chrome/48.0.2564.116 Safari/537.36"
::1 - - [12/Mar/2016:11:07:02 +0000] "POST /mobius-yt HTTP/1.1" 400 46 "-" "Mozilla/5.0 (Windows NT 10.0; WOW64) AppleWebKit/537.36 (KHTML, like Gecko) Chrome/48.0.2564.116 Safari/537.36"
::1 - - [12/Mar/2016:11:07:03 +0000] "POST /mobius-yt HTTP/1.1" 400 46 "-" "Mozilla/5.0 (Windows NT 10.0; WOW64) AppleWebKit/537.36 (KHTML, like Gecko) Chrome/48.0.2564.116 Safari/537.36"
::1 - - [12/Mar/2016:11:07:04 +0000] "POST /mobius-yt HTTP/1.1" 400 46 "-" "Mozilla/5.0 (Windows NT 10.0; WOW64) AppleWebKit/537.36 (KHTML, like Gecko) Chrome/48.0.2564.116 Safari/537.36"
::1 - - [12/Mar/2016:11:07:08 +0000] "POST /mobius-yt HTTP/1.1" 400 115 "-" "Mozilla/5.0 (Windows NT 10.0; WOW64) AppleWebKit/537.36 (KHTML, like Gecko) Chrome/48.0.2564.116 Safari/537.36"
::1 - - [12/Mar/2016:11:07:09 +0000] "POST /mobius-yt HTTP/1.1" 400 115 "-" "Mozilla/5.0 (Windows NT 10.0; WOW64) AppleWebKit/537.36 (KHTML, like Gecko) Chrome/48.0.2564.116 Safari/537.36"
::1 - - [12/Mar/2016:11:07:20 +0000] "POST /mobius-yt HTTP/1.1" 400 46 "-" "Mozilla/5.0 (Windows NT 10.0; WOW64) AppleWebKit/537.36 (KHTML, like Gecko) Chrome/48.0.2564.116 Safari/537.36"
::1 - - [12/Mar/2016:11:08:15 +0000] "POST /mobius-yt HTTP/1.1" 400 46 "-" "Mozilla/5.0 (Windows NT 10.0; WOW64) AppleWebKit/537.36 (KHTML, like Gecko) Chrome/48.0.2564.116 Safari/537.36"
::1 - - [12/Mar/2016:11:08:19 +0000] "POST /mobius-yt HTTP/1.1" 400 96 "-" "Mozilla/5.0 (Windows NT 10.0; WOW64) AppleWebKit/537.36 (KHTML, like Gecko) Chrome/48.0.2564.116 Safari/537.36"
::1 - - [12/Mar/2016:11:08:21 +0000] "POST /mobius-yt HTTP/1.1" 400 96 "-" "Mozilla/5.0 (Windows NT 10.0; WOW64) AppleWebKit/537.36 (KHTML, like Gecko) Chrome/48.0.2564.116 Safari/537.36"
::1 - - [12/Mar/2016:11:08:22 +0000] "POST /mobius-yt HTTP/1.1" 400 96 "-" "Mozilla/5.0 (Windows NT 10.0; WOW64) AppleWebKit/537.36 (KHTML, like Gecko) Chrome/48.0.2564.116 Safari/537.36"
::1 - - [12/Mar/2016:11:18:19 +0000] "POST /mobius-yt HTTP/1.1" 400 - "-" "Mozilla/5.0 (Windows NT 10.0; WOW64) AppleWebKit/537.36 (KHTML, like Gecko) Chrome/48.0.2564.116 Safari/537.36"
::1 - - [12/Mar/2016:11:22:47 +0000] "POST /mobius-yt HTTP/1.1" 400 96 "-" "Mozilla/5.0 (Windows NT 10.0; WOW64) AppleWebKit/537.36 (KHTML, like Gecko) Chrome/48.0.2564.116 Safari/537.36"
::1 - - [12/Mar/2016:11:43:03 +0000] "POST /mobius-yt HTTP/1.1" 400 96 "-" "Mozilla/5.0 (Windows NT 10.0; WOW64) AppleWebKit/537.36 (KHTML, like Gecko) Chrome/48.0.2564.116 Safari/537.36"
::1 - - [12/Mar/2016:11:53:17 +0000] "POST /mobius-yt HTTP/1.1" 400 - "-" "Mozilla/5.0 (Windows NT 10.0; WOW64) AppleWebKit/537.36 (KHTML, like Gecko) Chrome/48.0.2564.116 Safari/537.36"
::1 - - [12/Mar/2016:11:53:51 +0000] "POST /mobius-yt HTTP/1.1" 400 - "-" "Mozilla/5.0 (Windows NT 10.0; WOW64) AppleWebKit/537.36 (KHTML, like Gecko) Chrome/48.0.2564.116 Safari/537.36"
::1 - - [12/Mar/2016:11:53:52 +0000] "POST /mobius-yt HTTP/1.1" 400 - "-" "Mozilla/5.0 (Windows NT 10.0; WOW64) AppleWebKit/537.36 (KHTML, like Gecko) Chrome/48.0.2564.116 Safari/537.36"
::1 - - [12/Mar/2016:11:53:53 +0000] "POST /mobius-yt HTTP/1.1" 400 - "-" "Mozilla/5.0 (Windows NT 10.0; WOW64) AppleWebKit/537.36 (KHTML, like Gecko) Chrome/48.0.2564.116 Safari/537.36"
::1 - - [12/Mar/2016:11:53:53 +0000] "POST /mobius-yt HTTP/1.1" 400 - "-" "Mozilla/5.0 (Windows NT 10.0; WOW64) AppleWebKit/537.36 (KHTML, like Gecko) Chrome/48.0.2564.116 Safari/537.36"
::1 - - [12/Mar/2016:11:53:54 +0000] "POST /mobius-yt HTTP/1.1" 400 - "-" "Mozilla/5.0 (Windows NT 10.0; WOW64) AppleWebKit/537.36 (KHTML, like Gecko) Chrome/48.0.2564.116 Safari/537.36"
::1 - - [12/Mar/2016:11:53:55 +0000] "POST /mobius-yt HTTP/1.1" 400 - "-" "Mozilla/5.0 (Windows NT 10.0; WOW64) AppleWebKit/537.36 (KHTML, like Gecko) Chrome/48.0.2564.116 Safari/537.36"
::1 - - [12/Mar/2016:11:53:55 +0000] "POST /mobius-yt HTTP/1.1" 400 - "-" "Mozilla/5.0 (Windows NT 10.0; WOW64) AppleWebKit/537.36 (KHTML, like Gecko) Chrome/48.0.2564.116 Safari/537.36"
::1 - - [12/Mar/2016:11:53:55 +0000] "POST /mobius-yt HTTP/1.1" 400 - "-" "Mozilla/5.0 (Windows NT 10.0; WOW64) AppleWebKit/537.36 (KHTML, like Gecko) Chrome/48.0.2564.116 Safari/537.36"
::1 - - [12/Mar/2016:11:53:55 +0000] "POST /mobius-yt HTTP/1.1" 400 - "-" "Mozilla/5.0 (Windows NT 10.0; WOW64) AppleWebKit/537.36 (KHTML, like Gecko) Chrome/48.0.2564.116 Safari/537.36"
::1 - - [12/Mar/2016:11:53:56 +0000] "POST /mobius-yt HTTP/1.1" 400 - "-" "Mozilla/5.0 (Windows NT 10.0; WOW64) AppleWebKit/537.36 (KHTML, like Gecko) Chrome/48.0.2564.116 Safari/537.36"
::1 - - [12/Mar/2016:11:53:56 +0000] "POST /mobius-yt HTTP/1.1" 400 - "-" "Mozilla/5.0 (Windows NT 10.0; WOW64) AppleWebKit/537.36 (KHTML, like Gecko) Chrome/48.0.2564.116 Safari/537.36"
::1 - - [12/Mar/2016:11:53:58 +0000] "POST /mobius-yt HTTP/1.1" 400 - "-" "Mozilla/5.0 (Windows NT 10.0; WOW64) AppleWebKit/537.36 (KHTML, like Gecko) Chrome/48.0.2564.116 Safari/537.36"
::1 - - [12/Mar/2016:11:55:12 +0000] "POST /mobius-yt HTTP/1.1" 400 - "-" "Mozilla/5.0 (Windows NT 10.0; WOW64) AppleWebKit/537.36 (KHTML, like Gecko) Chrome/48.0.2564.116 Safari/537.36"
::1 - - [12/Mar/2016:11:55:16 +0000] "POST /mobius-yt HTTP/1.1" 400 - "-" "Mozilla/5.0 (Windows NT 10.0; WOW64) AppleWebKit/537.36 (KHTML, like Gecko) Chrome/48.0.2564.116 Safari/537.36"
::1 - - [12/Mar/2016:11:55:17 +0000] "POST /mobius-yt HTTP/1.1" 400 - "-" "Mozilla/5.0 (Windows NT 10.0; WOW64) AppleWebKit/537.36 (KHTML, like Gecko) Chrome/48.0.2564.116 Safari/537.36"
::1 - - [12/Mar/2016:11:55:19 +0000] "POST /mobius-yt HTTP/1.1" 400 - "-" "Mozilla/5.0 (Windows NT 10.0; WOW64) AppleWebKit/537.36 (KHTML, like Gecko) Chrome/48.0.2564.116 Safari/537.36"
::1 - - [12/Mar/2016:11:55:21 +0000] "POST /mobius-yt HTTP/1.1" 400 - "-" "Mozilla/5.0 (Windows NT 10.0; WOW64) AppleWebKit/537.36 (KHTML, like Gecko) Chrome/48.0.2564.116 Safari/537.36"
::1 - - [12/Mar/2016:13:07:42 +0000] "POST /mobius-yt HTTP/1.1" 409 - "-" "Mozilla/5.0 (Windows NT 10.0; WOW64) AppleWebKit/537.36 (KHTML, like Gecko) Chrome/48.0.2564.116 Safari/537.36"
::1 - - [12/Mar/2016:14:15:40 +0000] "POST /mobius-yt HTTP/1.1" 400 - "-" "Mozilla/5.0 (Windows NT 10.0; WOW64) AppleWebKit/537.36 (KHTML, like Gecko) Chrome/48.0.2564.116 Safari/537.36"
::1 - - [12/Mar/2016:14:20:50 +0000] "POST /mobius-yt HTTP/1.1" 400 - "-" "Mozilla/5.0 (Windows NT 10.0; WOW64) AppleWebKit/537.36 (KHTML, like Gecko) Chrome/48.0.2564.116 Safari/537.36"
::1 - - [12/Mar/2016:14:21:18 +0000] "POST /mobius-yt HTTP/1.1" 400 - "-" "Mozilla/5.0 (Windows NT 10.0; WOW64) AppleWebKit/537.36 (KHTML, like Gecko) Chrome/48.0.2564.116 Safari/537.36"
